{"C:\\Users\\marco\\Documents\\GitHub\\Trento_Smart_Mountain\\backend\\src\\app.js": {"path":"C:\\Users\\marco\\Documents\\GitHub\\Trento_Smart_Mountain\\backend\\src\\app.js","statementMap":{"0":{"start":{"line":22,"column":24},"end":{"line":24,"column":1}},"1":{"start":{"line":26,"column":12},"end":{"line":26,"column":21}},"2":{"start":{"line":30,"column":0},"end":{"line":37,"column":3}},"3":{"start":{"line":31,"column":2},"end":{"line":35,"column":3}},"4":{"start":{"line":32,"column":21},"end":{"line":32,"column":52}},"5":{"start":{"line":33,"column":4},"end":{"line":33,"column":73}},"6":{"start":{"line":34,"column":4},"end":{"line":34,"column":39}},"7":{"start":{"line":36,"column":2},"end":{"line":36,"column":9}},"8":{"start":{"line":39,"column":0},"end":{"line":39,"column":24}},"9":{"start":{"line":40,"column":0},"end":{"line":40,"column":48}},"10":{"start":{"line":41,"column":0},"end":{"line":41,"column":16}},"11":{"start":{"line":44,"column":0},"end":{"line":44,"column":72}},"12":{"start":{"line":47,"column":0},"end":{"line":47,"column":29}},"13":{"start":{"line":48,"column":0},"end":{"line":48,"column":32}},"14":{"start":{"line":49,"column":0},"end":{"line":49,"column":34}},"15":{"start":{"line":50,"column":0},"end":{"line":50,"column":31}},"16":{"start":{"line":51,"column":0},"end":{"line":51,"column":47}},"17":{"start":{"line":52,"column":0},"end":{"line":52,"column":35}},"18":{"start":{"line":61,"column":0},"end":{"line":78,"column":3}},"19":{"start":{"line":62,"column":15},"end":{"line":62,"column":29}},"20":{"start":{"line":63,"column":2},"end":{"line":63,"column":103}},"21":{"start":{"line":64,"column":2},"end":{"line":77,"column":3}},"22":{"start":{"line":65,"column":4},"end":{"line":72,"column":5}},"23":{"start":{"line":66,"column":31},"end":{"line":66,"column":74}},"24":{"start":{"line":68,"column":6},"end":{"line":70,"column":7}},"25":{"start":{"line":69,"column":8},"end":{"line":69,"column":57}},"26":{"start":{"line":71,"column":6},"end":{"line":71,"column":36}},"27":{"start":{"line":73,"column":28},"end":{"line":73,"column":70}},"28":{"start":{"line":74,"column":4},"end":{"line":74,"column":33}},"29":{"start":{"line":76,"column":4},"end":{"line":76,"column":14}},"30":{"start":{"line":80,"column":0},"end":{"line":91,"column":3}},"31":{"start":{"line":81,"column":2},"end":{"line":90,"column":3}},"32":{"start":{"line":82,"column":17},"end":{"line":82,"column":80}},"33":{"start":{"line":83,"column":4},"end":{"line":83,"column":79}},"34":{"start":{"line":83,"column":15},"end":{"line":83,"column":79}},"35":{"start":{"line":84,"column":4},"end":{"line":84,"column":31}},"36":{"start":{"line":86,"column":4},"end":{"line":88,"column":5}},"37":{"start":{"line":87,"column":6},"end":{"line":87,"column":72}},"38":{"start":{"line":89,"column":4},"end":{"line":89,"column":53}},"39":{"start":{"line":93,"column":0},"end":{"line":93,"column":25}},"40":{"start":{"line":94,"column":0},"end":{"line":94,"column":28}}},"fnMap":{"0":{"name":"(anonymous_0)","decl":{"start":{"line":30,"column":8},"end":{"line":30,"column":9}},"loc":{"start":{"line":30,"column":28},"end":{"line":37,"column":1}},"line":30},"1":{"name":"(anonymous_1)","decl":{"start":{"line":61,"column":19},"end":{"line":61,"column":20}},"loc":{"start":{"line":61,"column":45},"end":{"line":78,"column":1}},"line":61},"2":{"name":"(anonymous_2)","decl":{"start":{"line":80,"column":33},"end":{"line":80,"column":34}},"loc":{"start":{"line":80,"column":53},"end":{"line":91,"column":1}},"line":80}},"branchMap":{"0":{"loc":{"start":{"line":31,"column":2},"end":{"line":35,"column":3}},"type":"if","locations":[{"start":{"line":31,"column":2},"end":{"line":35,"column":3}},{"start":{},"end":{}}],"line":31},"1":{"loc":{"start":{"line":65,"column":4},"end":{"line":72,"column":5}},"type":"if","locations":[{"start":{"line":65,"column":4},"end":{"line":72,"column":5}},{"start":{},"end":{}}],"line":65},"2":{"loc":{"start":{"line":68,"column":6},"end":{"line":70,"column":7}},"type":"if","locations":[{"start":{"line":68,"column":6},"end":{"line":70,"column":7}},{"start":{},"end":{}}],"line":68},"3":{"loc":{"start":{"line":83,"column":4},"end":{"line":83,"column":79}},"type":"if","locations":[{"start":{"line":83,"column":4},"end":{"line":83,"column":79}},{"start":{},"end":{}}],"line":83},"4":{"loc":{"start":{"line":86,"column":4},"end":{"line":88,"column":5}},"type":"if","locations":[{"start":{"line":86,"column":4},"end":{"line":88,"column":5}},{"start":{},"end":{}}],"line":86}},"s":{"0":3,"1":3,"2":3,"3":25,"4":0,"5":0,"6":0,"7":25,"8":3,"9":3,"10":3,"11":3,"12":3,"13":3,"14":3,"15":3,"16":3,"17":3,"18":3,"19":0,"20":0,"21":0,"22":0,"23":0,"24":0,"25":0,"26":0,"27":0,"28":0,"29":0,"30":3,"31":0,"32":0,"33":0,"34":0,"35":0,"36":0,"37":0,"38":0,"39":3,"40":3},"f":{"0":25,"1":0,"2":0},"b":{"0":[0,25],"1":[0,0],"2":[0,0],"3":[0,0],"4":[0,0]},"inputSourceMap":null,"_coverageSchema":"1a1c01bbd47fc00a2c39e90264f33305004495a9","hash":"6225319954c6ddd576e4657bf3ec0a7956909758"}
,"C:\\Users\\marco\\Documents\\GitHub\\Trento_Smart_Mountain\\backend\\src\\middleware\\authMiddleware.js": {"path":"C:\\Users\\marco\\Documents\\GitHub\\Trento_Smart_Mountain\\backend\\src\\middleware\\authMiddleware.js","statementMap":{"0":{"start":{"line":3,"column":28},"end":{"line":17,"column":1}},"1":{"start":{"line":4,"column":16},"end":{"line":4,"column":56}},"2":{"start":{"line":6,"column":2},"end":{"line":8,"column":3}},"3":{"start":{"line":7,"column":4},"end":{"line":7,"column":67}},"4":{"start":{"line":10,"column":2},"end":{"line":16,"column":3}},"5":{"start":{"line":11,"column":20},"end":{"line":11,"column":61}},"6":{"start":{"line":12,"column":4},"end":{"line":12,"column":23}},"7":{"start":{"line":13,"column":4},"end":{"line":13,"column":11}},"8":{"start":{"line":15,"column":4},"end":{"line":15,"column":67}}},"fnMap":{"0":{"name":"(anonymous_0)","decl":{"start":{"line":3,"column":28},"end":{"line":3,"column":29}},"loc":{"start":{"line":3,"column":48},"end":{"line":17,"column":1}},"line":3}},"branchMap":{"0":{"loc":{"start":{"line":6,"column":2},"end":{"line":8,"column":3}},"type":"if","locations":[{"start":{"line":6,"column":2},"end":{"line":8,"column":3}},{"start":{},"end":{}}],"line":6}},"s":{"0":3,"1":14,"2":14,"3":3,"4":11,"5":11,"6":8,"7":8,"8":3},"f":{"0":14},"b":{"0":[3,11]},"inputSourceMap":null,"_coverageSchema":"1a1c01bbd47fc00a2c39e90264f33305004495a9","hash":"e0ba8fdf92de7b24a9ebc42801a1b4de15b1ae02"}
,"C:\\Users\\marco\\Documents\\GitHub\\Trento_Smart_Mountain\\backend\\src\\middleware\\authorizationMiddleware.js": {"path":"C:\\Users\\marco\\Documents\\GitHub\\Trento_Smart_Mountain\\backend\\src\\middleware\\authorizationMiddleware.js","statementMap":{"0":{"start":{"line":1,"column":28},"end":{"line":6,"column":1}},"1":{"start":{"line":1,"column":49},"end":{"line":6,"column":1}},"2":{"start":{"line":2,"column":2},"end":{"line":4,"column":3}},"3":{"start":{"line":3,"column":4},"end":{"line":3,"column":59}},"4":{"start":{"line":5,"column":2},"end":{"line":5,"column":9}}},"fnMap":{"0":{"name":"(anonymous_0)","decl":{"start":{"line":1,"column":28},"end":{"line":1,"column":29}},"loc":{"start":{"line":1,"column":49},"end":{"line":6,"column":1}},"line":1},"1":{"name":"(anonymous_1)","decl":{"start":{"line":1,"column":49},"end":{"line":1,"column":50}},"loc":{"start":{"line":1,"column":69},"end":{"line":6,"column":1}},"line":1}},"branchMap":{"0":{"loc":{"start":{"line":2,"column":2},"end":{"line":4,"column":3}},"type":"if","locations":[{"start":{"line":2,"column":2},"end":{"line":4,"column":3}},{"start":{},"end":{}}],"line":2},"1":{"loc":{"start":{"line":2,"column":6},"end":{"line":2,"column":56}},"type":"binary-expr","locations":[{"start":{"line":2,"column":6},"end":{"line":2,"column":15}},{"start":{"line":2,"column":19},"end":{"line":2,"column":56}}],"line":2}},"s":{"0":3,"1":9,"2":0,"3":0,"4":0},"f":{"0":9,"1":0},"b":{"0":[0,0],"1":[0,0]},"inputSourceMap":null,"_coverageSchema":"1a1c01bbd47fc00a2c39e90264f33305004495a9","hash":"cbca7253690f5353f643c3661044908a86909429"}
,"C:\\Users\\marco\\Documents\\GitHub\\Trento_Smart_Mountain\\backend\\src\\middleware\\errorMiddleware.js": {"path":"C:\\Users\\marco\\Documents\\GitHub\\Trento_Smart_Mountain\\backend\\src\\middleware\\errorMiddleware.js","statementMap":{"0":{"start":{"line":2,"column":34},"end":{"line":14,"column":1}},"1":{"start":{"line":4,"column":2},"end":{"line":4,"column":51}},"2":{"start":{"line":6,"column":21},"end":{"line":6,"column":42}},"3":{"start":{"line":8,"column":2},"end":{"line":13,"column":5}},"4":{"start":{"line":16,"column":31},"end":{"line":18,"column":1}},"5":{"start":{"line":17,"column":2},"end":{"line":17,"column":58}}},"fnMap":{"0":{"name":"(anonymous_0)","decl":{"start":{"line":2,"column":34},"end":{"line":2,"column":35}},"loc":{"start":{"line":2,"column":59},"end":{"line":14,"column":1}},"line":2},"1":{"name":"(anonymous_1)","decl":{"start":{"line":16,"column":31},"end":{"line":16,"column":32}},"loc":{"start":{"line":16,"column":51},"end":{"line":18,"column":1}},"line":16}},"branchMap":{"0":{"loc":{"start":{"line":6,"column":21},"end":{"line":6,"column":42}},"type":"binary-expr","locations":[{"start":{"line":6,"column":21},"end":{"line":6,"column":35}},{"start":{"line":6,"column":39},"end":{"line":6,"column":42}}],"line":6},"1":{"loc":{"start":{"line":12,"column":11},"end":{"line":12,"column":66}},"type":"cond-expr","locations":[{"start":{"line":12,"column":52},"end":{"line":12,"column":61}},{"start":{"line":12,"column":64},"end":{"line":12,"column":66}}],"line":12}},"s":{"0":3,"1":0,"2":0,"3":0,"4":3,"5":0},"f":{"0":0,"1":0},"b":{"0":[0,0],"1":[0,0]},"inputSourceMap":null,"_coverageSchema":"1a1c01bbd47fc00a2c39e90264f33305004495a9","hash":"bd29b14307e24f0bb0f52d8126a5bdf94c0dac00"}
,"C:\\Users\\marco\\Documents\\GitHub\\Trento_Smart_Mountain\\backend\\src\\models\\admin.js": {"path":"C:\\Users\\marco\\Documents\\GitHub\\Trento_Smart_Mountain\\backend\\src\\models\\admin.js","statementMap":{"0":{"start":{"line":13,"column":20},"end":{"line":15,"column":2}},"1":{"start":{"line":17,"column":14},"end":{"line":17,"column":54}}},"fnMap":{},"branchMap":{},"s":{"0":3,"1":3},"f":{},"b":{},"inputSourceMap":null,"_coverageSchema":"1a1c01bbd47fc00a2c39e90264f33305004495a9","hash":"7d016dc2f9e5d51c45df17560616a0ec8a34fe08"}
,"C:\\Users\\marco\\Documents\\GitHub\\Trento_Smart_Mountain\\backend\\src\\models\\hikeSession.js": {"path":"C:\\Users\\marco\\Documents\\GitHub\\Trento_Smart_Mountain\\backend\\src\\models\\hikeSession.js","statementMap":{"0":{"start":{"line":2,"column":19},"end":{"line":2,"column":27}},"1":{"start":{"line":4,"column":25},"end":{"line":86,"column":2}},"2":{"start":{"line":91,"column":0},"end":{"line":91,"column":84}},"3":{"start":{"line":93,"column":20},"end":{"line":93,"column":67}}},"fnMap":{},"branchMap":{},"s":{"0":3,"1":3,"2":3,"3":3},"f":{},"b":{},"inputSourceMap":null,"_coverageSchema":"1a1c01bbd47fc00a2c39e90264f33305004495a9","hash":"49892d58110549c05b25408ab513d4d41c0df7da"}
,"C:\\Users\\marco\\Documents\\GitHub\\Trento_Smart_Mountain\\backend\\src\\models\\hiker.js": {"path":"C:\\Users\\marco\\Documents\\GitHub\\Trento_Smart_Mountain\\backend\\src\\models\\hiker.js","statementMap":{"0":{"start":{"line":13,"column":20},"end":{"line":16,"column":2}},"1":{"start":{"line":18,"column":14},"end":{"line":18,"column":60}}},"fnMap":{},"branchMap":{},"s":{"0":3,"1":3},"f":{},"b":{},"inputSourceMap":null,"_coverageSchema":"1a1c01bbd47fc00a2c39e90264f33305004495a9","hash":"61a4f150e8ed48b7cee13f895e8860a9a7b9a087"}
,"C:\\Users\\marco\\Documents\\GitHub\\Trento_Smart_Mountain\\backend\\src\\models\\location.js": {"path":"C:\\Users\\marco\\Documents\\GitHub\\Trento_Smart_Mountain\\backend\\src\\models\\location.js","statementMap":{"0":{"start":{"line":4,"column":27},"end":{"line":26,"column":18}},"1":{"start":{"line":28,"column":23},"end":{"line":55,"column":24}},"2":{"start":{"line":57,"column":0},"end":{"line":57,"column":47}},"3":{"start":{"line":58,"column":0},"end":{"line":58,"column":47}}},"fnMap":{},"branchMap":{},"s":{"0":3,"1":3,"2":3,"3":3},"f":{},"b":{},"inputSourceMap":null,"_coverageSchema":"1a1c01bbd47fc00a2c39e90264f33305004495a9","hash":"561f43a8d0882972f529f730269ac33dcae70e4b"}
,"C:\\Users\\marco\\Documents\\GitHub\\Trento_Smart_Mountain\\backend\\src\\models\\refuge.js": {"path":"C:\\Users\\marco\\Documents\\GitHub\\Trento_Smart_Mountain\\backend\\src\\models\\refuge.js","statementMap":{"0":{"start":{"line":14,"column":21},"end":{"line":24,"column":2}},"1":{"start":{"line":26,"column":15},"end":{"line":26,"column":58}}},"fnMap":{},"branchMap":{},"s":{"0":3,"1":3},"f":{},"b":{},"inputSourceMap":null,"_coverageSchema":"1a1c01bbd47fc00a2c39e90264f33305004495a9","hash":"83b988086a69a852595d318f03f028fd52720693"}
,"C:\\Users\\marco\\Documents\\GitHub\\Trento_Smart_Mountain\\backend\\src\\models\\user.js": {"path":"C:\\Users\\marco\\Documents\\GitHub\\Trento_Smart_Mountain\\backend\\src\\models\\user.js","statementMap":{"0":{"start":{"line":2,"column":19},"end":{"line":2,"column":27}},"1":{"start":{"line":21,"column":19},"end":{"line":54,"column":1}},"2":{"start":{"line":57,"column":0},"end":{"line":61,"column":3}},"3":{"start":{"line":63,"column":13},"end":{"line":63,"column":47}}},"fnMap":{},"branchMap":{},"s":{"0":3,"1":3,"2":3,"3":3},"f":{},"b":{},"inputSourceMap":null,"_coverageSchema":"1a1c01bbd47fc00a2c39e90264f33305004495a9","hash":"c849a12269b7faa073a3fb6e119e392d22257048"}
,"C:\\Users\\marco\\Documents\\GitHub\\Trento_Smart_Mountain\\backend\\src\\routes\\adminRoutes.js": {"path":"C:\\Users\\marco\\Documents\\GitHub\\Trento_Smart_Mountain\\backend\\src\\routes\\adminRoutes.js","statementMap":{"0":{"start":{"line":12,"column":15},"end":{"line":12,"column":31}},"1":{"start":{"line":26,"column":0},"end":{"line":26,"column":25}},"2":{"start":{"line":27,"column":0},"end":{"line":27,"column":34}},"3":{"start":{"line":29,"column":0},"end":{"line":29,"column":35}},"4":{"start":{"line":30,"column":0},"end":{"line":30,"column":35}},"5":{"start":{"line":31,"column":0},"end":{"line":31,"column":41}},"6":{"start":{"line":32,"column":0},"end":{"line":32,"column":40}},"7":{"start":{"line":33,"column":0},"end":{"line":33,"column":43}}},"fnMap":{},"branchMap":{},"s":{"0":3,"1":3,"2":3,"3":3,"4":3,"5":3,"6":3,"7":3},"f":{},"b":{},"inputSourceMap":null,"_coverageSchema":"1a1c01bbd47fc00a2c39e90264f33305004495a9","hash":"80a9b7430e50b50b9fc6765db83130c1d7b2c546"}
,"C:\\Users\\marco\\Documents\\GitHub\\Trento_Smart_Mountain\\backend\\src\\routes\\authRoutes.js": {"path":"C:\\Users\\marco\\Documents\\GitHub\\Trento_Smart_Mountain\\backend\\src\\routes\\authRoutes.js","statementMap":{"0":{"start":{"line":12,"column":15},"end":{"line":12,"column":31}},"1":{"start":{"line":31,"column":0},"end":{"line":31,"column":33}},"2":{"start":{"line":32,"column":0},"end":{"line":32,"column":42}},"3":{"start":{"line":33,"column":0},"end":{"line":33,"column":48}},"4":{"start":{"line":34,"column":0},"end":{"line":34,"column":59}},"5":{"start":{"line":35,"column":0},"end":{"line":35,"column":53}},"6":{"start":{"line":38,"column":0},"end":{"line":38,"column":44}},"7":{"start":{"line":39,"column":0},"end":{"line":39,"column":46}}},"fnMap":{},"branchMap":{},"s":{"0":3,"1":3,"2":3,"3":3,"4":3,"5":3,"6":3,"7":3},"f":{},"b":{},"inputSourceMap":null,"_coverageSchema":"1a1c01bbd47fc00a2c39e90264f33305004495a9","hash":"04738f8098207865bc120b2ccf29ca0d198be659"}
,"C:\\Users\\marco\\Documents\\GitHub\\Trento_Smart_Mountain\\backend\\src\\routes\\hikeSessionRoutes.js": {"path":"C:\\Users\\marco\\Documents\\GitHub\\Trento_Smart_Mountain\\backend\\src\\routes\\hikeSessionRoutes.js","statementMap":{"0":{"start":{"line":17,"column":15},"end":{"line":17,"column":31}},"1":{"start":{"line":20,"column":0},"end":{"line":20,"column":25}},"2":{"start":{"line":23,"column":0},"end":{"line":56,"column":3}},"3":{"start":{"line":33,"column":6},"end":{"line":33,"column":14}},"4":{"start":{"line":35,"column":2},"end":{"line":37,"column":3}},"5":{"start":{"line":36,"column":4},"end":{"line":36,"column":77}},"6":{"start":{"line":39,"column":2},"end":{"line":55,"column":3}},"7":{"start":{"line":40,"column":24},"end":{"line":48,"column":5}},"8":{"start":{"line":49,"column":20},"end":{"line":49,"column":83}},"9":{"start":{"line":50,"column":4},"end":{"line":50,"column":34}},"10":{"start":{"line":52,"column":4},"end":{"line":53,"column":147}},"11":{"start":{"line":53,"column":6},"end":{"line":53,"column":147}},"12":{"start":{"line":54,"column":4},"end":{"line":54,"column":65}},"13":{"start":{"line":59,"column":0},"end":{"line":80,"column":3}},"14":{"start":{"line":60,"column":25},"end":{"line":60,"column":33}},"15":{"start":{"line":62,"column":2},"end":{"line":64,"column":3}},"16":{"start":{"line":63,"column":4},"end":{"line":63,"column":75}},"17":{"start":{"line":66,"column":2},"end":{"line":79,"column":3}},"18":{"start":{"line":67,"column":20},"end":{"line":67,"column":66}},"19":{"start":{"line":68,"column":4},"end":{"line":68,"column":34}},"20":{"start":{"line":70,"column":4},"end":{"line":71,"column":149}},"21":{"start":{"line":71,"column":6},"end":{"line":71,"column":149}},"22":{"start":{"line":72,"column":4},"end":{"line":73,"column":73}},"23":{"start":{"line":73,"column":6},"end":{"line":73,"column":73}},"24":{"start":{"line":74,"column":4},"end":{"line":75,"column":77}},"25":{"start":{"line":75,"column":6},"end":{"line":75,"column":77}},"26":{"start":{"line":76,"column":4},"end":{"line":77,"column":75}},"27":{"start":{"line":77,"column":6},"end":{"line":77,"column":75}},"28":{"start":{"line":78,"column":4},"end":{"line":78,"column":78}},"29":{"start":{"line":84,"column":0},"end":{"line":92,"column":3}},"30":{"start":{"line":85,"column":15},"end":{"line":85,"column":67}},"31":{"start":{"line":86,"column":2},"end":{"line":91,"column":3}},"32":{"start":{"line":87,"column":18},"end":{"line":87,"column":63}},"33":{"start":{"line":88,"column":4},"end":{"line":88,"column":32}},"34":{"start":{"line":90,"column":4},"end":{"line":90,"column":70}},"35":{"start":{"line":95,"column":0},"end":{"line":102,"column":3}},"36":{"start":{"line":96,"column":2},"end":{"line":101,"column":3}},"37":{"start":{"line":97,"column":21},"end":{"line":97,"column":61}},"38":{"start":{"line":98,"column":4},"end":{"line":98,"column":35}},"39":{"start":{"line":100,"column":4},"end":{"line":100,"column":64}},"40":{"start":{"line":105,"column":0},"end":{"line":114,"column":3}},"41":{"start":{"line":106,"column":2},"end":{"line":113,"column":3}},"42":{"start":{"line":107,"column":20},"end":{"line":107,"column":55}},"43":{"start":{"line":108,"column":4},"end":{"line":109,"column":69}},"44":{"start":{"line":109,"column":6},"end":{"line":109,"column":69}},"45":{"start":{"line":110,"column":4},"end":{"line":110,"column":34}},"46":{"start":{"line":112,"column":4},"end":{"line":112,"column":53}},"47":{"start":{"line":117,"column":0},"end":{"line":143,"column":3}},"48":{"start":{"line":118,"column":21},"end":{"line":118,"column":29}},"49":{"start":{"line":119,"column":24},"end":{"line":119,"column":71}},"50":{"start":{"line":121,"column":2},"end":{"line":125,"column":3}},"51":{"start":{"line":122,"column":4},"end":{"line":124,"column":7}},"52":{"start":{"line":127,"column":2},"end":{"line":142,"column":3}},"53":{"start":{"line":128,"column":20},"end":{"line":132,"column":5}},"54":{"start":{"line":133,"column":4},"end":{"line":133,"column":34}},"55":{"start":{"line":135,"column":4},"end":{"line":136,"column":69}},"56":{"start":{"line":136,"column":6},"end":{"line":136,"column":69}},"57":{"start":{"line":137,"column":4},"end":{"line":140,"column":74}},"58":{"start":{"line":138,"column":6},"end":{"line":140,"column":74}},"59":{"start":{"line":141,"column":4},"end":{"line":141,"column":66}},"60":{"start":{"line":146,"column":0},"end":{"line":155,"column":3}},"61":{"start":{"line":147,"column":2},"end":{"line":154,"column":3}},"62":{"start":{"line":148,"column":20},"end":{"line":148,"column":70}},"63":{"start":{"line":149,"column":4},"end":{"line":149,"column":34}},"64":{"start":{"line":151,"column":4},"end":{"line":151,"column":108}},"65":{"start":{"line":151,"column":45},"end":{"line":151,"column":108}},"66":{"start":{"line":152,"column":4},"end":{"line":152,"column":167}},"67":{"start":{"line":152,"column":48},"end":{"line":152,"column":167}},"68":{"start":{"line":153,"column":4},"end":{"line":153,"column":81}},"69":{"start":{"line":158,"column":0},"end":{"line":167,"column":3}},"70":{"start":{"line":159,"column":2},"end":{"line":166,"column":3}},"71":{"start":{"line":160,"column":20},"end":{"line":160,"column":88}},"72":{"start":{"line":161,"column":4},"end":{"line":161,"column":34}},"73":{"start":{"line":163,"column":4},"end":{"line":163,"column":108}},"74":{"start":{"line":163,"column":45},"end":{"line":163,"column":108}},"75":{"start":{"line":164,"column":4},"end":{"line":164,"column":125}},"76":{"start":{"line":164,"column":37},"end":{"line":164,"column":125}},"77":{"start":{"line":165,"column":4},"end":{"line":165,"column":69}},"78":{"start":{"line":170,"column":0},"end":{"line":183,"column":3}},"79":{"start":{"line":171,"column":2},"end":{"line":182,"column":3}},"80":{"start":{"line":172,"column":4},"end":{"line":172,"column":56}},"81":{"start":{"line":173,"column":4},"end":{"line":173,"column":60}},"82":{"start":{"line":175,"column":4},"end":{"line":176,"column":69}},"83":{"start":{"line":176,"column":6},"end":{"line":176,"column":69}},"84":{"start":{"line":177,"column":4},"end":{"line":180,"column":73}},"85":{"start":{"line":178,"column":6},"end":{"line":180,"column":73}},"86":{"start":{"line":181,"column":4},"end":{"line":181,"column":68}}},"fnMap":{"0":{"name":"(anonymous_0)","decl":{"start":{"line":23,"column":17},"end":{"line":23,"column":18}},"loc":{"start":{"line":23,"column":37},"end":{"line":56,"column":1}},"line":23},"1":{"name":"(anonymous_1)","decl":{"start":{"line":59,"column":21},"end":{"line":59,"column":22}},"loc":{"start":{"line":59,"column":41},"end":{"line":80,"column":1}},"line":59},"2":{"name":"(anonymous_2)","decl":{"start":{"line":84,"column":21},"end":{"line":84,"column":22}},"loc":{"start":{"line":84,"column":41},"end":{"line":92,"column":1}},"line":84},"3":{"name":"(anonymous_3)","decl":{"start":{"line":95,"column":18},"end":{"line":95,"column":19}},"loc":{"start":{"line":95,"column":38},"end":{"line":102,"column":1}},"line":95},"4":{"name":"(anonymous_4)","decl":{"start":{"line":105,"column":19},"end":{"line":105,"column":20}},"loc":{"start":{"line":105,"column":39},"end":{"line":114,"column":1}},"line":105},"5":{"name":"(anonymous_5)","decl":{"start":{"line":117,"column":28},"end":{"line":117,"column":29}},"loc":{"start":{"line":117,"column":48},"end":{"line":143,"column":1}},"line":117},"6":{"name":"(anonymous_6)","decl":{"start":{"line":146,"column":26},"end":{"line":146,"column":27}},"loc":{"start":{"line":146,"column":46},"end":{"line":155,"column":1}},"line":146},"7":{"name":"(anonymous_7)","decl":{"start":{"line":158,"column":21},"end":{"line":158,"column":22}},"loc":{"start":{"line":158,"column":41},"end":{"line":167,"column":1}},"line":158},"8":{"name":"(anonymous_8)","decl":{"start":{"line":170,"column":22},"end":{"line":170,"column":23}},"loc":{"start":{"line":170,"column":42},"end":{"line":183,"column":1}},"line":170}},"branchMap":{"0":{"loc":{"start":{"line":35,"column":2},"end":{"line":37,"column":3}},"type":"if","locations":[{"start":{"line":35,"column":2},"end":{"line":37,"column":3}},{"start":{},"end":{}}],"line":35},"1":{"loc":{"start":{"line":35,"column":6},"end":{"line":35,"column":41}},"type":"binary-expr","locations":[{"start":{"line":35,"column":6},"end":{"line":35,"column":19}},{"start":{"line":35,"column":23},"end":{"line":35,"column":41}}],"line":35},"2":{"loc":{"start":{"line":41,"column":10},"end":{"line":41,"column":40}},"type":"binary-expr","locations":[{"start":{"line":41,"column":10},"end":{"line":41,"column":21}},{"start":{"line":41,"column":25},"end":{"line":41,"column":40}}],"line":41},"3":{"loc":{"start":{"line":42,"column":10},"end":{"line":42,"column":40}},"type":"binary-expr","locations":[{"start":{"line":42,"column":10},"end":{"line":42,"column":21}},{"start":{"line":42,"column":25},"end":{"line":42,"column":40}}],"line":42},"4":{"loc":{"start":{"line":43,"column":10},"end":{"line":43,"column":48}},"type":"binary-expr","locations":[{"start":{"line":43,"column":10},"end":{"line":43,"column":25}},{"start":{"line":43,"column":29},"end":{"line":43,"column":48}}],"line":43},"5":{"loc":{"start":{"line":44,"column":10},"end":{"line":44,"column":48}},"type":"binary-expr","locations":[{"start":{"line":44,"column":10},"end":{"line":44,"column":25}},{"start":{"line":44,"column":29},"end":{"line":44,"column":48}}],"line":44},"6":{"loc":{"start":{"line":45,"column":10},"end":{"line":45,"column":54}},"type":"binary-expr","locations":[{"start":{"line":45,"column":10},"end":{"line":45,"column":28}},{"start":{"line":45,"column":32},"end":{"line":45,"column":54}}],"line":45},"7":{"loc":{"start":{"line":46,"column":10},"end":{"line":46,"column":40}},"type":"binary-expr","locations":[{"start":{"line":46,"column":10},"end":{"line":46,"column":21}},{"start":{"line":46,"column":25},"end":{"line":46,"column":40}}],"line":46},"8":{"loc":{"start":{"line":47,"column":10},"end":{"line":47,"column":34}},"type":"binary-expr","locations":[{"start":{"line":47,"column":10},"end":{"line":47,"column":18}},{"start":{"line":47,"column":22},"end":{"line":47,"column":34}}],"line":47},"9":{"loc":{"start":{"line":52,"column":4},"end":{"line":53,"column":147}},"type":"if","locations":[{"start":{"line":52,"column":4},"end":{"line":53,"column":147}},{"start":{},"end":{}}],"line":52},"10":{"loc":{"start":{"line":62,"column":2},"end":{"line":64,"column":3}},"type":"if","locations":[{"start":{"line":62,"column":2},"end":{"line":64,"column":3}},{"start":{},"end":{}}],"line":62},"11":{"loc":{"start":{"line":70,"column":4},"end":{"line":71,"column":149}},"type":"if","locations":[{"start":{"line":70,"column":4},"end":{"line":71,"column":149}},{"start":{},"end":{}}],"line":70},"12":{"loc":{"start":{"line":72,"column":4},"end":{"line":73,"column":73}},"type":"if","locations":[{"start":{"line":72,"column":4},"end":{"line":73,"column":73}},{"start":{},"end":{}}],"line":72},"13":{"loc":{"start":{"line":74,"column":4},"end":{"line":75,"column":77}},"type":"if","locations":[{"start":{"line":74,"column":4},"end":{"line":75,"column":77}},{"start":{},"end":{}}],"line":74},"14":{"loc":{"start":{"line":76,"column":4},"end":{"line":77,"column":75}},"type":"if","locations":[{"start":{"line":76,"column":4},"end":{"line":77,"column":75}},{"start":{},"end":{}}],"line":76},"15":{"loc":{"start":{"line":85,"column":15},"end":{"line":85,"column":67}},"type":"binary-expr","locations":[{"start":{"line":85,"column":15},"end":{"line":85,"column":39}},{"start":{"line":85,"column":43},"end":{"line":85,"column":67}}],"line":85},"16":{"loc":{"start":{"line":108,"column":4},"end":{"line":109,"column":69}},"type":"if","locations":[{"start":{"line":108,"column":4},"end":{"line":109,"column":69}},{"start":{},"end":{}}],"line":108},"17":{"loc":{"start":{"line":121,"column":2},"end":{"line":125,"column":3}},"type":"if","locations":[{"start":{"line":121,"column":2},"end":{"line":125,"column":3}},{"start":{},"end":{}}],"line":121},"18":{"loc":{"start":{"line":135,"column":4},"end":{"line":136,"column":69}},"type":"if","locations":[{"start":{"line":135,"column":4},"end":{"line":136,"column":69}},{"start":{},"end":{}}],"line":135},"19":{"loc":{"start":{"line":137,"column":4},"end":{"line":140,"column":74}},"type":"if","locations":[{"start":{"line":137,"column":4},"end":{"line":140,"column":74}},{"start":{},"end":{}}],"line":137},"20":{"loc":{"start":{"line":151,"column":4},"end":{"line":151,"column":108}},"type":"if","locations":[{"start":{"line":151,"column":4},"end":{"line":151,"column":108}},{"start":{},"end":{}}],"line":151},"21":{"loc":{"start":{"line":152,"column":4},"end":{"line":152,"column":167}},"type":"if","locations":[{"start":{"line":152,"column":4},"end":{"line":152,"column":167}},{"start":{},"end":{}}],"line":152},"22":{"loc":{"start":{"line":163,"column":4},"end":{"line":163,"column":108}},"type":"if","locations":[{"start":{"line":163,"column":4},"end":{"line":163,"column":108}},{"start":{},"end":{}}],"line":163},"23":{"loc":{"start":{"line":164,"column":4},"end":{"line":164,"column":125}},"type":"if","locations":[{"start":{"line":164,"column":4},"end":{"line":164,"column":125}},{"start":{},"end":{}}],"line":164},"24":{"loc":{"start":{"line":175,"column":4},"end":{"line":176,"column":69}},"type":"if","locations":[{"start":{"line":175,"column":4},"end":{"line":176,"column":69}},{"start":{},"end":{}}],"line":175},"25":{"loc":{"start":{"line":177,"column":4},"end":{"line":180,"column":73}},"type":"if","locations":[{"start":{"line":177,"column":4},"end":{"line":180,"column":73}},{"start":{},"end":{}}],"line":177}},"s":{"0":3,"1":3,"2":3,"3":0,"4":0,"5":0,"6":0,"7":0,"8":0,"9":0,"10":0,"11":0,"12":0,"13":3,"14":0,"15":0,"16":0,"17":0,"18":0,"19":0,"20":0,"21":0,"22":0,"23":0,"24":0,"25":0,"26":0,"27":0,"28":0,"29":3,"30":0,"31":0,"32":0,"33":0,"34":0,"35":3,"36":0,"37":0,"38":0,"39":0,"40":3,"41":0,"42":0,"43":0,"44":0,"45":0,"46":0,"47":3,"48":0,"49":0,"50":0,"51":0,"52":0,"53":0,"54":0,"55":0,"56":0,"57":0,"58":0,"59":0,"60":3,"61":0,"62":0,"63":0,"64":0,"65":0,"66":0,"67":0,"68":0,"69":3,"70":0,"71":0,"72":0,"73":0,"74":0,"75":0,"76":0,"77":0,"78":3,"79":0,"80":0,"81":0,"82":0,"83":0,"84":0,"85":0,"86":0},"f":{"0":0,"1":0,"2":0,"3":0,"4":0,"5":0,"6":0,"7":0,"8":0},"b":{"0":[0,0],"1":[0,0],"2":[0,0],"3":[0,0],"4":[0,0],"5":[0,0],"6":[0,0],"7":[0,0],"8":[0,0],"9":[0,0],"10":[0,0],"11":[0,0],"12":[0,0],"13":[0,0],"14":[0,0],"15":[0,0],"16":[0,0],"17":[0,0],"18":[0,0],"19":[0,0],"20":[0,0],"21":[0,0],"22":[0,0],"23":[0,0],"24":[0,0],"25":[0,0]},"inputSourceMap":null,"_coverageSchema":"1a1c01bbd47fc00a2c39e90264f33305004495a9","hash":"e97bd72211f1024ba074e47d71a4b9f68445b051"}
,"C:\\Users\\marco\\Documents\\GitHub\\Trento_Smart_Mountain\\backend\\src\\routes\\hikerRoutes.js": {"path":"C:\\Users\\marco\\Documents\\GitHub\\Trento_Smart_Mountain\\backend\\src\\routes\\hikerRoutes.js","statementMap":{"0":{"start":{"line":5,"column":15},"end":{"line":5,"column":31}},"1":{"start":{"line":18,"column":0},"end":{"line":18,"column":30}},"2":{"start":{"line":19,"column":0},"end":{"line":19,"column":47}},"3":{"start":{"line":20,"column":0},"end":{"line":20,"column":46}}},"fnMap":{},"branchMap":{},"s":{"0":3,"1":3,"2":3,"3":3},"f":{},"b":{},"inputSourceMap":null,"_coverageSchema":"1a1c01bbd47fc00a2c39e90264f33305004495a9","hash":"cdda1640f0e4f2d2ac5becac49a737aca48cd93d"}
,"C:\\Users\\marco\\Documents\\GitHub\\Trento_Smart_Mountain\\backend\\src\\routes\\refugeRoutes.js": {"path":"C:\\Users\\marco\\Documents\\GitHub\\Trento_Smart_Mountain\\backend\\src\\routes\\refugeRoutes.js","statementMap":{"0":{"start":{"line":10,"column":15},"end":{"line":10,"column":31}},"1":{"start":{"line":23,"column":0},"end":{"line":23,"column":31}},"2":{"start":{"line":24,"column":0},"end":{"line":24,"column":29}},"3":{"start":{"line":25,"column":0},"end":{"line":25,"column":48}},"4":{"start":{"line":26,"column":0},"end":{"line":26,"column":47}}},"fnMap":{},"branchMap":{},"s":{"0":3,"1":3,"2":3,"3":3,"4":3},"f":{},"b":{},"inputSourceMap":null,"_coverageSchema":"1a1c01bbd47fc00a2c39e90264f33305004495a9","hash":"3f85f93c99d12a7ec40b7f6db7d7c4140af39484"}
,"C:\\Users\\marco\\Documents\\GitHub\\Trento_Smart_Mountain\\backend\\src\\routes\\weatherRoutes.js": {"path":"C:\\Users\\marco\\Documents\\GitHub\\Trento_Smart_Mountain\\backend\\src\\routes\\weatherRoutes.js","statementMap":{"0":{"start":{"line":24,"column":15},"end":{"line":24,"column":23}},"1":{"start":{"line":29,"column":21},"end":{"line":30,"column":49}},"2":{"start":{"line":29,"column":29},"end":{"line":30,"column":49}},"3":{"start":{"line":30,"column":2},"end":{"line":30,"column":49}},"4":{"start":{"line":39,"column":0},"end":{"line":58,"column":2}},"5":{"start":{"line":42,"column":31},"end":{"line":42,"column":40}},"6":{"start":{"line":44,"column":4},"end":{"line":48,"column":5}},"7":{"start":{"line":45,"column":6},"end":{"line":47,"column":9}},"8":{"start":{"line":51,"column":20},"end":{"line":54,"column":6}},"9":{"start":{"line":56,"column":4},"end":{"line":56,"column":49}},"10":{"start":{"line":66,"column":0},"end":{"line":88,"column":2}},"11":{"start":{"line":69,"column":51},"end":{"line":69,"column":60}},"12":{"start":{"line":71,"column":4},"end":{"line":73,"column":5}},"13":{"start":{"line":72,"column":6},"end":{"line":72,"column":84}},"14":{"start":{"line":76,"column":20},"end":{"line":84,"column":5}},"15":{"start":{"line":86,"column":4},"end":{"line":86,"column":49}},"16":{"start":{"line":99,"column":0},"end":{"line":132,"column":2}},"17":{"start":{"line":102,"column":27},"end":{"line":102,"column":37}},"18":{"start":{"line":103,"column":25},"end":{"line":103,"column":58}},"19":{"start":{"line":105,"column":19},"end":{"line":105,"column":74}},"20":{"start":{"line":107,"column":4},"end":{"line":130,"column":7}},"21":{"start":{"line":141,"column":0},"end":{"line":159,"column":2}},"22":{"start":{"line":146,"column":27},"end":{"line":146,"column":37}},"23":{"start":{"line":148,"column":20},"end":{"line":148,"column":61}},"24":{"start":{"line":150,"column":4},"end":{"line":157,"column":7}},"25":{"start":{"line":168,"column":0},"end":{"line":179,"column":2}},"26":{"start":{"line":173,"column":19},"end":{"line":173,"column":40}},"27":{"start":{"line":174,"column":4},"end":{"line":177,"column":7}},"28":{"start":{"line":183,"column":0},"end":{"line":188,"column":3}},"29":{"start":{"line":184,"column":2},"end":{"line":184,"column":76}},"30":{"start":{"line":186,"column":17},"end":{"line":186,"column":64}},"31":{"start":{"line":187,"column":2},"end":{"line":187,"column":50}}},"fnMap":{"0":{"name":"(anonymous_0)","decl":{"start":{"line":29,"column":21},"end":{"line":29,"column":22}},"loc":{"start":{"line":29,"column":29},"end":{"line":30,"column":49}},"line":29},"1":{"name":"(anonymous_1)","decl":{"start":{"line":29,"column":29},"end":{"line":29,"column":30}},"loc":{"start":{"line":30,"column":2},"end":{"line":30,"column":49}},"line":30},"2":{"name":"(anonymous_2)","decl":{"start":{"line":41,"column":15},"end":{"line":41,"column":16}},"loc":{"start":{"line":41,"column":35},"end":{"line":57,"column":3}},"line":41},"3":{"name":"(anonymous_3)","decl":{"start":{"line":68,"column":15},"end":{"line":68,"column":16}},"loc":{"start":{"line":68,"column":35},"end":{"line":87,"column":3}},"line":68},"4":{"name":"(anonymous_4)","decl":{"start":{"line":101,"column":15},"end":{"line":101,"column":16}},"loc":{"start":{"line":101,"column":35},"end":{"line":131,"column":3}},"line":101},"5":{"name":"(anonymous_5)","decl":{"start":{"line":145,"column":15},"end":{"line":145,"column":16}},"loc":{"start":{"line":145,"column":35},"end":{"line":158,"column":3}},"line":145},"6":{"name":"(anonymous_6)","decl":{"start":{"line":172,"column":15},"end":{"line":172,"column":16}},"loc":{"start":{"line":172,"column":35},"end":{"line":178,"column":3}},"line":172},"7":{"name":"(anonymous_7)","decl":{"start":{"line":183,"column":11},"end":{"line":183,"column":12}},"loc":{"start":{"line":183,"column":37},"end":{"line":188,"column":1}},"line":183}},"branchMap":{"0":{"loc":{"start":{"line":44,"column":4},"end":{"line":48,"column":5}},"type":"if","locations":[{"start":{"line":44,"column":4},"end":{"line":48,"column":5}},{"start":{},"end":{}}],"line":44},"1":{"loc":{"start":{"line":44,"column":8},"end":{"line":44,"column":33}},"type":"binary-expr","locations":[{"start":{"line":44,"column":8},"end":{"line":44,"column":10}},{"start":{"line":44,"column":14},"end":{"line":44,"column":33}}],"line":44},"2":{"loc":{"start":{"line":53,"column":13},"end":{"line":53,"column":45}},"type":"cond-expr","locations":[{"start":{"line":53,"column":21},"end":{"line":53,"column":40}},{"start":{"line":53,"column":43},"end":{"line":53,"column":45}}],"line":53},"3":{"loc":{"start":{"line":71,"column":4},"end":{"line":73,"column":5}},"type":"if","locations":[{"start":{"line":71,"column":4},"end":{"line":73,"column":5}},{"start":{},"end":{}}],"line":71},"4":{"loc":{"start":{"line":71,"column":8},"end":{"line":71,"column":20}},"type":"binary-expr","locations":[{"start":{"line":71,"column":8},"end":{"line":71,"column":12}},{"start":{"line":71,"column":16},"end":{"line":71,"column":20}}],"line":71},"5":{"loc":{"start":{"line":80,"column":21},"end":{"line":80,"column":69}},"type":"cond-expr","locations":[{"start":{"line":80,"column":35},"end":{"line":80,"column":60}},{"start":{"line":80,"column":63},"end":{"line":80,"column":69}}],"line":80},"6":{"loc":{"start":{"line":82,"column":15},"end":{"line":82,"column":46}},"type":"cond-expr","locations":[{"start":{"line":82,"column":23},"end":{"line":82,"column":42}},{"start":{"line":82,"column":45},"end":{"line":82,"column":46}}],"line":82},"7":{"loc":{"start":{"line":116,"column":10},"end":{"line":121,"column":7}},"type":"binary-expr","locations":[{"start":{"line":116,"column":10},"end":{"line":116,"column":40}},{"start":{"line":116,"column":44},"end":{"line":121,"column":7}}],"line":116},"8":{"loc":{"start":{"line":154,"column":15},"end":{"line":154,"column":54}},"type":"binary-expr","locations":[{"start":{"line":154,"column":15},"end":{"line":154,"column":48}},{"start":{"line":154,"column":53},"end":{"line":154,"column":54}}],"line":154},"9":{"loc":{"start":{"line":155,"column":15},"end":{"line":155,"column":54}},"type":"binary-expr","locations":[{"start":{"line":155,"column":15},"end":{"line":155,"column":49}},{"start":{"line":155,"column":53},"end":{"line":155,"column":54}}],"line":155},"10":{"loc":{"start":{"line":186,"column":17},"end":{"line":186,"column":64}},"type":"cond-expr","locations":[{"start":{"line":186,"column":55},"end":{"line":186,"column":58}},{"start":{"line":186,"column":61},"end":{"line":186,"column":64}}],"line":186}},"s":{"0":3,"1":3,"2":15,"3":0,"4":3,"5":0,"6":0,"7":0,"8":0,"9":0,"10":3,"11":0,"12":0,"13":0,"14":0,"15":0,"16":3,"17":0,"18":0,"19":0,"20":0,"21":3,"22":0,"23":0,"24":0,"25":3,"26":0,"27":0,"28":3,"29":0,"30":0,"31":0},"f":{"0":15,"1":0,"2":0,"3":0,"4":0,"5":0,"6":0,"7":0},"b":{"0":[0,0],"1":[0,0],"2":[0,0],"3":[0,0],"4":[0,0],"5":[0,0],"6":[0,0],"7":[0,0],"8":[0,0],"9":[0,0],"10":[0,0]},"inputSourceMap":null,"_coverageSchema":"1a1c01bbd47fc00a2c39e90264f33305004495a9","hash":"7814ba0eeef3f30268f036ca581b3e5f6e53eeeb"}
,"C:\\Users\\marco\\Documents\\GitHub\\Trento_Smart_Mountain\\backend\\src\\services\\adminService.js": {"path":"C:\\Users\\marco\\Documents\\GitHub\\Trento_Smart_Mountain\\backend\\src\\services\\adminService.js","statementMap":{"0":{"start":{"line":18,"column":27},"end":{"line":47,"column":1}},"1":{"start":{"line":23,"column":2},"end":{"line":46,"column":3}},"2":{"start":{"line":24,"column":42},"end":{"line":24,"column":50}},"3":{"start":{"line":25,"column":4},"end":{"line":29,"column":5}},"4":{"start":{"line":26,"column":6},"end":{"line":28,"column":9}},"5":{"start":{"line":30,"column":25},"end":{"line":30,"column":56}},"6":{"start":{"line":32,"column":18},"end":{"line":37,"column":6}},"7":{"start":{"line":38,"column":18},"end":{"line":38,"column":36}},"8":{"start":{"line":39,"column":54},"end":{"line":39,"column":70}},"9":{"start":{"line":40,"column":4},"end":{"line":40,"column":74}},"10":{"start":{"line":42,"column":4},"end":{"line":44,"column":5}},"11":{"start":{"line":43,"column":6},"end":{"line":43,"column":79}},"12":{"start":{"line":45,"column":4},"end":{"line":45,"column":53}},"13":{"start":{"line":52,"column":28},"end":{"line":63,"column":1}},"14":{"start":{"line":57,"column":2},"end":{"line":62,"column":3}},"15":{"start":{"line":58,"column":18},"end":{"line":58,"column":64}},"16":{"start":{"line":59,"column":4},"end":{"line":59,"column":32}},"17":{"start":{"line":61,"column":4},"end":{"line":61,"column":53}},"18":{"start":{"line":68,"column":30},"end":{"line":85,"column":1}},"19":{"start":{"line":73,"column":2},"end":{"line":84,"column":3}},"20":{"start":{"line":74,"column":17},"end":{"line":74,"column":80}},"21":{"start":{"line":75,"column":4},"end":{"line":77,"column":5}},"22":{"start":{"line":76,"column":6},"end":{"line":76,"column":70}},"23":{"start":{"line":78,"column":4},"end":{"line":78,"column":31}},"24":{"start":{"line":80,"column":4},"end":{"line":82,"column":5}},"25":{"start":{"line":81,"column":6},"end":{"line":81,"column":72}},"26":{"start":{"line":83,"column":4},"end":{"line":83,"column":53}},"27":{"start":{"line":90,"column":29},"end":{"line":130,"column":1}},"28":{"start":{"line":95,"column":2},"end":{"line":129,"column":3}},"29":{"start":{"line":96,"column":27},"end":{"line":106,"column":5}},"30":{"start":{"line":107,"column":20},"end":{"line":107,"column":22}},"31":{"start":{"line":108,"column":4},"end":{"line":110,"column":5}},"32":{"start":{"line":109,"column":6},"end":{"line":109,"column":68}},"33":{"start":{"line":109,"column":39},"end":{"line":109,"column":68}},"34":{"start":{"line":112,"column":20},"end":{"line":115,"column":35}},"35":{"start":{"line":117,"column":4},"end":{"line":119,"column":5}},"36":{"start":{"line":118,"column":6},"end":{"line":118,"column":70}},"37":{"start":{"line":120,"column":4},"end":{"line":120,"column":34}},"38":{"start":{"line":122,"column":4},"end":{"line":124,"column":5}},"39":{"start":{"line":123,"column":6},"end":{"line":123,"column":72}},"40":{"start":{"line":125,"column":4},"end":{"line":127,"column":5}},"41":{"start":{"line":126,"column":6},"end":{"line":126,"column":79}},"42":{"start":{"line":128,"column":4},"end":{"line":128,"column":53}},"43":{"start":{"line":135,"column":29},"end":{"line":152,"column":1}},"44":{"start":{"line":140,"column":2},"end":{"line":151,"column":3}},"45":{"start":{"line":141,"column":20},"end":{"line":141,"column":63}},"46":{"start":{"line":142,"column":4},"end":{"line":144,"column":5}},"47":{"start":{"line":143,"column":6},"end":{"line":143,"column":70}},"48":{"start":{"line":145,"column":4},"end":{"line":145,"column":72}},"49":{"start":{"line":147,"column":4},"end":{"line":149,"column":5}},"50":{"start":{"line":148,"column":6},"end":{"line":148,"column":72}},"51":{"start":{"line":150,"column":4},"end":{"line":150,"column":53}}},"fnMap":{"0":{"name":"(anonymous_0)","decl":{"start":{"line":18,"column":27},"end":{"line":18,"column":28}},"loc":{"start":{"line":18,"column":47},"end":{"line":47,"column":1}},"line":18},"1":{"name":"(anonymous_1)","decl":{"start":{"line":52,"column":28},"end":{"line":52,"column":29}},"loc":{"start":{"line":52,"column":48},"end":{"line":63,"column":1}},"line":52},"2":{"name":"(anonymous_2)","decl":{"start":{"line":68,"column":30},"end":{"line":68,"column":31}},"loc":{"start":{"line":68,"column":50},"end":{"line":85,"column":1}},"line":68},"3":{"name":"(anonymous_3)","decl":{"start":{"line":90,"column":29},"end":{"line":90,"column":30}},"loc":{"start":{"line":90,"column":49},"end":{"line":130,"column":1}},"line":90},"4":{"name":"(anonymous_4)","decl":{"start":{"line":135,"column":29},"end":{"line":135,"column":30}},"loc":{"start":{"line":135,"column":49},"end":{"line":152,"column":1}},"line":135}},"branchMap":{"0":{"loc":{"start":{"line":25,"column":4},"end":{"line":29,"column":5}},"type":"if","locations":[{"start":{"line":25,"column":4},"end":{"line":29,"column":5}},{"start":{},"end":{}}],"line":25},"1":{"loc":{"start":{"line":25,"column":8},"end":{"line":25,"column":40}},"type":"binary-expr","locations":[{"start":{"line":25,"column":8},"end":{"line":25,"column":17}},{"start":{"line":25,"column":21},"end":{"line":25,"column":27}},{"start":{"line":25,"column":31},"end":{"line":25,"column":40}}],"line":25},"2":{"loc":{"start":{"line":42,"column":4},"end":{"line":44,"column":5}},"type":"if","locations":[{"start":{"line":42,"column":4},"end":{"line":44,"column":5}},{"start":{},"end":{}}],"line":42},"3":{"loc":{"start":{"line":75,"column":4},"end":{"line":77,"column":5}},"type":"if","locations":[{"start":{"line":75,"column":4},"end":{"line":77,"column":5}},{"start":{},"end":{}}],"line":75},"4":{"loc":{"start":{"line":80,"column":4},"end":{"line":82,"column":5}},"type":"if","locations":[{"start":{"line":80,"column":4},"end":{"line":82,"column":5}},{"start":{},"end":{}}],"line":80},"5":{"loc":{"start":{"line":109,"column":6},"end":{"line":109,"column":68}},"type":"if","locations":[{"start":{"line":109,"column":6},"end":{"line":109,"column":68}},{"start":{},"end":{}}],"line":109},"6":{"loc":{"start":{"line":117,"column":4},"end":{"line":119,"column":5}},"type":"if","locations":[{"start":{"line":117,"column":4},"end":{"line":119,"column":5}},{"start":{},"end":{}}],"line":117},"7":{"loc":{"start":{"line":122,"column":4},"end":{"line":124,"column":5}},"type":"if","locations":[{"start":{"line":122,"column":4},"end":{"line":124,"column":5}},{"start":{},"end":{}}],"line":122},"8":{"loc":{"start":{"line":125,"column":4},"end":{"line":127,"column":5}},"type":"if","locations":[{"start":{"line":125,"column":4},"end":{"line":127,"column":5}},{"start":{},"end":{}}],"line":125},"9":{"loc":{"start":{"line":142,"column":4},"end":{"line":144,"column":5}},"type":"if","locations":[{"start":{"line":142,"column":4},"end":{"line":144,"column":5}},{"start":{},"end":{}}],"line":142},"10":{"loc":{"start":{"line":147,"column":4},"end":{"line":149,"column":5}},"type":"if","locations":[{"start":{"line":147,"column":4},"end":{"line":149,"column":5}},{"start":{},"end":{}}],"line":147}},"s":{"0":3,"1":0,"2":0,"3":0,"4":0,"5":0,"6":0,"7":0,"8":0,"9":0,"10":0,"11":0,"12":0,"13":3,"14":0,"15":0,"16":0,"17":0,"18":3,"19":0,"20":0,"21":0,"22":0,"23":0,"24":0,"25":0,"26":0,"27":3,"28":0,"29":0,"30":0,"31":0,"32":0,"33":0,"34":0,"35":0,"36":0,"37":0,"38":0,"39":0,"40":0,"41":0,"42":0,"43":3,"44":0,"45":0,"46":0,"47":0,"48":0,"49":0,"50":0,"51":0},"f":{"0":0,"1":0,"2":0,"3":0,"4":0},"b":{"0":[0,0],"1":[0,0,0],"2":[0,0],"3":[0,0],"4":[0,0],"5":[0,0],"6":[0,0],"7":[0,0],"8":[0,0],"9":[0,0],"10":[0,0]},"inputSourceMap":null,"_coverageSchema":"1a1c01bbd47fc00a2c39e90264f33305004495a9","hash":"0ad0b62b2fddb4f8ff541df17994deda80f7102d"}
,"C:\\Users\\marco\\Documents\\GitHub\\Trento_Smart_Mountain\\backend\\src\\services\\authService.js": {"path":"C:\\Users\\marco\\Documents\\GitHub\\Trento_Smart_Mountain\\backend\\src\\services\\authService.js","statementMap":{"0":{"start":{"line":7,"column":27},"end":{"line":27,"column":1}},"1":{"start":{"line":8,"column":2},"end":{"line":26,"column":3}},"2":{"start":{"line":9,"column":22},"end":{"line":9,"column":32}},"3":{"start":{"line":10,"column":17},"end":{"line":10,"column":65}},"4":{"start":{"line":11,"column":4},"end":{"line":13,"column":5}},"5":{"start":{"line":12,"column":6},"end":{"line":12,"column":79}},"6":{"start":{"line":14,"column":4},"end":{"line":14,"column":27}},"7":{"start":{"line":15,"column":4},"end":{"line":15,"column":39}},"8":{"start":{"line":16,"column":4},"end":{"line":16,"column":22}},"9":{"start":{"line":17,"column":21},"end":{"line":21,"column":5}},"10":{"start":{"line":22,"column":4},"end":{"line":22,"column":55}},"11":{"start":{"line":24,"column":4},"end":{"line":24,"column":58}},"12":{"start":{"line":25,"column":4},"end":{"line":25,"column":67}},"13":{"start":{"line":29,"column":25},"end":{"line":52,"column":1}},"14":{"start":{"line":30,"column":2},"end":{"line":51,"column":3}},"15":{"start":{"line":31,"column":32},"end":{"line":31,"column":40}},"16":{"start":{"line":32,"column":17},"end":{"line":32,"column":46}},"17":{"start":{"line":33,"column":4},"end":{"line":33,"column":83}},"18":{"start":{"line":33,"column":15},"end":{"line":33,"column":83}},"19":{"start":{"line":35,"column":28},"end":{"line":35,"column":77}},"20":{"start":{"line":36,"column":4},"end":{"line":36,"column":94}},"21":{"start":{"line":36,"column":26},"end":{"line":36,"column":94}},"22":{"start":{"line":38,"column":4},"end":{"line":42,"column":5}},"23":{"start":{"line":39,"column":6},"end":{"line":41,"column":9}},"24":{"start":{"line":43,"column":18},"end":{"line":47,"column":5}},"25":{"start":{"line":48,"column":4},"end":{"line":48,"column":36}},"26":{"start":{"line":50,"column":4},"end":{"line":50,"column":53}},"27":{"start":{"line":54,"column":30},"end":{"line":76,"column":1}},"28":{"start":{"line":55,"column":2},"end":{"line":75,"column":3}},"29":{"start":{"line":56,"column":22},"end":{"line":56,"column":30}},"30":{"start":{"line":57,"column":4},"end":{"line":57,"column":80}},"31":{"start":{"line":57,"column":16},"end":{"line":57,"column":80}},"32":{"start":{"line":59,"column":17},"end":{"line":59,"column":46}},"33":{"start":{"line":60,"column":4},"end":{"line":70,"column":5}},"34":{"start":{"line":61,"column":20},"end":{"line":61,"column":58}},"35":{"start":{"line":62,"column":6},"end":{"line":62,"column":38}},"36":{"start":{"line":63,"column":6},"end":{"line":63,"column":72}},"37":{"start":{"line":64,"column":6},"end":{"line":64,"column":24}},"38":{"start":{"line":65,"column":6},"end":{"line":69,"column":7}},"39":{"start":{"line":66,"column":8},"end":{"line":66,"column":51}},"40":{"start":{"line":68,"column":8},"end":{"line":68,"column":64}},"41":{"start":{"line":72,"column":4},"end":{"line":72,"column":102}},"42":{"start":{"line":74,"column":4},"end":{"line":74,"column":53}},"43":{"start":{"line":78,"column":36},"end":{"line":101,"column":1}},"44":{"start":{"line":79,"column":20},"end":{"line":79,"column":30}},"45":{"start":{"line":80,"column":2},"end":{"line":100,"column":23}},"46":{"start":{"line":103,"column":29},"end":{"line":141,"column":1}},"47":{"start":{"line":104,"column":17},"end":{"line":104,"column":43}},"48":{"start":{"line":105,"column":2},"end":{"line":140,"column":3}},"49":{"start":{"line":106,"column":22},"end":{"line":106,"column":32}},"50":{"start":{"line":107,"column":21},"end":{"line":107,"column":38}},"51":{"start":{"line":108,"column":28},"end":{"line":108,"column":52}},"52":{"start":{"line":110,"column":4},"end":{"line":112,"column":5}},"53":{"start":{"line":111,"column":6},"end":{"line":111,"column":93}},"54":{"start":{"line":113,"column":4},"end":{"line":116,"column":5}},"55":{"start":{"line":114,"column":6},"end":{"line":114,"column":94}},"56":{"start":{"line":114,"column":18},"end":{"line":114,"column":94}},"57":{"start":{"line":115,"column":6},"end":{"line":115,"column":104}},"58":{"start":{"line":118,"column":17},"end":{"line":121,"column":6}},"59":{"start":{"line":122,"column":4},"end":{"line":125,"column":5}},"60":{"start":{"line":123,"column":6},"end":{"line":123,"column":90}},"61":{"start":{"line":123,"column":18},"end":{"line":123,"column":90}},"62":{"start":{"line":124,"column":6},"end":{"line":124,"column":114}},"63":{"start":{"line":127,"column":4},"end":{"line":127,"column":56}},"64":{"start":{"line":128,"column":4},"end":{"line":128,"column":40}},"65":{"start":{"line":129,"column":4},"end":{"line":129,"column":42}},"66":{"start":{"line":130,"column":4},"end":{"line":130,"column":22}},"67":{"start":{"line":132,"column":4},"end":{"line":132,"column":94}},"68":{"start":{"line":132,"column":16},"end":{"line":132,"column":94}},"69":{"start":{"line":133,"column":4},"end":{"line":136,"column":21}},"70":{"start":{"line":138,"column":4},"end":{"line":138,"column":72}},"71":{"start":{"line":138,"column":16},"end":{"line":138,"column":72}},"72":{"start":{"line":139,"column":4},"end":{"line":139,"column":77}}},"fnMap":{"0":{"name":"(anonymous_0)","decl":{"start":{"line":7,"column":27},"end":{"line":7,"column":28}},"loc":{"start":{"line":7,"column":47},"end":{"line":27,"column":1}},"line":7},"1":{"name":"(anonymous_1)","decl":{"start":{"line":29,"column":25},"end":{"line":29,"column":26}},"loc":{"start":{"line":29,"column":45},"end":{"line":52,"column":1}},"line":29},"2":{"name":"(anonymous_2)","decl":{"start":{"line":54,"column":30},"end":{"line":54,"column":31}},"loc":{"start":{"line":54,"column":50},"end":{"line":76,"column":1}},"line":54},"3":{"name":"(anonymous_3)","decl":{"start":{"line":78,"column":36},"end":{"line":78,"column":37}},"loc":{"start":{"line":78,"column":50},"end":{"line":101,"column":1}},"line":78},"4":{"name":"(anonymous_4)","decl":{"start":{"line":103,"column":29},"end":{"line":103,"column":30}},"loc":{"start":{"line":103,"column":49},"end":{"line":141,"column":1}},"line":103}},"branchMap":{"0":{"loc":{"start":{"line":11,"column":4},"end":{"line":13,"column":5}},"type":"if","locations":[{"start":{"line":11,"column":4},"end":{"line":13,"column":5}},{"start":{},"end":{}}],"line":11},"1":{"loc":{"start":{"line":20,"column":19},"end":{"line":20,"column":53}},"type":"binary-expr","locations":[{"start":{"line":20,"column":19},"end":{"line":20,"column":45}},{"start":{"line":20,"column":49},"end":{"line":20,"column":53}}],"line":20},"2":{"loc":{"start":{"line":33,"column":4},"end":{"line":33,"column":83}},"type":"if","locations":[{"start":{"line":33,"column":4},"end":{"line":33,"column":83}},{"start":{},"end":{}}],"line":33},"3":{"loc":{"start":{"line":36,"column":4},"end":{"line":36,"column":94}},"type":"if","locations":[{"start":{"line":36,"column":4},"end":{"line":36,"column":94}},{"start":{},"end":{}}],"line":36},"4":{"loc":{"start":{"line":38,"column":4},"end":{"line":42,"column":5}},"type":"if","locations":[{"start":{"line":38,"column":4},"end":{"line":42,"column":5}},{"start":{},"end":{}}],"line":38},"5":{"loc":{"start":{"line":46,"column":19},"end":{"line":46,"column":53}},"type":"binary-expr","locations":[{"start":{"line":46,"column":19},"end":{"line":46,"column":45}},{"start":{"line":46,"column":49},"end":{"line":46,"column":53}}],"line":46},"6":{"loc":{"start":{"line":57,"column":4},"end":{"line":57,"column":80}},"type":"if","locations":[{"start":{"line":57,"column":4},"end":{"line":57,"column":80}},{"start":{},"end":{}}],"line":57},"7":{"loc":{"start":{"line":60,"column":4},"end":{"line":70,"column":5}},"type":"if","locations":[{"start":{"line":60,"column":4},"end":{"line":70,"column":5}},{"start":{},"end":{}}],"line":60},"8":{"loc":{"start":{"line":110,"column":4},"end":{"line":112,"column":5}},"type":"if","locations":[{"start":{"line":110,"column":4},"end":{"line":112,"column":5}},{"start":{},"end":{}}],"line":110},"9":{"loc":{"start":{"line":110,"column":8},"end":{"line":110,"column":47}},"type":"binary-expr","locations":[{"start":{"line":110,"column":8},"end":{"line":110,"column":15}},{"start":{"line":110,"column":19},"end":{"line":110,"column":47}}],"line":110},"10":{"loc":{"start":{"line":113,"column":4},"end":{"line":116,"column":5}},"type":"if","locations":[{"start":{"line":113,"column":4},"end":{"line":116,"column":5}},{"start":{},"end":{}}],"line":113},"11":{"loc":{"start":{"line":113,"column":8},"end":{"line":113,"column":40}},"type":"binary-expr","locations":[{"start":{"line":113,"column":8},"end":{"line":113,"column":17}},{"start":{"line":113,"column":21},"end":{"line":113,"column":40}}],"line":113},"12":{"loc":{"start":{"line":114,"column":6},"end":{"line":114,"column":94}},"type":"if","locations":[{"start":{"line":114,"column":6},"end":{"line":114,"column":94}},{"start":{},"end":{}}],"line":114},"13":{"loc":{"start":{"line":122,"column":4},"end":{"line":125,"column":5}},"type":"if","locations":[{"start":{"line":122,"column":4},"end":{"line":125,"column":5}},{"start":{},"end":{}}],"line":122},"14":{"loc":{"start":{"line":123,"column":6},"end":{"line":123,"column":90}},"type":"if","locations":[{"start":{"line":123,"column":6},"end":{"line":123,"column":90}},{"start":{},"end":{}}],"line":123},"15":{"loc":{"start":{"line":132,"column":4},"end":{"line":132,"column":94}},"type":"if","locations":[{"start":{"line":132,"column":4},"end":{"line":132,"column":94}},{"start":{},"end":{}}],"line":132},"16":{"loc":{"start":{"line":138,"column":4},"end":{"line":138,"column":72}},"type":"if","locations":[{"start":{"line":138,"column":4},"end":{"line":138,"column":72}},{"start":{},"end":{}}],"line":138}},"s":{"0":3,"1":0,"2":0,"3":0,"4":0,"5":0,"6":0,"7":0,"8":0,"9":0,"10":0,"11":0,"12":0,"13":3,"14":6,"15":6,"16":6,"17":6,"18":3,"19":3,"20":3,"21":1,"22":2,"23":1,"24":1,"25":1,"26":0,"27":3,"28":0,"29":0,"30":0,"31":0,"32":0,"33":0,"34":0,"35":0,"36":0,"37":0,"38":0,"39":0,"40":0,"41":0,"42":0,"43":3,"44":0,"45":0,"46":3,"47":0,"48":0,"49":0,"50":0,"51":0,"52":0,"53":0,"54":0,"55":0,"56":0,"57":0,"58":0,"59":0,"60":0,"61":0,"62":0,"63":0,"64":0,"65":0,"66":0,"67":0,"68":0,"69":0,"70":0,"71":0,"72":0},"f":{"0":0,"1":6,"2":0,"3":0,"4":0},"b":{"0":[0,0],"1":[0,0],"2":[3,3],"3":[1,2],"4":[1,1],"5":[1,1],"6":[0,0],"7":[0,0],"8":[0,0],"9":[0,0],"10":[0,0],"11":[0,0],"12":[0,0],"13":[0,0],"14":[0,0],"15":[0,0],"16":[0,0]},"inputSourceMap":null,"_coverageSchema":"1a1c01bbd47fc00a2c39e90264f33305004495a9","hash":"e1b599b4ca1509f84c8cd483e5cb9084bb3df34d"}
,"C:\\Users\\marco\\Documents\\GitHub\\Trento_Smart_Mountain\\backend\\src\\services\\emailService.js": {"path":"C:\\Users\\marco\\Documents\\GitHub\\Trento_Smart_Mountain\\backend\\src\\services\\emailService.js","statementMap":{"0":{"start":{"line":23,"column":17},"end":{"line":23,"column":86}},"1":{"start":{"line":37,"column":2},"end":{"line":37,"column":24}},"2":{"start":{"line":37,"column":12},"end":{"line":37,"column":24}},"3":{"start":{"line":38,"column":16},"end":{"line":38,"column":46}},"4":{"start":{"line":39,"column":2},"end":{"line":39,"column":49}},"5":{"start":{"line":48,"column":2},"end":{"line":59,"column":12}},"6":{"start":{"line":63,"column":17},"end":{"line":63,"column":42}},"7":{"start":{"line":64,"column":18},"end":{"line":64,"column":48}},"8":{"start":{"line":65,"column":22},"end":{"line":65,"column":43}},"9":{"start":{"line":68,"column":2},"end":{"line":70,"column":3}},"10":{"start":{"line":69,"column":4},"end":{"line":69,"column":105}},"11":{"start":{"line":71,"column":2},"end":{"line":73,"column":3}},"12":{"start":{"line":72,"column":4},"end":{"line":72,"column":110}},"13":{"start":{"line":76,"column":2},"end":{"line":78,"column":3}},"14":{"start":{"line":77,"column":4},"end":{"line":77,"column":131}},"15":{"start":{"line":79,"column":2},"end":{"line":79,"column":88}},"16":{"start":{"line":81,"column":18},"end":{"line":96,"column":3}},"17":{"start":{"line":99,"column":2},"end":{"line":112,"column":3}},"18":{"start":{"line":100,"column":4},"end":{"line":108,"column":7}},"19":{"start":{"line":110,"column":4},"end":{"line":110,"column":88}},"20":{"start":{"line":111,"column":4},"end":{"line":111,"column":21}},"21":{"start":{"line":114,"column":2},"end":{"line":118,"column":3}},"22":{"start":{"line":115,"column":17},"end":{"line":115,"column":38}},"23":{"start":{"line":116,"column":4},"end":{"line":116,"column":74}},"24":{"start":{"line":117,"column":4},"end":{"line":117,"column":67}},"25":{"start":{"line":120,"column":15},"end":{"line":120,"column":36}},"26":{"start":{"line":121,"column":2},"end":{"line":121,"column":96}},"27":{"start":{"line":128,"column":37},"end":{"line":189,"column":1}},"28":{"start":{"line":129,"column":26},"end":{"line":129,"column":60}},"29":{"start":{"line":131,"column":2},"end":{"line":188,"column":4}},"30":{"start":{"line":194,"column":38},"end":{"line":256,"column":1}},"31":{"start":{"line":195,"column":19},"end":{"line":195,"column":61}},"32":{"start":{"line":197,"column":2},"end":{"line":255,"column":4}}},"fnMap":{"0":{"name":"extractEmail","decl":{"start":{"line":36,"column":9},"end":{"line":36,"column":21}},"loc":{"start":{"line":36,"column":27},"end":{"line":40,"column":1}},"line":36},"1":{"name":"htmlToPlainText","decl":{"start":{"line":47,"column":9},"end":{"line":47,"column":24}},"loc":{"start":{"line":47,"column":31},"end":{"line":60,"column":1}},"line":47},"2":{"name":"sendEmail","decl":{"start":{"line":62,"column":15},"end":{"line":62,"column":24}},"loc":{"start":{"line":62,"column":56},"end":{"line":122,"column":1}},"line":62},"3":{"name":"(anonymous_3)","decl":{"start":{"line":128,"column":37},"end":{"line":128,"column":38}},"loc":{"start":{"line":128,"column":67},"end":{"line":189,"column":1}},"line":128},"4":{"name":"(anonymous_4)","decl":{"start":{"line":194,"column":38},"end":{"line":194,"column":39}},"loc":{"start":{"line":194,"column":68},"end":{"line":256,"column":1}},"line":194}},"branchMap":{"0":{"loc":{"start":{"line":23,"column":18},"end":{"line":23,"column":65}},"type":"binary-expr","locations":[{"start":{"line":23,"column":18},"end":{"line":23,"column":38}},{"start":{"line":23,"column":42},"end":{"line":23,"column":65}}],"line":23},"1":{"loc":{"start":{"line":37,"column":2},"end":{"line":37,"column":24}},"type":"if","locations":[{"start":{"line":37,"column":2},"end":{"line":37,"column":24}},{"start":{},"end":{}}],"line":37},"2":{"loc":{"start":{"line":39,"column":10},"end":{"line":39,"column":40}},"type":"cond-expr","locations":[{"start":{"line":39,"column":18},"end":{"line":39,"column":26}},{"start":{"line":39,"column":29},"end":{"line":39,"column":40}}],"line":39},"3":{"loc":{"start":{"line":68,"column":2},"end":{"line":70,"column":3}},"type":"if","locations":[{"start":{"line":68,"column":2},"end":{"line":70,"column":3}},{"start":{},"end":{}}],"line":68},"4":{"loc":{"start":{"line":71,"column":2},"end":{"line":73,"column":3}},"type":"if","locations":[{"start":{"line":71,"column":2},"end":{"line":73,"column":3}},{"start":{},"end":{}}],"line":71},"5":{"loc":{"start":{"line":76,"column":2},"end":{"line":78,"column":3}},"type":"if","locations":[{"start":{"line":76,"column":2},"end":{"line":78,"column":3}},{"start":{},"end":{}}],"line":76},"6":{"loc":{"start":{"line":114,"column":2},"end":{"line":118,"column":3}},"type":"if","locations":[{"start":{"line":114,"column":2},"end":{"line":118,"column":3}},{"start":{},"end":{}}],"line":114}},"s":{"0":3,"1":1,"2":1,"3":0,"4":0,"5":0,"6":1,"7":1,"8":1,"9":1,"10":1,"11":0,"12":0,"13":0,"14":0,"15":0,"16":0,"17":0,"18":0,"19":0,"20":0,"21":0,"22":0,"23":0,"24":0,"25":0,"26":0,"27":3,"28":1,"29":1,"30":3,"31":0,"32":0},"f":{"0":1,"1":0,"2":1,"3":1,"4":0},"b":{"0":[3,3],"1":[1,0],"2":[0,0],"3":[1,0],"4":[0,0],"5":[0,0],"6":[0,0]},"inputSourceMap":null,"_coverageSchema":"1a1c01bbd47fc00a2c39e90264f33305004495a9","hash":"cb4e53d0db5d76f301ee038c053f14a8cebfad2c"}
,"C:\\Users\\marco\\Documents\\GitHub\\Trento_Smart_Mountain\\backend\\src\\services\\hikeSessionService.js": {"path":"C:\\Users\\marco\\Documents\\GitHub\\Trento_Smart_Mountain\\backend\\src\\services\\hikeSessionService.js","statementMap":{"0":{"start":{"line":7,"column":2},"end":{"line":7,"column":70}},"1":{"start":{"line":15,"column":19},"end":{"line":18,"column":4}},"2":{"start":{"line":20,"column":2},"end":{"line":22,"column":3}},"3":{"start":{"line":21,"column":4},"end":{"line":21,"column":47}},"4":{"start":{"line":27,"column":2},"end":{"line":27,"column":51}},"5":{"start":{"line":29,"column":17},"end":{"line":29,"column":22}},"6":{"start":{"line":31,"column":2},"end":{"line":35,"column":3}},"7":{"start":{"line":32,"column":4},"end":{"line":32,"column":38}},"8":{"start":{"line":33,"column":21},"end":{"line":33,"column":62}},"9":{"start":{"line":34,"column":4},"end":{"line":34,"column":35}},"10":{"start":{"line":34,"column":19},"end":{"line":34,"column":35}},"11":{"start":{"line":37,"column":18},"end":{"line":44,"column":4}},"12":{"start":{"line":46,"column":2},"end":{"line":46,"column":23}},"13":{"start":{"line":49,"column":2},"end":{"line":57,"column":5}},"14":{"start":{"line":59,"column":2},"end":{"line":59,"column":17}},"15":{"start":{"line":68,"column":2},"end":{"line":68,"column":48}},"16":{"start":{"line":69,"column":18},"end":{"line":69,"column":59}},"17":{"start":{"line":70,"column":2},"end":{"line":72,"column":3}},"18":{"start":{"line":71,"column":4},"end":{"line":71,"column":41}},"19":{"start":{"line":74,"column":2},"end":{"line":76,"column":3}},"20":{"start":{"line":75,"column":4},"end":{"line":75,"column":44}},"21":{"start":{"line":78,"column":20},"end":{"line":80,"column":3}},"22":{"start":{"line":79,"column":11},"end":{"line":79,"column":52}},"23":{"start":{"line":81,"column":2},"end":{"line":83,"column":3}},"24":{"start":{"line":82,"column":4},"end":{"line":82,"column":42}},"25":{"start":{"line":85,"column":2},"end":{"line":85,"column":40}},"26":{"start":{"line":86,"column":2},"end":{"line":86,"column":23}},"27":{"start":{"line":88,"column":2},"end":{"line":96,"column":5}},"28":{"start":{"line":100,"column":2},"end":{"line":103,"column":5}},"29":{"start":{"line":121,"column":19},"end":{"line":124,"column":11}},"30":{"start":{"line":126,"column":20},"end":{"line":126,"column":59}},"31":{"start":{"line":127,"column":23},"end":{"line":127,"column":44}},"32":{"start":{"line":128,"column":25},"end":{"line":128,"column":46}},"33":{"start":{"line":129,"column":23},"end":{"line":129,"column":44}},"34":{"start":{"line":131,"column":18},"end":{"line":131,"column":19}},"35":{"start":{"line":132,"column":18},"end":{"line":132,"column":19}},"36":{"start":{"line":133,"column":20},"end":{"line":133,"column":21}},"37":{"start":{"line":134,"column":18},"end":{"line":134,"column":19}},"38":{"start":{"line":136,"column":2},"end":{"line":150,"column":5}},"39":{"start":{"line":137,"column":16},"end":{"line":137,"column":40}},"40":{"start":{"line":138,"column":4},"end":{"line":138,"column":21}},"41":{"start":{"line":138,"column":14},"end":{"line":138,"column":21}},"42":{"start":{"line":139,"column":14},"end":{"line":139,"column":27}},"43":{"start":{"line":140,"column":4},"end":{"line":140,"column":41}},"44":{"start":{"line":140,"column":34},"end":{"line":140,"column":41}},"45":{"start":{"line":141,"column":14},"end":{"line":141,"column":26}},"46":{"start":{"line":142,"column":4},"end":{"line":142,"column":22}},"47":{"start":{"line":143,"column":4},"end":{"line":143,"column":16}},"48":{"start":{"line":144,"column":4},"end":{"line":144,"column":45}},"49":{"start":{"line":145,"column":4},"end":{"line":145,"column":49}},"50":{"start":{"line":146,"column":4},"end":{"line":146,"column":52}},"51":{"start":{"line":147,"column":18},"end":{"line":147,"column":67}},"52":{"start":{"line":148,"column":4},"end":{"line":148,"column":31}},"53":{"start":{"line":149,"column":4},"end":{"line":149,"column":22}},"54":{"start":{"line":152,"column":2},"end":{"line":162,"column":4}},"55":{"start":{"line":160,"column":6},"end":{"line":160,"column":67}},"56":{"start":{"line":171,"column":2},"end":{"line":173,"column":55}},"57":{"start":{"line":178,"column":2},"end":{"line":183,"column":30}},"58":{"start":{"line":188,"column":18},"end":{"line":188,"column":55}},"59":{"start":{"line":189,"column":2},"end":{"line":189,"column":53}},"60":{"start":{"line":189,"column":16},"end":{"line":189,"column":53}},"61":{"start":{"line":190,"column":2},"end":{"line":190,"column":98}},"62":{"start":{"line":190,"column":58},"end":{"line":190,"column":98}},"63":{"start":{"line":191,"column":2},"end":{"line":193,"column":4}},"64":{"start":{"line":192,"column":11},"end":{"line":192,"column":52}},"65":{"start":{"line":194,"column":2},"end":{"line":194,"column":23}},"66":{"start":{"line":197,"column":2},"end":{"line":197,"column":17}},"67":{"start":{"line":202,"column":18},"end":{"line":202,"column":55}},"68":{"start":{"line":203,"column":2},"end":{"line":203,"column":53}},"69":{"start":{"line":203,"column":16},"end":{"line":203,"column":53}},"70":{"start":{"line":204,"column":2},"end":{"line":204,"column":87}},"71":{"start":{"line":204,"column":58},"end":{"line":204,"column":87}},"72":{"start":{"line":206,"column":2},"end":{"line":206,"column":88}},"73":{"start":{"line":206,"column":34},"end":{"line":206,"column":88}},"74":{"start":{"line":207,"column":2},"end":{"line":207,"column":121}},"75":{"start":{"line":207,"column":45},"end":{"line":207,"column":121}},"76":{"start":{"line":208,"column":2},"end":{"line":208,"column":83}},"77":{"start":{"line":208,"column":41},"end":{"line":208,"column":83}},"78":{"start":{"line":209,"column":2},"end":{"line":209,"column":83}},"79":{"start":{"line":209,"column":41},"end":{"line":209,"column":83}},"80":{"start":{"line":210,"column":2},"end":{"line":210,"column":95}},"81":{"start":{"line":210,"column":45},"end":{"line":210,"column":95}},"82":{"start":{"line":211,"column":2},"end":{"line":211,"column":95}},"83":{"start":{"line":211,"column":45},"end":{"line":211,"column":95}},"84":{"start":{"line":212,"column":2},"end":{"line":212,"column":104}},"85":{"start":{"line":212,"column":48},"end":{"line":212,"column":104}},"86":{"start":{"line":214,"column":2},"end":{"line":214,"column":23}},"87":{"start":{"line":218,"column":2},"end":{"line":221,"column":5}},"88":{"start":{"line":230,"column":18},"end":{"line":230,"column":55}},"89":{"start":{"line":232,"column":2},"end":{"line":232,"column":53}},"90":{"start":{"line":232,"column":16},"end":{"line":232,"column":53}},"91":{"start":{"line":234,"column":2},"end":{"line":236,"column":3}},"92":{"start":{"line":235,"column":4},"end":{"line":235,"column":33}},"93":{"start":{"line":238,"column":2},"end":{"line":238,"column":29}},"94":{"start":{"line":239,"column":2},"end":{"line":239,"column":61}},"95":{"start":{"line":239,"column":30},"end":{"line":239,"column":61}},"96":{"start":{"line":240,"column":2},"end":{"line":240,"column":62}},"97":{"start":{"line":240,"column":33},"end":{"line":240,"column":62}},"98":{"start":{"line":242,"column":2},"end":{"line":242,"column":23}},"99":{"start":{"line":243,"column":2},"end":{"line":243,"column":17}},"100":{"start":{"line":252,"column":18},"end":{"line":252,"column":55}},"101":{"start":{"line":254,"column":2},"end":{"line":254,"column":53}},"102":{"start":{"line":254,"column":16},"end":{"line":254,"column":53}},"103":{"start":{"line":255,"column":2},"end":{"line":257,"column":3}},"104":{"start":{"line":256,"column":4},"end":{"line":256,"column":33}},"105":{"start":{"line":259,"column":2},"end":{"line":259,"column":28}}},"fnMap":{"0":{"name":"generateInviteCode","decl":{"start":{"line":6,"column":9},"end":{"line":6,"column":27}},"loc":{"start":{"line":6,"column":30},"end":{"line":8,"column":1}},"line":6},"1":{"name":"checkUserAlreadyInActiveSession","decl":{"start":{"line":14,"column":15},"end":{"line":14,"column":46}},"loc":{"start":{"line":14,"column":55},"end":{"line":23,"column":1}},"line":14},"2":{"name":"createSession","decl":{"start":{"line":26,"column":22},"end":{"line":26,"column":35}},"loc":{"start":{"line":26,"column":79},"end":{"line":60,"column":1}},"line":26},"3":{"name":"joinSession","decl":{"start":{"line":63,"column":22},"end":{"line":63,"column":33}},"loc":{"start":{"line":63,"column":54},"end":{"line":104,"column":1}},"line":63},"4":{"name":"(anonymous_4)","decl":{"start":{"line":79,"column":4},"end":{"line":79,"column":5}},"loc":{"start":{"line":79,"column":11},"end":{"line":79,"column":52}},"line":79},"5":{"name":"getActivityStats","decl":{"start":{"line":120,"column":22},"end":{"line":120,"column":38}},"loc":{"start":{"line":120,"column":53},"end":{"line":163,"column":1}},"line":120},"6":{"name":"(anonymous_6)","decl":{"start":{"line":136,"column":19},"end":{"line":136,"column":20}},"loc":{"start":{"line":136,"column":26},"end":{"line":150,"column":3}},"line":136},"7":{"name":"(anonymous_7)","decl":{"start":{"line":159,"column":43},"end":{"line":159,"column":44}},"loc":{"start":{"line":160,"column":6},"end":{"line":160,"column":67}},"line":160},"8":{"name":"getSessionById","decl":{"start":{"line":166,"column":22},"end":{"line":166,"column":36}},"loc":{"start":{"line":166,"column":48},"end":{"line":174,"column":1}},"line":166},"9":{"name":"getSessionsByUser","decl":{"start":{"line":177,"column":22},"end":{"line":177,"column":39}},"loc":{"start":{"line":177,"column":48},"end":{"line":184,"column":1}},"line":177},"10":{"name":"leaveSession","decl":{"start":{"line":187,"column":22},"end":{"line":187,"column":34}},"loc":{"start":{"line":187,"column":54},"end":{"line":198,"column":1}},"line":187},"11":{"name":"(anonymous_11)","decl":{"start":{"line":192,"column":4},"end":{"line":192,"column":5}},"loc":{"start":{"line":192,"column":11},"end":{"line":192,"column":52}},"line":192},"12":{"name":"updateSessionDetails","decl":{"start":{"line":201,"column":22},"end":{"line":201,"column":42}},"loc":{"start":{"line":201,"column":71},"end":{"line":222,"column":1}},"line":201},"13":{"name":"updateSessionStatus","decl":{"start":{"line":225,"column":22},"end":{"line":225,"column":41}},"loc":{"start":{"line":225,"column":75},"end":{"line":244,"column":1}},"line":225},"14":{"name":"deleteSession","decl":{"start":{"line":247,"column":22},"end":{"line":247,"column":35}},"loc":{"start":{"line":247,"column":58},"end":{"line":260,"column":1}},"line":247}},"branchMap":{"0":{"loc":{"start":{"line":20,"column":2},"end":{"line":22,"column":3}},"type":"if","locations":[{"start":{"line":20,"column":2},"end":{"line":22,"column":3}},{"start":{},"end":{}}],"line":20},"1":{"loc":{"start":{"line":26,"column":61},"end":{"line":26,"column":77}},"type":"default-arg","locations":[{"start":{"line":26,"column":75},"end":{"line":26,"column":77}}],"line":26},"2":{"loc":{"start":{"line":34,"column":4},"end":{"line":34,"column":35}},"type":"if","locations":[{"start":{"line":34,"column":4},"end":{"line":34,"column":35}},{"start":{},"end":{}}],"line":34},"3":{"loc":{"start":{"line":70,"column":2},"end":{"line":72,"column":3}},"type":"if","locations":[{"start":{"line":70,"column":2},"end":{"line":72,"column":3}},{"start":{},"end":{}}],"line":70},"4":{"loc":{"start":{"line":74,"column":2},"end":{"line":76,"column":3}},"type":"if","locations":[{"start":{"line":74,"column":2},"end":{"line":76,"column":3}},{"start":{},"end":{}}],"line":74},"5":{"loc":{"start":{"line":81,"column":2},"end":{"line":83,"column":3}},"type":"if","locations":[{"start":{"line":81,"column":2},"end":{"line":83,"column":3}},{"start":{},"end":{}}],"line":81},"6":{"loc":{"start":{"line":137,"column":16},"end":{"line":137,"column":40}},"type":"binary-expr","locations":[{"start":{"line":137,"column":16},"end":{"line":137,"column":25}},{"start":{"line":137,"column":29},"end":{"line":137,"column":40}}],"line":137},"7":{"loc":{"start":{"line":138,"column":4},"end":{"line":138,"column":21}},"type":"if","locations":[{"start":{"line":138,"column":4},"end":{"line":138,"column":21}},{"start":{},"end":{}}],"line":138},"8":{"loc":{"start":{"line":140,"column":4},"end":{"line":140,"column":41}},"type":"if","locations":[{"start":{"line":140,"column":4},"end":{"line":140,"column":41}},{"start":{},"end":{}}],"line":140},"9":{"loc":{"start":{"line":144,"column":17},"end":{"line":144,"column":44}},"type":"binary-expr","locations":[{"start":{"line":144,"column":17},"end":{"line":144,"column":39}},{"start":{"line":144,"column":43},"end":{"line":144,"column":44}}],"line":144},"10":{"loc":{"start":{"line":145,"column":17},"end":{"line":145,"column":48}},"type":"binary-expr","locations":[{"start":{"line":145,"column":17},"end":{"line":145,"column":43}},{"start":{"line":145,"column":47},"end":{"line":145,"column":48}}],"line":145},"11":{"loc":{"start":{"line":146,"column":19},"end":{"line":146,"column":51}},"type":"binary-expr","locations":[{"start":{"line":146,"column":19},"end":{"line":146,"column":46}},{"start":{"line":146,"column":50},"end":{"line":146,"column":51}}],"line":146},"12":{"loc":{"start":{"line":147,"column":18},"end":{"line":147,"column":67}},"type":"binary-expr","locations":[{"start":{"line":147,"column":18},"end":{"line":147,"column":60}},{"start":{"line":147,"column":64},"end":{"line":147,"column":67}}],"line":147},"13":{"loc":{"start":{"line":160,"column":6},"end":{"line":160,"column":67}},"type":"cond-expr","locations":[{"start":{"line":160,"column":28},"end":{"line":160,"column":63}},{"start":{"line":160,"column":66},"end":{"line":160,"column":67}}],"line":160},"14":{"loc":{"start":{"line":189,"column":2},"end":{"line":189,"column":53}},"type":"if","locations":[{"start":{"line":189,"column":2},"end":{"line":189,"column":53}},{"start":{},"end":{}}],"line":189},"15":{"loc":{"start":{"line":190,"column":2},"end":{"line":190,"column":98}},"type":"if","locations":[{"start":{"line":190,"column":2},"end":{"line":190,"column":98}},{"start":{},"end":{}}],"line":190},"16":{"loc":{"start":{"line":203,"column":2},"end":{"line":203,"column":53}},"type":"if","locations":[{"start":{"line":203,"column":2},"end":{"line":203,"column":53}},{"start":{},"end":{}}],"line":203},"17":{"loc":{"start":{"line":204,"column":2},"end":{"line":204,"column":87}},"type":"if","locations":[{"start":{"line":204,"column":2},"end":{"line":204,"column":87}},{"start":{},"end":{}}],"line":204},"18":{"loc":{"start":{"line":206,"column":2},"end":{"line":206,"column":88}},"type":"if","locations":[{"start":{"line":206,"column":2},"end":{"line":206,"column":88}},{"start":{},"end":{}}],"line":206},"19":{"loc":{"start":{"line":207,"column":2},"end":{"line":207,"column":121}},"type":"if","locations":[{"start":{"line":207,"column":2},"end":{"line":207,"column":121}},{"start":{},"end":{}}],"line":207},"20":{"loc":{"start":{"line":208,"column":2},"end":{"line":208,"column":83}},"type":"if","locations":[{"start":{"line":208,"column":2},"end":{"line":208,"column":83}},{"start":{},"end":{}}],"line":208},"21":{"loc":{"start":{"line":209,"column":2},"end":{"line":209,"column":83}},"type":"if","locations":[{"start":{"line":209,"column":2},"end":{"line":209,"column":83}},{"start":{},"end":{}}],"line":209},"22":{"loc":{"start":{"line":210,"column":2},"end":{"line":210,"column":95}},"type":"if","locations":[{"start":{"line":210,"column":2},"end":{"line":210,"column":95}},{"start":{},"end":{}}],"line":210},"23":{"loc":{"start":{"line":211,"column":2},"end":{"line":211,"column":95}},"type":"if","locations":[{"start":{"line":211,"column":2},"end":{"line":211,"column":95}},{"start":{},"end":{}}],"line":211},"24":{"loc":{"start":{"line":212,"column":2},"end":{"line":212,"column":104}},"type":"if","locations":[{"start":{"line":212,"column":2},"end":{"line":212,"column":104}},{"start":{},"end":{}}],"line":212},"25":{"loc":{"start":{"line":232,"column":2},"end":{"line":232,"column":53}},"type":"if","locations":[{"start":{"line":232,"column":2},"end":{"line":232,"column":53}},{"start":{},"end":{}}],"line":232},"26":{"loc":{"start":{"line":234,"column":2},"end":{"line":236,"column":3}},"type":"if","locations":[{"start":{"line":234,"column":2},"end":{"line":236,"column":3}},{"start":{},"end":{}}],"line":234},"27":{"loc":{"start":{"line":239,"column":2},"end":{"line":239,"column":61}},"type":"if","locations":[{"start":{"line":239,"column":2},"end":{"line":239,"column":61}},{"start":{},"end":{}}],"line":239},"28":{"loc":{"start":{"line":240,"column":2},"end":{"line":240,"column":62}},"type":"if","locations":[{"start":{"line":240,"column":2},"end":{"line":240,"column":62}},{"start":{},"end":{}}],"line":240},"29":{"loc":{"start":{"line":254,"column":2},"end":{"line":254,"column":53}},"type":"if","locations":[{"start":{"line":254,"column":2},"end":{"line":254,"column":53}},{"start":{},"end":{}}],"line":254},"30":{"loc":{"start":{"line":255,"column":2},"end":{"line":257,"column":3}},"type":"if","locations":[{"start":{"line":255,"column":2},"end":{"line":257,"column":3}},{"start":{},"end":{}}],"line":255}},"s":{"0":0,"1":0,"2":0,"3":0,"4":0,"5":0,"6":0,"7":0,"8":0,"9":0,"10":0,"11":0,"12":0,"13":0,"14":0,"15":0,"16":0,"17":0,"18":0,"19":0,"20":0,"21":0,"22":0,"23":0,"24":0,"25":0,"26":0,"27":0,"28":0,"29":0,"30":0,"31":0,"32":0,"33":0,"34":0,"35":0,"36":0,"37":0,"38":0,"39":0,"40":0,"41":0,"42":0,"43":0,"44":0,"45":0,"46":0,"47":0,"48":0,"49":0,"50":0,"51":0,"52":0,"53":0,"54":0,"55":0,"56":0,"57":0,"58":0,"59":0,"60":0,"61":0,"62":0,"63":0,"64":0,"65":0,"66":0,"67":0,"68":0,"69":0,"70":0,"71":0,"72":0,"73":0,"74":0,"75":0,"76":0,"77":0,"78":0,"79":0,"80":0,"81":0,"82":0,"83":0,"84":0,"85":0,"86":0,"87":0,"88":0,"89":0,"90":0,"91":0,"92":0,"93":0,"94":0,"95":0,"96":0,"97":0,"98":0,"99":0,"100":0,"101":0,"102":0,"103":0,"104":0,"105":0},"f":{"0":0,"1":0,"2":0,"3":0,"4":0,"5":0,
[...]
{"start":{"line":220,"column":2},"end":{"line":220,"column":52}},"78":{"start":{"line":221,"column":2},"end":{"line":221,"column":82}},"79":{"start":{"line":222,"column":2},"end":{"line":222,"column":52}},"80":{"start":{"line":230,"column":19},"end":{"line":230,"column":57}},"81":{"start":{"line":231,"column":2},"end":{"line":231,"column":29}},"82":{"start":{"line":231,"column":17},"end":{"line":231,"column":29}},"83":{"start":{"line":233,"column":2},"end":{"line":235,"column":3}},"84":{"start":{"line":234,"column":4},"end":{"line":234,"column":82}},"85":{"start":{"line":238,"column":23},"end":{"line":238,"column":61}},"86":{"start":{"line":241,"column":2},"end":{"line":241,"column":36}},"87":{"start":{"line":244,"column":24},"end":{"line":244,"column":45}},"88":{"start":{"line":246,"column":2},"end":{"line":246,"column":73}},"89":{"start":{"line":247,"column":2},"end":{"line":247,"column":23}},"90":{"start":{"line":257,"column":17},"end":{"line":257,"column":55}},"91":{"start":{"line":258,"column":2},"end":{"line":258,"column":29}},"92":{"start":{"line":258,"column":17},"end":{"line":258,"column":29}},"93":{"start":{"line":261,"column":2},"end":{"line":266,"column":3}},"94":{"start":{"line":262,"column":4},"end":{"line":262,"column":20}},"95":{"start":{"line":264,"column":4},"end":{"line":264,"column":69}},"96":{"start":{"line":265,"column":4},"end":{"line":265,"column":81}},"97":{"start":{"line":265,"column":15},"end":{"line":265,"column":81}},"98":{"start":{"line":268,"column":18},"end":{"line":268,"column":22}},"99":{"start":{"line":270,"column":2},"end":{"line":273,"column":3}},"100":{"start":{"line":271,"column":4},"end":{"line":271,"column":58}},"101":{"start":{"line":272,"column":4},"end":{"line":272,"column":22}},"102":{"start":{"line":275,"column":14},"end":{"line":275,"column":24}},"103":{"start":{"line":276,"column":25},"end":{"line":276,"column":96}},"104":{"start":{"line":276,"column":70},"end":{"line":276,"column":95}},"105":{"start":{"line":277,"column":25},"end":{"line":277,"column":96}},"106":{"start":{"line":277,"column":70},"end":{"line":277,"column":95}},"107":{"start":{"line":279,"column":2},"end":{"line":290,"column":4}}},"fnMap":{"0":{"name":"(anonymous_0)","decl":{"start":{"line":7,"column":21},"end":{"line":7,"column":22}},"loc":{"start":{"line":7,"column":29},"end":{"line":7,"column":63}},"line":7},"1":{"name":"resolveSlotDates","decl":{"start":{"line":31,"column":9},"end":{"line":31,"column":25}},"loc":{"start":{"line":31,"column":59},"end":{"line":36,"column":1}},"line":31},"2":{"name":"parseSlot","decl":{"start":{"line":38,"column":9},"end":{"line":38,"column":18}},"loc":{"start":{"line":38,"column":57},"end":{"line":59,"column":1}},"line":38},"3":{"name":"isCacheValid","decl":{"start":{"line":61,"column":9},"end":{"line":61,"column":21}},"loc":{"start":{"line":61,"column":33},"end":{"line":67,"column":1}},"line":61},"4":{"name":"fetchVenues","decl":{"start":{"line":71,"column":15},"end":{"line":71,"column":26}},"loc":{"start":{"line":71,"column":29},"end":{"line":90,"column":1}},"line":71},"5":{"name":"fetchForecastFromApi","decl":{"start":{"line":92,"column":15},"end":{"line":92,"column":35}},"loc":{"start":{"line":92,"column":48},"end":{"line":118,"column":1}},"line":92},"6":{"name":"(anonymous_6)","decl":{"start":{"line":102,"column":9},"end":{"line":102,"column":10}},"loc":{"start":{"line":102,"column":25},"end":{"line":102,"column":60}},"line":102},"7":{"name":"(anonymous_7)","decl":{"start":{"line":103,"column":12},"end":{"line":103,"column":13}},"loc":{"start":{"line":103,"column":17},"end":{"line":103,"column":37}},"line":103},"8":{"name":"(anonymous_8)","decl":{"start":{"line":104,"column":10},"end":{"line":104,"column":11}},"loc":{"start":{"line":104,"column":20},"end":{"line":104,"column":45}},"line":104},"9":{"name":"(anonymous_9)","decl":{"start":{"line":107,"column":9},"end":{"line":107,"column":10}},"loc":{"start":{"line":107,"column":25},"end":{"line":107,"column":61}},"line":107},"10":{"name":"(anonymous_10)","decl":{"start":{"line":108,"column":12},"end":{"line":108,"column":13}},"loc":{"start":{"line":108,"column":17},"end":{"line":108,"column":37}},"line":108},"11":{"name":"(anonymous_11)","decl":{"start":{"line":109,"column":10},"end":{"line":109,"column":11}},"loc":{"start":{"line":109,"column":20},"end":{"line":109,"column":45}},"line":109},"12":{"name":"findRemoteVenuesByName","decl":{"start":{"line":122,"column":22},"end":{"line":122,"column":44}},"loc":{"start":{"line":122,"column":52},"end":{"line":130,"column":1}},"line":122},"13":{"name":"(anonymous_13)","decl":{"start":{"line":125,"column":16},"end":{"line":125,"column":17}},"loc":{"start":{"line":125,"column":26},"end":{"line":125,"column":75}},"line":125},"14":{"name":"findRemoteVenueById","decl":{"start":{"line":132,"column":22},"end":{"line":132,"column":41}},"loc":{"start":{"line":132,"column":54},"end":{"line":139,"column":1}},"line":132},"15":{"name":"(anonymous_15)","decl":{"start":{"line":135,"column":15},"end":{"line":135,"column":16}},"loc":{"start":{"line":135,"column":20},"end":{"line":135,"column":39}},"line":135},"16":{"name":"(anonymous_16)","decl":{"start":{"line":136,"column":14},"end":{"line":136,"column":15}},"loc":{"start":{"line":136,"column":20},"end":{"line":136,"column":39}},"line":136},"17":{"name":"findLocalVenuesByName","decl":{"start":{"line":148,"column":22},"end":{"line":148,"column":43}},"loc":{"start":{"line":148,"column":78},"end":{"line":156,"column":1}},"line":148},"18":{"name":"findNearbyVenues","decl":{"start":{"line":160,"column":22},"end":{"line":160,"column":38}},"loc":{"start":{"line":160,"column":105},"end":{"line":174,"column":1}},"line":160},"19":{"name":"findLocalVenueById","decl":{"start":{"line":176,"column":22},"end":{"line":176,"column":40}},"loc":{"start":{"line":176,"column":53},"end":{"line":178,"column":1}},"line":176},"20":{"name":"seedLocations","decl":{"start":{"line":186,"column":22},"end":{"line":186,"column":35}},"loc":{"start":{"line":186,"column":38},"end":{"line":223,"column":1}},"line":186},"21":{"name":"(anonymous_21)","decl":{"start":{"line":189,"column":15},"end":{"line":189,"column":16}},"loc":{"start":{"line":189,"column":32},"end":{"line":208,"column":3}},"line":189},"22":{"name":"(anonymous_22)","decl":{"start":{"line":211,"column":17},"end":{"line":211,"column":18}},"loc":{"start":{"line":211,"column":22},"end":{"line":211,"column":37}},"line":211},"23":{"name":"(anonymous_23)","decl":{"start":{"line":212,"column":16},"end":{"line":212,"column":17}},"loc":{"start":{"line":212,"column":22},"end":{"line":212,"column":36}},"line":212},"24":{"name":"refreshLocationForecast","decl":{"start":{"line":229,"column":22},"end":{"line":229,"column":45}},"loc":{"start":{"line":229,"column":58},"end":{"line":248,"column":1}},"line":229},"25":{"name":"getLocationForecast","decl":{"start":{"line":256,"column":22},"end":{"line":256,"column":41}},"loc":{"start":{"line":256,"column":85},"end":{"line":291,"column":1}},"line":256},"26":{"name":"(anonymous_26)","decl":{"start":{"line":276,"column":65},"end":{"line":276,"column":66}},"loc":{"start":{"line":276,"column":70},"end":{"line":276,"column":95}},"line":276},"27":{"name":"(anonymous_27)","decl":{"start":{"line":277,"column":65},"end":{"line":277,"column":66}},"loc":{"start":{"line":277,"column":70},"end":{"line":277,"column":95}},"line":277}},"branchMap":{"0":{"loc":{"start":{"line":45,"column":22},"end":{"line":45,"column":51}},"type":"binary-expr","locations":[{"start":{"line":45,"column":22},"end":{"line":45,"column":37}},{"start":{"line":45,"column":47},"end":{"line":45,"column":51}}],"line":45},"1":{"loc":{"start":{"line":46,"column":22},"end":{"line":46,"column":53}},"type":"binary-expr","locations":[{"start":{"line":46,"column":22},"end":{"line":46,"column":45}},{"start":{"line":46,"column":49},"end":{"line":46,"column":53}}],"line":46},"2":{"loc":{"start":{"line":47,"column":22},"end":{"line":47,"column":53}},"type":"binary-expr","locations":[{"start":{"line":47,"column":22},"end":{"line":47,"column":45}},{"start":{"line":47,"column":49},"end":{"line":47,"column":53}}],"line":47},"3":{"loc":{"start":{"line":48,"column":22},"end":{"line":48,"column":51}},"type":"binary-expr","locations":[{"start":{"line":48,"column":22},"end":{"line":48,"column":35}},{"start":{"line":48,"column":47},"end":{"line":48,"column":51}}],"line":48},"4":{"loc":{"start":{"line":49,"column":22},"end":{"line":49,"column":51}},"type":"binary-expr","locations":[{"start":{"line":49,"column":22},"end":{"line":49,"column":42}},{"start":{"line":49,"column":47},"end":{"line":49,"column":51}}],"line":49},"5":{"loc":{"start":{"line":50,"column":22},"end":{"line":50,"column":51}},"type":"binary-expr","locations":[{"start":{"line":50,"column":22},"end":{"line":50,"column":36}},{"start":{"line":50,"column":47},"end":{"line":50,"column":51}}],"line":50},"6":{"loc":{"start":{"line":51,"column":22},"end":{"line":51,"column":51}},"type":"binary-expr","locations":[{"start":{"line":51,"column":22},"end":{"line":51,"column":36}},{"start":{"line":51,"column":47},"end":{"line":51,"column":51}}],"line":51},"7":{"loc":{"start":{"line":52,"column":22},"end":{"line":52,"column":51}},"type":"binary-expr","locations":[{"start":{"line":52,"column":22},"end":{"line":52,"column":36}},{"start":{"line":52,"column":47},"end":{"line":52,"column":51}}],"line":52},"8":{"loc":{"start":{"line":53,"column":22},"end":{"line":53,"column":51}},"type":"binary-expr","locations":[{"start":{"line":53,"column":22},"end":{"line":53,"column":35}},{"start":{"line":53,"column":47},"end":{"line":53,"column":51}}],"line":53},"9":{"loc":{"start":{"line":54,"column":22},"end":{"line":54,"column":51}},"type":"binary-expr","locations":[{"start":{"line":54,"column":22},"end":{"line":54,"column":40}},{"start":{"line":54,"column":47},"end":{"line":54,"column":51}}],"line":54},"10":{"loc":{"start":{"line":55,"column":22},"end":{"line":55,"column":51}},"type":"binary-expr","locations":[{"start":{"line":55,"column":22},"end":{"line":55,"column":40}},{"start":{"line":55,"column":47},"end":{"line":55,"column":51}}],"line":55},"11":{"loc":{"start":{"line":56,"column":22},"end":{"line":56,"column":51}},"type":"binary-expr","locations":[{"start":{"line":56,"column":22},"end":{"line":56,"column":39}},{"start":{"line":56,"column":47},"end":{"line":56,"column":51}}],"line":56},"12":{"loc":{"start":{"line":57,"column":22},"end":{"line":57,"column":51}},"type":"binary-expr","locations":[{"start":{"line":57,"column":22},"end":{"line":57,"column":43}},{"start":{"line":57,"column":47},"end":{"line":57,"column":51}}],"line":57},"13":{"loc":{"start":{"line":62,"column":2},"end":{"line":62,"column":42}},"type":"if","locations":[{"start":{"line":62,"column":2},"end":{"line":62,"column":42}},{"start":{},"end":{}}],"line":62},"14":{"loc":{"start":{"line":64,"column":2},"end":{"line":64,"column":41}},"type":"if","locations":[{"start":{"line":64,"column":2},"end":{"line":64,"column":41}},{"start":{},"end":{}}],"line":64},"15":{"loc":{"start":{"line":65,"column":2},"end":{"line":65,"column":82}},"type":"if","locations":[{"start":{"line":65,"column":2},"end":{"line":65,"column":82}},{"start":{},"end":{}}],"line":65},"16":{"loc":{"start":{"line":65,"column":6},"end":{"line":65,"column":67}},"type":"binary-expr","locations":[{"start":{"line":65,"column":6},"end":{"line":65,"column":23}},{"start":{"line":65,"column":27},"end":{"line":65,"column":67}}],"line":65},"17":{"loc":{"start":{"line":72,"column":2},"end":{"line":74,"column":3}},"type":"if","locations":[{"start":{"line":72,"column":2},"end":{"line":74,"column":3}},{"start":{},"end":{}}],"line":72},"18":{"loc":{"start":{"line":72,"column":6},"end":{"line":72,"column":83}},"type":"binary-expr","locations":[{"start":{"line":72,"column":6},"end":{"line":72,"column":18}},{"start":{"line":72,"column":22},"end":{"line":72,"column":36}},{"start":{"line":72,"column":40},"end":{"line":72,"column":83}}],"line":72},"19":{"loc":{"start":{"line":81,"column":2},"end":{"line":81,"column":116}},"type":"if","locations":[{"start":{"line":81,"column":2},"end":{"line":81,"column":116}},{"start":{},"end":{}}],"line":81},"20":{"loc":{"start":{"line":82,"column":2},"end":{"line":82,"column":114}},"type":"if","locations":[{"start":{"line":82,"column":2},"end":{"line":82,"column":114}},{"start":{},"end":{}}],"line":82},"21":{"loc":{"start":{"line":94,"column":2},"end":{"line":94,"column":123}},"type":"if","locations":[{"start":{"line":94,"column":2},"end":{"line":94,"column":123}},{"start":{},"end":{}}],"line":94},"22":{"loc":{"start":{"line":101,"column":33},"end":{"line":101,"column":51}},"type":"binary-expr","locations":[{"start":{"line":101,"column":33},"end":{"line":101,"column":44}},{"start":{"line":101,"column":49},"end":{"line":101,"column":51}}],"line":101},"23":{"loc":{"start":{"line":106,"column":34},"end":{"line":106,"column":52}},"type":"binary-expr","locations":[{"start":{"line":106,"column":34},"end":{"line":106,"column":46}},{"start":{"line":106,"column":50},"end":{"line":106,"column":52}}],"line":106},"24":{"loc":{"start":{"line":114,"column":15},"end":{"line":114,"column":50}},"type":"cond-expr","locations":[{"start":{"line":114,"column":34},"end":{"line":114,"column":41}},{"start":{"line":114,"column":44},"end":{"line":114,"column":50}}],"line":114},"25":{"loc":{"start":{"line":125,"column":33},"end":{"line":125,"column":48}},"type":"binary-expr","locations":[{"start":{"line":125,"column":33},"end":{"line":125,"column":42}},{"start":{"line":125,"column":46},"end":{"line":125,"column":48}}],"line":125},"26":{"loc":{"start":{"line":135,"column":4},"end":{"line":137,"column":8}},"type":"binary-expr","locations":[{"start":{"line":135,"column":4},"end":{"line":135,"column":40}},{"start":{"line":136,"column":4},"end":{"line":136,"column":40}},{"start":{"line":137,"column":4},"end":{"line":137,"column":8}}],"line":135},"27":{"loc":{"start":{"line":148,"column":51},"end":{"line":148,"column":76}},"type":"default-arg","locations":[{"start":{"line":148,"column":74},"end":{"line":148,"column":76}}],"line":148},"28":{"loc":{"start":{"line":148,"column":59},"end":{"line":148,"column":69}},"type":"default-arg","locations":[{"start":{"line":148,"column":67},"end":{"line":148,"column":69}}],"line":148},"29":{"loc":{"start":{"line":150,"column":2},"end":{"line":150,"column":31}},"type":"if","locations":[{"start":{"line":150,"column":2},"end":{"line":150,"column":31}},{"start":{},"end":{}}],"line":150},"30":{"loc":{"start":{"line":160,"column":49},"end":{"line":160,"column":103}},"type":"default-arg","locations":[{"start":{"line":160,"column":101},"end":{"line":160,"column":103}}],"line":160},"31":{"loc":{"start":{"line":160,"column":51},"end":{"line":160,"column":71}},"type":"default-arg","locations":[{"start":{"line":160,"column":65},"end":{"line":160,"column":71}}],"line":160},"32":{"loc":{"start":{"line":160,"column":73},"end":{"line":160,"column":84}},"type":"default-arg","locations":[{"start":{"line":160,"column":80},"end":{"line":160,"column":84}}],"line":160},"33":{"loc":{"start":{"line":160,"column":86},"end":{"line":160,"column":96}},"type":"default-arg","locations":[{"start":{"line":160,"column":94},"end":{"line":160,"column":96}}],"line":160},"34":{"loc":{"start":{"line":168,"column":8},"end":{"line":168,"column":28}},"type":"cond-expr","locations":[{"start":{"line":168,"column":15},"end":{"line":168,"column":23}},{"start":{"line":168,"column":26},"end":{"line":168,"column":28}}],"line":168},"35":{"loc":{"start":{"line":197,"column":21},"end":{"line":197,"column":43}},"type":"binary-expr","locations":[{"start":{"line":197,"column":21},"end":{"line":197,"column":35}},{"start":{"line":197,"column":39},"end":{"line":197,"column":43}}],"line":197},"36":{"loc":{"start":{"line":215,"column":2},"end":{"line":218,"column":3}},"type":"if","locations":[{"start":{"line":215,"column":2},"end":{"line":218,"column":3}},{"start":{},"end":{}}],"line":215},"37":{"loc":{"start":{"line":231,"column":2},"end":{"line":231,"column":29}},"type":"if","locations":[{"start":{"line":231,"column":2},"end":{"line":231,"column":29}},{"start":{},"end":{}}],"line":231},"38":{"loc":{"start":{"line":233,"column":2},"end":{"line":235,"column":3}},"type":"if","locations":[{"start":{"line":233,"column":2},"end":{"line":235,"column":3}},{"start":{},"end":{}}],"line":233},"39":{"loc":{"start":{"line":256,"column":54},"end":{"line":256,"column":83}},"type":"default-arg","locations":[{"start":{"line":256,"column":81},"end":{"line":256,"column":83}}],"line":256},"40":{"loc":{"start":{"line":256,"column":56},"end":{"line":256,"column":76}},"type":"default-arg","locations":[{"start":{"line":256,"column":71},"end":{"line":256,"column":76}}],"line":256},"41":{"loc":{"start":{"line":258,"column":2},"end":{"line":258,"column":29}},"type":"if","locations":[{"start":{"line":258,"column":2},"end":{"line":258,"column":29}},{"start":{},"end":{}}],"line":258},"42":{"loc":{"start":{"line":261,"column":2},"end":{"line":266,"column":3}},"type":"if","locations":[{"start":{"line":261,"column":2},"end":{"line":266,"column":3}},{"start":{"line":263,"column":9},"end":{"line":266,"column":3}}],"line":261},"43":{"loc":{"start":{"line":265,"column":4},"end":{"line":265,"column":81}},"type":"if","locations":[{"start":{"line":265,"column":4},"end":{"line":265,"column":81}},{"start":{},"end":{}}],"line":265},"44":{"loc":{"start":{"line":270,"column":2},"end":{"line":273,"column":3}},"type":"if","locations":[{"start":{"line":270,"column":2},"end":{"line":273,"column":3}},{"start":{},"end":{}}],"line":270},"45":{"loc":{"start":{"line":270,"column":6},"end":{"line":270,"column":51}},"type":"binary-expr","locations":[{"start":{"line":270,"column":6},"end":{"line":270,"column":18}},{"start":{"line":270,"column":22},"end":{"line":270,"column":51}}],"line":270},"46":{"loc":{"start":{"line":276,"column":26},"end":{"line":276,"column":56}},"type":"binary-expr","locations":[{"start":{"line":276,"column":26},"end":{"line":276,"column":49}},{"start":{"line":276,"column":54},"end":{"line":276,"column":56}}],"line":276},"47":{"loc":{"start":{"line":277,"column":26},"end":{"line":277,"column":56}},"type":"binary-expr","locations":[{"start":{"line":277,"column":26},"end":{"line":277,"column":50}},{"start":{"line":277,"column":54},"end":{"line":277,"column":56}}],"line":277}},"s":{"0":3,"1":3,"2":3,"3":3,"4":0,"5":3,"6":3,"7":3,"8":3,"9":3,"10":0,"11":0,"12":0,"13":0,"14":0,"15":0,"16":0,"17":0,"18":0,"19":0,"20":0,"21":0,"22":0,"23":0,"24":0,"25":0,"26":0,"27":0,"28":0,"29":0,"30":0,"31":0,"32":0,"33":0,"34":0,"35":0,"36":0,"37":0,"38":0,"39":0,"40":0,"41":0,"42":0,"43":0,"44":0,"45":0,"46":0,"47":0,"48":0,"49":0,"50":0,"51":0,"52":0,"53":0,"54":0,"55":0,"56":0,"57":0,"58":0,"59":0,"60":0,"61":0,"62":0,"63":0,"64":0,"65":0,"66":0,"67":0,"68":0,"69":0,"70":0,"71":0,"72":0,"73":0,"74":0,"75":0,"76":0,"77":0,"78":0,"79":0,"80":0,"81":0,"82":0,"83":0,"84":0,"85":0,"86":0,"87":0,"88":0,"89":0,"90":0,"91":0,"92":0,"93":0,"94":0,"95":0,"96":0,"97":0,"98":0,"99":0,"100":0,"101":0,"102":0,"103":0,"104":0,"105":0,"106":0,"107":0},"f":{"0":0,"1":0,"2":0,"3":0,"4":0,"5":0,"6":0,"7":0,"8":0,"9":0,"10":0,"11":0,"12":0,"13":0,"14":0,"15":0,"16":0,"17":0,"18":0,"19":0,"20":0,"21":0,"22":0,"23":0,"24":0,"25":0,"26":0,"27":0},"b":{"0":[0,0],"1":[0,0],"2":[0,0],"3":[0,0],"4":[0,0],"5":[0,0],"6":[0,0],"7":[0,0],"8":[0,0],"9":[0,0],"10":[0,0],"11":[0,0],"12":[0,0],"13":[0,0],"14":[0,0],"15":[0,0],"16":[0,0],"17":[0,0],"18":[0,0,0],"19":[0,0],"20":[0,0],"21":[0,0],"22":[0,0],"23":[0,0],"24":[0,0],"25":[0,0],"26":[0,0,0],"27":[0],"28":[0],"29":[0,0],"30":[0],"31":[0],"32":[0],"33":[0],"34":[0,0],"35":[0,0],"36":[0,0],"37":[0,0],"38":[0,0],"39":[0],"40":[0],"41":[0,0],"42":[0,0],"43":[0,0],"44":[0,0],"45":[0,0],"46":[0,0],"47":[0,0]},"inputSourceMap":null,"_coverageSchema":"1a1c01bbd47fc00a2c39e90264f33305004495a9","hash":"d7537b5936ee078a7e4f6ad06ec0362e38ff0897"}
}
