{"C:\\TrentoSmartMountain_Giacomo\\Trento_Smart_Mountain\\backend\\src\\app.js": {"path":"C:\\TrentoSmartMountain_Giacomo\\Trento_Smart_Mountain\\backend\\src\\app.js","statementMap":{"0":{"start":{"line":30,"column":24},"end":{"line":32,"column":1}},"1":{"start":{"line":34,"column":12},"end":{"line":34,"column":21}},"2":{"start":{"line":39,"column":0},"end":{"line":39,"column":26}},"3":{"start":{"line":44,"column":0},"end":{"line":44,"column":26}},"4":{"start":{"line":45,"column":0},"end":{"line":45,"column":21}},"5":{"start":{"line":49,"column":0},"end":{"line":56,"column":3}},"6":{"start":{"line":50,"column":2},"end":{"line":54,"column":3}},"7":{"start":{"line":51,"column":21},"end":{"line":51,"column":52}},"8":{"start":{"line":52,"column":4},"end":{"line":52,"column":73}},"9":{"start":{"line":53,"column":4},"end":{"line":53,"column":39}},"10":{"start":{"line":55,"column":2},"end":{"line":55,"column":9}},"11":{"start":{"line":59,"column":0},"end":{"line":59,"column":51}},"12":{"start":{"line":60,"column":0},"end":{"line":60,"column":73}},"13":{"start":{"line":63,"column":0},"end":{"line":63,"column":33}},"14":{"start":{"line":64,"column":0},"end":{"line":64,"column":23}},"15":{"start":{"line":67,"column":0},"end":{"line":67,"column":23}},"16":{"start":{"line":70,"column":0},"end":{"line":70,"column":22}},"17":{"start":{"line":73,"column":0},"end":{"line":73,"column":72}},"18":{"start":{"line":76,"column":0},"end":{"line":76,"column":29}},"19":{"start":{"line":77,"column":0},"end":{"line":77,"column":32}},"20":{"start":{"line":78,"column":0},"end":{"line":78,"column":34}},"21":{"start":{"line":79,"column":0},"end":{"line":79,"column":31}},"22":{"start":{"line":80,"column":0},"end":{"line":80,"column":47}},"23":{"start":{"line":81,"column":0},"end":{"line":81,"column":46}},"24":{"start":{"line":82,"column":0},"end":{"line":82,"column":35}},"25":{"start":{"line":91,"column":0},"end":{"line":108,"column":3}},"26":{"start":{"line":92,"column":15},"end":{"line":92,"column":29}},"27":{"start":{"line":93,"column":2},"end":{"line":93,"column":103}},"28":{"start":{"line":94,"column":2},"end":{"line":107,"column":3}},"29":{"start":{"line":95,"column":4},"end":{"line":102,"column":5}},"30":{"start":{"line":96,"column":31},"end":{"line":96,"column":74}},"31":{"start":{"line":98,"column":6},"end":{"line":100,"column":7}},"32":{"start":{"line":99,"column":8},"end":{"line":99,"column":57}},"33":{"start":{"line":101,"column":6},"end":{"line":101,"column":36}},"34":{"start":{"line":103,"column":28},"end":{"line":103,"column":70}},"35":{"start":{"line":104,"column":4},"end":{"line":104,"column":33}},"36":{"start":{"line":106,"column":4},"end":{"line":106,"column":14}},"37":{"start":{"line":110,"column":0},"end":{"line":121,"column":3}},"38":{"start":{"line":111,"column":2},"end":{"line":120,"column":3}},"39":{"start":{"line":112,"column":17},"end":{"line":112,"column":80}},"40":{"start":{"line":113,"column":4},"end":{"line":113,"column":79}},"41":{"start":{"line":113,"column":15},"end":{"line":113,"column":79}},"42":{"start":{"line":114,"column":4},"end":{"line":114,"column":31}},"43":{"start":{"line":116,"column":4},"end":{"line":118,"column":5}},"44":{"start":{"line":117,"column":6},"end":{"line":117,"column":72}},"45":{"start":{"line":119,"column":4},"end":{"line":119,"column":53}},"46":{"start":{"line":123,"column":0},"end":{"line":123,"column":25}},"47":{"start":{"line":124,"column":0},"end":{"line":124,"column":28}}},"fnMap":{"0":{"name":"(anonymous_0)","decl":{"start":{"line":49,"column":8},"end":{"line":49,"column":9}},"loc":{"start":{"line":49,"column":28},"end":{"line":56,"column":1}},"line":49},"1":{"name":"(anonymous_1)","decl":{"start":{"line":91,"column":19},"end":{"line":91,"column":20}},"loc":{"start":{"line":91,"column":45},"end":{"line":108,"column":1}},"line":91},"2":{"name":"(anonymous_2)","decl":{"start":{"line":110,"column":33},"end":{"line":110,"column":34}},"loc":{"start":{"line":110,"column":53},"end":{"line":121,"column":1}},"line":110}},"branchMap":{"0":{"loc":{"start":{"line":50,"column":2},"end":{"line":54,"column":3}},"type":"if","locations":[{"start":{"line":50,"column":2},"end":{"line":54,"column":3}},{"start":{},"end":{}}],"line":50},"1":{"loc":{"start":{"line":95,"column":4},"end":{"line":102,"column":5}},"type":"if","locations":[{"start":{"line":95,"column":4},"end":{"line":102,"column":5}},{"start":{},"end":{}}],"line":95},"2":{"loc":{"start":{"line":98,"column":6},"end":{"line":100,"column":7}},"type":"if","locations":[{"start":{"line":98,"column":6},"end":{"line":100,"column":7}},{"start":{},"end":{}}],"line":98},"3":{"loc":{"start":{"line":113,"column":4},"end":{"line":113,"column":79}},"type":"if","locations":[{"start":{"line":113,"column":4},"end":{"line":113,"column":79}},{"start":{},"end":{}}],"line":113},"4":{"loc":{"start":{"line":116,"column":4},"end":{"line":118,"column":5}},"type":"if","locations":[{"start":{"line":116,"column":4},"end":{"line":118,"column":5}},{"start":{},"end":{}}],"line":116}},"s":{"0":5,"1":5,"2":5,"3":5,"4":5,"5":5,"6":80,"7":0,"8":0,"9":0,"10":80,"11":5,"12":5,"13":5,"14":5,"15":5,"16":5,"17":5,"18":5,"19":5,"20":5,"21":5,"22":5,"23":5,"24":5,"25":5,"26":0,"27":0,"28":0,"29":0,"30":0,"31":0,"32":0,"33":0,"34":0,"35":0,"36":0,"37":5,"38":0,"39":0,"40":0,"41":0,"42":0,"43":0,"44":0,"45":0,"46":5,"47":5},"f":{"0":80,"1":0,"2":0},"b":{"0":[0,80],"1":[0,0],"2":[0,0],"3":[0,0],"4":[0,0]},"inputSourceMap":null,"_coverageSchema":"1a1c01bbd47fc00a2c39e90264f33305004495a9","hash":"56f1b206ea3ba4112d82a4b607f2e9787cf0bc52"}
,"C:\\TrentoSmartMountain_Giacomo\\Trento_Smart_Mountain\\backend\\src\\middleware\\authMiddleware.js": {"path":"C:\\TrentoSmartMountain_Giacomo\\Trento_Smart_Mountain\\backend\\src\\middleware\\authMiddleware.js","statementMap":{"0":{"start":{"line":3,"column":28},"end":{"line":17,"column":1}},"1":{"start":{"line":4,"column":16},"end":{"line":4,"column":56}},"2":{"start":{"line":6,"column":2},"end":{"line":8,"column":3}},"3":{"start":{"line":7,"column":4},"end":{"line":7,"column":67}},"4":{"start":{"line":10,"column":2},"end":{"line":16,"column":3}},"5":{"start":{"line":11,"column":20},"end":{"line":11,"column":61}},"6":{"start":{"line":12,"column":4},"end":{"line":12,"column":23}},"7":{"start":{"line":13,"column":4},"end":{"line":13,"column":11}},"8":{"start":{"line":15,"column":4},"end":{"line":15,"column":67}}},"fnMap":{"0":{"name":"(anonymous_0)","decl":{"start":{"line":3,"column":28},"end":{"line":3,"column":29}},"loc":{"start":{"line":3,"column":48},"end":{"line":17,"column":1}},"line":3}},"branchMap":{"0":{"loc":{"start":{"line":6,"column":2},"end":{"line":8,"column":3}},"type":"if","locations":[{"start":{"line":6,"column":2},"end":{"line":8,"column":3}},{"start":{},"end":{}}],"line":6}},"s":{"0":5,"1":69,"2":69,"3":10,"4":59,"5":59,"6":56,"7":56,"8":3},"f":{"0":69},"b":{"0":[10,59]},"inputSourceMap":null,"_coverageSchema":"1a1c01bbd47fc00a2c39e90264f33305004495a9","hash":"45ee5814f3be77c64e9c52a481b4231dac17529a"}
,"C:\\TrentoSmartMountain_Giacomo\\Trento_Smart_Mountain\\backend\\src\\middleware\\authorizationMiddleware.js": {"path":"C:\\TrentoSmartMountain_Giacomo\\Trento_Smart_Mountain\\backend\\src\\middleware\\authorizationMiddleware.js","statementMap":{"0":{"start":{"line":1,"column":28},"end":{"line":6,"column":1}},"1":{"start":{"line":1,"column":49},"end":{"line":6,"column":1}},"2":{"start":{"line":2,"column":2},"end":{"line":4,"column":3}},"3":{"start":{"line":3,"column":4},"end":{"line":3,"column":59}},"4":{"start":{"line":5,"column":2},"end":{"line":5,"column":9}}},"fnMap":{"0":{"name":"(anonymous_0)","decl":{"start":{"line":1,"column":28},"end":{"line":1,"column":29}},"loc":{"start":{"line":1,"column":49},"end":{"line":6,"column":1}},"line":1},"1":{"name":"(anonymous_1)","decl":{"start":{"line":1,"column":49},"end":{"line":1,"column":50}},"loc":{"start":{"line":1,"column":69},"end":{"line":6,"column":1}},"line":1}},"branchMap":{"0":{"loc":{"start":{"line":2,"column":2},"end":{"line":4,"column":3}},"type":"if","locations":[{"start":{"line":2,"column":2},"end":{"line":4,"column":3}},{"start":{},"end":{}}],"line":2},"1":{"loc":{"start":{"line":2,"column":6},"end":{"line":2,"column":56}},"type":"binary-expr","locations":[{"start":{"line":2,"column":6},"end":{"line":2,"column":15}},{"start":{"line":2,"column":19},"end":{"line":2,"column":56}}],"line":2}},"s":{"0":5,"1":15,"2":4,"3":2,"4":2},"f":{"0":15,"1":4},"b":{"0":[2,2],"1":[4,4]},"inputSourceMap":null,"_coverageSchema":"1a1c01bbd47fc00a2c39e90264f33305004495a9","hash":"a1718c8ae61537780450fc655f281abcd83d09f7"}
,"C:\\TrentoSmartMountain_Giacomo\\Trento_Smart_Mountain\\backend\\src\\middleware\\errorMiddleware.js": {"path":"C:\\TrentoSmartMountain_Giacomo\\Trento_Smart_Mountain\\backend\\src\\middleware\\errorMiddleware.js","statementMap":{"0":{"start":{"line":2,"column":34},"end":{"line":21,"column":1}},"1":{"start":{"line":4,"column":2},"end":{"line":4,"column":51}},"2":{"start":{"line":6,"column":21},"end":{"line":6,"column":42}},"3":{"start":{"line":7,"column":17},"end":{"line":7,"column":54}},"4":{"start":{"line":12,"column":24},"end":{"line":12,"column":51}},"5":{"start":{"line":14,"column":18},"end":{"line":17,"column":3}},"6":{"start":{"line":18,"column":2},"end":{"line":18,"column":41}},"7":{"start":{"line":18,"column":15},"end":{"line":18,"column":41}},"8":{"start":{"line":20,"column":2},"end":{"line":20,"column":39}},"9":{"start":{"line":23,"column":31},"end":{"line":25,"column":1}},"10":{"start":{"line":24,"column":2},"end":{"line":24,"column":58}}},"fnMap":{"0":{"name":"(anonymous_0)","decl":{"start":{"line":2,"column":34},"end":{"line":2,"column":35}},"loc":{"start":{"line":2,"column":59},"end":{"line":21,"column":1}},"line":2},"1":{"name":"(anonymous_1)","decl":{"start":{"line":23,"column":31},"end":{"line":23,"column":32}},"loc":{"start":{"line":23,"column":51},"end":{"line":25,"column":1}},"line":23}},"branchMap":{"0":{"loc":{"start":{"line":6,"column":21},"end":{"line":6,"column":42}},"type":"binary-expr","locations":[{"start":{"line":6,"column":21},"end":{"line":6,"column":35}},{"start":{"line":6,"column":39},"end":{"line":6,"column":42}}],"line":6},"1":{"loc":{"start":{"line":12,"column":24},"end":{"line":12,"column":51}},"type":"binary-expr","locations":[{"start":{"line":12,"column":24},"end":{"line":12,"column":31}},{"start":{"line":12,"column":35},"end":{"line":12,"column":51}}],"line":12},"2":{"loc":{"start":{"line":16,"column":13},"end":{"line":16,"column":82}},"type":"cond-expr","locations":[{"start":{"line":16,"column":29},"end":{"line":16,"column":40}},{"start":{"line":16,"column":43},"end":{"line":16,"column":82}}],"line":16},"3":{"loc":{"start":{"line":18,"column":2},"end":{"line":18,"column":41}},"type":"if","locations":[{"start":{"line":18,"column":2},"end":{"line":18,"column":41}},{"start":{},"end":{}}],"line":18}},"s":{"0":5,"1":0,"2":0,"3":0,"4":0,"5":0,"6":0,"7":0,"8":0,"9":5,"10":0},"f":{"0":0,"1":0},"b":{"0":[0,0],"1":[0,0],"2":[0,0],"3":[0,0]},"inputSourceMap":null,"_coverageSchema":"1a1c01bbd47fc00a2c39e90264f33305004495a9","hash":"de275e5c02a7d13b9686cc295707d322b0795d56"}
,"C:\\TrentoSmartMountain_Giacomo\\Trento_Smart_Mountain\\backend\\src\\middleware\\rateLimitMiddleware.js": {"path":"C:\\TrentoSmartMountain_Giacomo\\Trento_Smart_Mountain\\backend\\src\\middleware\\rateLimitMiddleware.js","statementMap":{"0":{"start":{"line":6,"column":24},"end":{"line":6,"column":58}},"1":{"start":{"line":7,"column":2},"end":{"line":10,"column":5}},"2":{"start":{"line":16,"column":2},"end":{"line":16,"column":57}},"3":{"start":{"line":16,"column":24},"end":{"line":16,"column":57}},"4":{"start":{"line":17,"column":2},"end":{"line":17,"column":16}},"5":{"start":{"line":22,"column":29},"end":{"line":28,"column":2}},"6":{"start":{"line":32,"column":28},"end":{"line":39,"column":2}},"7":{"start":{"line":42,"column":31},"end":{"line":48,"column":2}},"8":{"start":{"line":51,"column":36},"end":{"line":57,"column":2}},"9":{"start":{"line":60,"column":36},"end":{"line":67,"column":2}},"10":{"start":{"line":70,"column":28},"end":{"line":78,"column":2}},"11":{"start":{"line":77,"column":17},"end":{"line":77,"column":90}}},"fnMap":{"0":{"name":"rateLimitHandler","decl":{"start":{"line":5,"column":9},"end":{"line":5,"column":25}},"loc":{"start":{"line":5,"column":52},"end":{"line":11,"column":1}},"line":5},"1":{"name":"userOrIpKey","decl":{"start":{"line":15,"column":9},"end":{"line":15,"column":20}},"loc":{"start":{"line":15,"column":26},"end":{"line":18,"column":1}},"line":15},"2":{"name":"(anonymous_2)","decl":{"start":{"line":77,"column":8},"end":{"line":77,"column":9}},"loc":{"start":{"line":77,"column":17},"end":{"line":77,"column":90}},"line":77}},"branchMap":{"0":{"loc":{"start":{"line":16,"column":2},"end":{"line":16,"column":57}},"type":"if","locations":[{"start":{"line":16,"column":2},"end":{"line":16,"column":57}},{"start":{},"end":{}}],"line":16},"1":{"loc":{"start":{"line":77,"column":17},"end":{"line":77,"column":90}},"type":"binary-expr","locations":[{"start":{"line":77,"column":17},"end":{"line":77,"column":37}},{"start":{"line":77,"column":41},"end":{"line":77,"column":62}},{"start":{"line":77,"column":66},"end":{"line":77,"column":90}}],"line":77}},"s":{"0":0,"1":0,"2":99,"3":42,"4":57,"5":5,"6":5,"7":5,"8":5,"9":5,"10":5,"11":80},"f":{"0":0,"1":99,"2":80},"b":{"0":[42,57],"1":[80,57,57]},"inputSourceMap":null,"_coverageSchema":"1a1c01bbd47fc00a2c39e90264f33305004495a9","hash":"f647db86000f80c088ba0ac60d6c4a0fb439342c"}
,"C:\\TrentoSmartMountain_Giacomo\\Trento_Smart_Mountain\\backend\\src\\middleware\\securityMiddleware.js": {"path":"C:\\TrentoSmartMountain_Giacomo\\Trento_Smart_Mountain\\backend\\src\\middleware\\securityMiddleware.js","statementMap":{"0":{"start":{"line":9,"column":32},"end":{"line":23,"column":2}},"1":{"start":{"line":27,"column":39},"end":{"line":31,"column":2}},"2":{"start":{"line":29,"column":4},"end":{"line":29,"column":96}},"3":{"start":{"line":35,"column":29},"end":{"line":35,"column":51}},"4":{"start":{"line":39,"column":23},"end":{"line":42,"column":18}},"5":{"start":{"line":41,"column":14},"end":{"line":41,"column":22}},"6":{"start":{"line":44,"column":27},"end":{"line":56,"column":2}},"7":{"start":{"line":46,"column":4},"end":{"line":46,"column":45}},"8":{"start":{"line":46,"column":17},"end":{"line":46,"column":45}},"9":{"start":{"line":47,"column":4},"end":{"line":47,"column":75}},"10":{"start":{"line":47,"column":47},"end":{"line":47,"column":75}},"11":{"start":{"line":48,"column":4},"end":{"line":48,"column":69}},"12":{"start":{"line":48,"column":41},"end":{"line":48,"column":69}},"13":{"start":{"line":49,"column":4},"end":{"line":49,"column":76}},"14":{"start":{"line":60,"column":32},"end":{"line":60,"column":39}}},"fnMap":{"0":{"name":"(anonymous_0)","decl":{"start":{"line":28,"column":14},"end":{"line":28,"column":15}},"loc":{"start":{"line":28,"column":32},"end":{"line":30,"column":3}},"line":28},"1":{"name":"(anonymous_1)","decl":{"start":{"line":41,"column":7},"end":{"line":41,"column":8}},"loc":{"start":{"line":41,"column":14},"end":{"line":41,"column":22}},"line":41},"2":{"name":"(anonymous_2)","decl":{"start":{"line":45,"column":10},"end":{"line":45,"column":11}},"loc":{"start":{"line":45,"column":32},"end":{"line":50,"column":3}},"line":45}},"branchMap":{"0":{"loc":{"start":{"line":20,"column":8},"end":{"line":22,"column":11}},"type":"cond-expr","locations":[{"start":{"line":21,"column":6},"end":{"line":21,"column":61}},{"start":{"line":22,"column":6},"end":{"line":22,"column":11}}],"line":20},"1":{"loc":{"start":{"line":39,"column":24},"end":{"line":39,"column":57}},"type":"binary-expr","locations":[{"start":{"line":39,"column":24},"end":{"line":39,"column":51}},{"start":{"line":39,"column":55},"end":{"line":39,"column":57}}],"line":39},"2":{"loc":{"start":{"line":46,"column":4},"end":{"line":46,"column":45}},"type":"if","locations":[{"start":{"line":46,"column":4},"end":{"line":46,"column":45}},{"start":{},"end":{}}],"line":46},"3":{"loc":{"start":{"line":47,"column":4},"end":{"line":47,"column":75}},"type":"if","locations":[{"start":{"line":47,"column":4},"end":{"line":47,"column":75}},{"start":{},"end":{}}],"line":47},"4":{"loc":{"start":{"line":48,"column":4},"end":{"line":48,"column":69}},"type":"if","locations":[{"start":{"line":48,"column":4},"end":{"line":48,"column":69}},{"start":{},"end":{}}],"line":48}},"s":{"0":5,"1":5,"2":0,"3":5,"4":5,"5":5,"6":5,"7":80,"8":80,"9":0,"10":0,"11":0,"12":0,"13":0,"14":5},"f":{"0":0,"1":5,"2":80},"b":{"0":[0,5],"1":[5,5],"2":[80,0],"3":[0,0],"4":[0,0]},"inputSourceMap":null,"_coverageSchema":"1a1c01bbd47fc00a2c39e90264f33305004495a9","hash":"d423cd670361939cc8468031d6c9861b59ea06ed"}
,"C:\\TrentoSmartMountain_Giacomo\\Trento_Smart_Mountain\\backend\\src\\middleware\\validationMiddleware.js": {"path":"C:\\TrentoSmartMountain_Giacomo\\Trento_Smart_Mountain\\backend\\src\\middleware\\validationMiddleware.js","statementMap":{"0":{"start":{"line":9,"column":2},"end":{"line":23,"column":4}},"1":{"start":{"line":10,"column":29},"end":{"line":14,"column":6}},"2":{"start":{"line":15,"column":4},"end":{"line":20,"column":5}},"3":{"start":{"line":16,"column":6},"end":{"line":19,"column":9}},"4":{"start":{"line":18,"column":43},"end":{"line":18,"column":89}},"5":{"start":{"line":21,"column":4},"end":{"line":21,"column":24}},"6":{"start":{"line":22,"column":4},"end":{"line":22,"column":11}},"7":{"start":{"line":28,"column":19},"end":{"line":28,"column":93}},"8":{"start":{"line":29,"column":22},"end":{"line":29,"column":50}},"9":{"start":{"line":30,"column":22},"end":{"line":30,"column":67}},"10":{"start":{"line":31,"column":22},"end":{"line":31,"column":88}},"11":{"start":{"line":33,"column":27},"end":{"line":36,"column":2}},"12":{"start":{"line":38,"column":35},"end":{"line":42,"column":2}},"13":{"start":{"line":44,"column":36},"end":{"line":53,"column":2}},"14":{"start":{"line":55,"column":36},"end":{"line":57,"column":2}},"15":{"start":{"line":59,"column":35},"end":{"line":67,"column":2}},"16":{"start":{"line":63,"column":2},"end":{"line":65,"column":3}},"17":{"start":{"line":64,"column":4},"end":{"line":64,"column":86}},"18":{"start":{"line":66,"column":2},"end":{"line":66,"column":15}},"19":{"start":{"line":71,"column":24},"end":{"line":71,"column":65}},"20":{"start":{"line":73,"column":23},"end":{"line":76,"column":2}},"21":{"start":{"line":78,"column":23},"end":{"line":85,"column":2}},"22":{"start":{"line":87,"column":35},"end":{"line":102,"column":2}},"23":{"start":{"line":104,"column":35},"end":{"line":114,"column":9}},"24":{"start":{"line":116,"column":41},"end":{"line":118,"column":2}},"25":{"start":{"line":120,"column":33},"end":{"line":122,"column":2}},"26":{"start":{"line":126,"column":26},"end":{"line":134,"column":2}},"27":{"start":{"line":138,"column":34},"end":{"line":141,"column":1}},"28":{"start":{"line":140,"column":9},"end":{"line":140,"column":21}},"29":{"start":{"line":143,"column":37},"end":{"line":145,"column":2}},"30":{"start":{"line":149,"column":36},"end":{"line":157,"column":2}},"31":{"start":{"line":161,"column":29},"end":{"line":163,"column":2}},"32":{"start":{"line":165,"column":32},"end":{"line":167,"column":2}}},"fnMap":{"0":{"name":"validate","decl":{"start":{"line":8,"column":16},"end":{"line":8,"column":24}},"loc":{"start":{"line":8,"column":50},"end":{"line":24,"column":1}},"line":8},"1":{"name":"(anonymous_1)","decl":{"start":{"line":9,"column":9},"end":{"line":9,"column":10}},"loc":{"start":{"line":9,"column":29},"end":{"line":23,"column":3}},"line":9},"2":{"name":"(anonymous_2)","decl":{"start":{"line":18,"column":35},"end":{"line":18,"column":36}},"loc":{"start":{"line":18,"column":43},"end":{"line":18,"column":89}},"line":18},"3":{"name":"(anonymous_3)","decl":{"start":{"line":62,"column":10},"end":{"line":62,"column":11}},"loc":{"start":{"line":62,"column":30},"end":{"line":67,"column":1}},"line":62},"4":{"name":"(anonymous_4)","decl":{"start":{"line":140,"column":2},"end":{"line":140,"column":3}},"loc":{"start":{"line":140,"column":9},"end":{"line":140,"column":21}},"line":140}},"branchMap":{"0":{"loc":{"start":{"line":8,"column":33},"end":{"line":8,"column":48}},"type":"default-arg","locations":[{"start":{"line":8,"column":42},"end":{"line":8,"column":48}}],"line":8},"1":{"loc":{"start":{"line":15,"column":4},"end":{"line":20,"column":5}},"type":"if","locations":[{"start":{"line":15,"column":4},"end":{"line":20,"column":5}},{"start":{},"end":{}}],"line":15},"2":{"loc":{"start":{"line":63,"column":2},"end":{"line":65,"column":3}},"type":"if","locations":[{"start":{"line":63,"column":2},"end":{"line":65,"column":3}},{"start":{},"end":{}}],"line":63},"3":{"loc":{"start":{"line":63,"column":6},"end":{"line":63,"column":71}},"type":"binary-expr","locations":[{"start":{"line":63,"column":6},"end":{"line":63,"column":27}},{"start":{"line":63,"column":31},"end":{"line":63,"column":71}}],"line":63}},"s":{"0":100,"1":53,"2":53,"3":10,"4":13,"5":43,"6":43,"7":5,"8":5,"9":5,"10":5,"11":5,"12":5,"13":5,"14":5,"15":5,"16":0,"17":0,"18":0,"19":5,"20":5,"21":5,"22":5,"23":5,"24":5,"25":5,"26":5,"27":5,"28":20,"29":5,"30":5,"31":5,"32":5},"f":{"0":100,"1":53,"2":13,"3":0,"4":20},"b":{"0":[55],"1":[10,43],"2":[0,0],"3":[0,0]},"inputSourceMap":null,"_coverageSchema":"1a1c01bbd47fc00a2c39e90264f33305004495a9","hash":"6c8cf73c9e09a65a1118bb17971c3b63a952812d"}
,"C:\\TrentoSmartMountain_Giacomo\\Trento_Smart_Mountain\\backend\\src\\models\\activity.js": {"path":"C:\\TrentoSmartMountain_Giacomo\\Trento_Smart_Mountain\\backend\\src\\models\\activity.js","statementMap":{"0":{"start":{"line":6,"column":19},"end":{"line":6,"column":27}},"1":{"start":{"line":8,"column":23},"end":{"line":50,"column":2}},"2":{"start":{"line":52,"column":0},"end":{"line":52,"column":53}},"3":{"start":{"line":53,"column":0},"end":{"line":53,"column":67}},"4":{"start":{"line":55,"column":17},"end":{"line":55,"column":59}}},"fnMap":{},"branchMap":{},"s":{"0":5,"1":5,"2":5,"3":5,"4":5},"f":{},"b":{},"inputSourceMap":null,"_coverageSchema":"1a1c01bbd47fc00a2c39e90264f33305004495a9","hash":"871560af4924a4b379954990b5eae4321e2475df"}
,"C:\\TrentoSmartMountain_Giacomo\\Trento_Smart_Mountain\\backend\\src\\models\\admin.js": {"path":"C:\\TrentoSmartMountain_Giacomo\\Trento_Smart_Mountain\\backend\\src\\models\\admin.js","statementMap":{"0":{"start":{"line":13,"column":20},"end":{"line":15,"column":2}},"1":{"start":{"line":17,"column":14},"end":{"line":17,"column":54}}},"fnMap":{},"branchMap":{},"s":{"0":5,"1":5},"f":{},"b":{},"inputSourceMap":null,"_coverageSchema":"1a1c01bbd47fc00a2c39e90264f33305004495a9","hash":"3f8422f7a9a57af6da4aae7ee907a4d16f656118"}
,"C:\\TrentoSmartMountain_Giacomo\\Trento_Smart_Mountain\\backend\\src\\models\\hikeSession.js": {"path":"C:\\TrentoSmartMountain_Giacomo\\Trento_Smart_Mountain\\backend\\src\\models\\hikeSession.js","statementMap":{"0":{"start":{"line":2,"column":19},"end":{"line":2,"column":27}},"1":{"start":{"line":4,"column":25},"end":{"line":100,"column":2}},"2":{"start":{"line":103,"column":0},"end":{"line":103,"column":66}},"3":{"start":{"line":105,"column":20},"end":{"line":105,"column":67}}},"fnMap":{},"branchMap":{},"s":{"0":5,"1":5,"2":5,"3":5},"f":{},"b":{},"inputSourceMap":null,"_coverageSchema":"1a1c01bbd47fc00a2c39e90264f33305004495a9","hash":"4bc37144913e349308e31ffaee71ce8412c1e1bc"}
,"C:\\TrentoSmartMountain_Giacomo\\Trento_Smart_Mountain\\backend\\src\\models\\hiker.js": {"path":"C:\\TrentoSmartMountain_Giacomo\\Trento_Smart_Mountain\\backend\\src\\models\\hiker.js","statementMap":{"0":{"start":{"line":13,"column":20},"end":{"line":16,"column":2}},"1":{"start":{"line":18,"column":14},"end":{"line":18,"column":60}}},"fnMap":{},"branchMap":{},"s":{"0":5,"1":5},"f":{},"b":{},"inputSourceMap":null,"_coverageSchema":"1a1c01bbd47fc00a2c39e90264f33305004495a9","hash":"3cc426968d79d0e28cd8cfcdfd6b19ffa5d4d42b"}
,"C:\\TrentoSmartMountain_Giacomo\\Trento_Smart_Mountain\\backend\\src\\models\\location.js": {"path":"C:\\TrentoSmartMountain_Giacomo\\Trento_Smart_Mountain\\backend\\src\\models\\location.js","statementMap":{"0":{"start":{"line":4,"column":27},"end":{"line":26,"column":18}},"1":{"start":{"line":28,"column":23},"end":{"line":55,"column":24}},"2":{"start":{"line":57,"column":0},"end":{"line":57,"column":47}},"3":{"start":{"line":58,"column":0},"end":{"line":58,"column":47}}},"fnMap":{},"branchMap":{},"s":{"0":5,"1":5,"2":5,"3":5},"f":{},"b":{},"inputSourceMap":null,"_coverageSchema":"1a1c01bbd47fc00a2c39e90264f33305004495a9","hash":"e0037e59042d99f4e693fe8240d79ab1321a5139"}
,"C:\\TrentoSmartMountain_Giacomo\\Trento_Smart_Mountain\\backend\\src\\models\\refuge.js": {"path":"C:\\TrentoSmartMountain_Giacomo\\Trento_Smart_Mountain\\backend\\src\\models\\refuge.js","statementMap":{"0":{"start":{"line":14,"column":21},"end":{"line":24,"column":2}},"1":{"start":{"line":26,"column":15},"end":{"line":26,"column":58}}},"fnMap":{},"branchMap":{},"s":{"0":5,"1":5},"f":{},"b":{},"inputSourceMap":null,"_coverageSchema":"1a1c01bbd47fc00a2c39e90264f33305004495a9","hash":"95c19548f5717570527de6849ef3d343fdef974b"}
,"C:\\TrentoSmartMountain_Giacomo\\Trento_Smart_Mountain\\backend\\src\\models\\user.js": {"path":"C:\\TrentoSmartMountain_Giacomo\\Trento_Smart_Mountain\\backend\\src\\models\\user.js","statementMap":{"0":{"start":{"line":2,"column":19},"end":{"line":2,"column":27}},"1":{"start":{"line":21,"column":19},"end":{"line":58,"column":1}},"2":{"start":{"line":61,"column":0},"end":{"line":65,"column":3}},"3":{"start":{"line":67,"column":13},"end":{"line":67,"column":47}}},"fnMap":{},"branchMap":{},"s":{"0":5,"1":5,"2":5,"3":5},"f":{},"b":{},"inputSourceMap":null,"_coverageSchema":"1a1c01bbd47fc00a2c39e90264f33305004495a9","hash":"992e9b88ebda2ba7147b5fcf71705211bceea9d3"}
,"C:\\TrentoSmartMountain_Giacomo\\Trento_Smart_Mountain\\backend\\src\\routes\\activityRoutes.js": {"path":"C:\\TrentoSmartMountain_Giacomo\\Trento_Smart_Mountain\\backend\\src\\routes\\activityRoutes.js","statementMap":{"0":{"start":{"line":24,"column":15},"end":{"line":24,"column":31}},"1":{"start":{"line":26,"column":0},"end":{"line":26,"column":25}},"2":{"start":{"line":27,"column":0},"end":{"line":27,"column":33}},"3":{"start":{"line":30,"column":0},"end":{"line":37,"column":3}},"4":{"start":{"line":31,"column":2},"end":{"line":36,"column":3}},"5":{"start":{"line":32,"column":21},"end":{"line":32,"column":68}},"6":{"start":{"line":33,"column":4},"end":{"line":33,"column":35}},"7":{"start":{"line":35,"column":4},"end":{"line":35,"column":65}},"8":{"start":{"line":40,"column":0},"end":{"line":47,"column":3}},"9":{"start":{"line":41,"column":2},"end":{"line":46,"column":3}},"10":{"start":{"line":42,"column":23},"end":{"line":42,"column":65}},"11":{"start":{"line":43,"column":4},"end":{"line":43,"column":37}},"12":{"start":{"line":45,"column":4},"end":{"line":45,"column":64}},"13":{"start":{"line":50,"column":0},"end":{"line":59,"column":3}},"14":{"start":{"line":51,"column":2},"end":{"line":58,"column":3}},"15":{"start":{"line":52,"column":21},"end":{"line":52,"column":74}},"16":{"start":{"line":53,"column":4},"end":{"line":53,"column":35}},"17":{"start":{"line":55,"column":4},"end":{"line":55,"column":109}},"18":{"start":{"line":55,"column":46},"end":{"line":55,"column":109}},"19":{"start":{"line":56,"column":4},"end":{"line":56,"column":95}},"20":{"start":{"line":56,"column":37},"end":{"line":56,"column":95}},"21":{"start":{"line":57,"column":4},"end":{"line":57,"column":64}},"22":{"start":{"line":62,"column":0},"end":{"line":71,"column":3}},"23":{"start":{"line":63,"column":2},"end":{"line":70,"column":3}},"24":{"start":{"line":64,"column":4},"end":{"line":64,"column":57}},"25":{"start":{"line":65,"column":4},"end":{"line":65,"column":60}},"26":{"start":{"line":67,"column":4},"end":{"line":67,"column":109}},"27":{"start":{"line":67,"column":46},"end":{"line":67,"column":109}},"28":{"start":{"line":68,"column":4},"end":{"line":68,"column":95}},"29":{"start":{"line":68,"column":37},"end":{"line":68,"column":95}},"30":{"start":{"line":69,"column":4},"end":{"line":69,"column":68}}},"fnMap":{"0":{"name":"(anonymous_0)","decl":{"start":{"line":30,"column":49},"end":{"line":30,"column":50}},"loc":{"start":{"line":30,"column":69},"end":{"line":37,"column":1}},"line":30},"1":{"name":"(anonymous_1)","decl":{"start":{"line":40,"column":16},"end":{"line":40,"column":17}},"loc":{"start":{"line":40,"column":36},"end":{"line":47,"column":1}},"line":40},"2":{"name":"(anonymous_2)","decl":{"start":{"line":50,"column":54},"end":{"line":50,"column":55}},"loc":{"start":{"line":50,"column":74},"end":{"line":59,"column":1}},"line":50},"3":{"name":"(anonymous_3)","decl":{"start":{"line":62,"column":57},"end":{"line":62,"column":58}},"loc":{"start":{"line":62,"column":77},"end":{"line":71,"column":1}},"line":62}},"branchMap":{"0":{"loc":{"start":{"line":55,"column":4},"end":{"line":55,"column":109}},"type":"if","locations":[{"start":{"line":55,"column":4},"end":{"line":55,"column":109}},{"start":{},"end":{}}],"line":55},"1":{"loc":{"start":{"line":56,"column":4},"end":{"line":56,"column":95}},"type":"if","locations":[{"start":{"line":56,"column":4},"end":{"line":56,"column":95}},{"start":{},"end":{}}],"line":56},"2":{"loc":{"start":{"line":67,"column":4},"end":{"line":67,"column":109}},"type":"if","locations":[{"start":{"line":67,"column":4},"end":{"line":67,"column":109}},{"start":{},"end":{}}],"line":67},"3":{"loc":{"start":{"line":68,"column":4},"end":{"line":68,"column":95}},"type":"if","locations":[{"start":{"line":68,"column":4},"end":{"line":68,"column":95}},{"start":{},"end":{}}],"line":68}},"s":{"0":5,"1":5,"2":5,"3":5,"4":8,"5":8,"6":8,"7":0,"8":5,"9":1,"10":1,"11":1,"12":0,"13":5,"14":3,"15":3,"16":1,"17":2,"18":1,"19":1,"20":1,"21":0,"22":5,"23":2,"24":2,"25":1,"26":1,"27":0,"28":1,"29":1,"30":0},"f":{"0":8,"1":1,"2":3,"3":2},"b":{"0":[1,1],"1":[1,0],"2":[0,1],"3":[1,0]},"inputSourceMap":null,"_coverageSchema":"1a1c01bbd47fc00a2c39e90264f33305004495a9","hash":"0f19de9d3af8ac9fa735fdcd90bf9d57a5e94543"}
,"C:\\TrentoSmartMountain_Giacomo\\Trento_Smart_Mountain\\backend\\src\\routes\\adminRoutes.js": {"path":"C:\\TrentoSmartMountain_Giacomo\\Trento_Smart_Mountain\\backend\\src\\routes\\adminRoutes.js","statementMap":{"0":{"start":{"line":12,"column":15},"end":{"line":12,"column":31}},"1":{"start":{"line":26,"column":0},"end":{"line":26,"column":25}},"2":{"start":{"line":27,"column":0},"end":{"line":27,"column":34}},"3":{"start":{"line":29,"column":0},"end":{"line":29,"column":35}},"4":{"start":{"line":30,"column":0},"end":{"line":30,"column":35}},"5":{"start":{"line":31,"column":0},"end":{"line":31,"column":41}},"6":{"start":{"line":32,"column":0},"end":{"line":32,"column":40}},"7":{"start":{"line":33,"column":0},"end":{"line":33,"column":43}}},"fnMap":{},"branchMap":{},"s":{"0":5,"1":5,"2":5,"3":5,"4":5,"5":5,"6":5,"7":5},"f":{},"b":{},"inputSourceMap":null,"_coverageSchema":"1a1c01bbd47fc00a2c39e90264f33305004495a9","hash":"bce878ae99b8e55e46521f21135684c84321624e"}
,"C:\\TrentoSmartMountain_Giacomo\\Trento_Smart_Mountain\\backend\\src\\routes\\authRoutes.js": {"path":"C:\\TrentoSmartMountain_Giacomo\\Trento_Smart_Mountain\\backend\\src\\routes\\authRoutes.js","statementMap":{"0":{"start":{"line":25,"column":15},"end":{"line":25,"column":31}},"1":{"start":{"line":44,"column":0},"end":{"line":44,"column":70}},"2":{"start":{"line":45,"column":0},"end":{"line":45,"column":42}},"3":{"start":{"line":46,"column":0},"end":{"line":46,"column":102}},"4":{"start":{"line":47,"column":0},"end":{"line":47,"column":59}},"5":{"start":{"line":50,"column":0},"end":{"line":50,"column":106}},"6":{"start":{"line":53,"column":0},"end":{"line":53,"column":92}},"7":{"start":{"line":54,"column":0},"end":{"line":54,"column":95}}},"fnMap":{},"branchMap":{},"s":{"0":5,"1":5,"2":5,"3":5,"4":5,"5":5,"6":5,"7":5},"f":{},"b":{},"inputSourceMap":null,"_coverageSchema":"1a1c01bbd47fc00a2c39e90264f33305004495a9","hash":"67a4dec88bdf1b569d78abf46b12409cfc4cba29"}
,"C:\\TrentoSmartMountain_Giacomo\\Trento_Smart_Mountain\\backend\\src\\routes\\hikeSessionRoutes.js": {"path":"C:\\TrentoSmartMountain_Giacomo\\Trento_Smart_Mountain\\backend\\src\\routes\\hikeSessionRoutes.js","statementMap":{"0":{"start":{"line":29,"column":15},"end":{"line":29,"column":31}},"1":{"start":{"line":32,"column":0},"end":{"line":32,"column":25}},"2":{"start":{"line":33,"column":0},"end":{"line":33,"column":33}},"3":{"start":{"line":36,"column":0},"end":{"line":69,"column":3}},"4":{"start":{"line":46,"column":6},"end":{"line":46,"column":14}},"5":{"start":{"line":48,"column":2},"end":{"line":50,"column":3}},"6":{"start":{"line":49,"column":4},"end":{"line":49,"column":77}},"7":{"start":{"line":52,"column":2},"end":{"line":68,"column":3}},"8":{"start":{"line":53,"column":24},"end":{"line":61,"column":5}},"9":{"start":{"line":62,"column":20},"end":{"line":62,"column":83}},"10":{"start":{"line":63,"column":4},"end":{"line":63,"column":34}},"11":{"start":{"line":65,"column":4},"end":{"line":66,"column":147}},"12":{"start":{"line":66,"column":6},"end":{"line":66,"column":147}},"13":{"start":{"line":67,"column":4},"end":{"line":67,"column":65}},"14":{"start":{"line":72,"column":0},"end":{"line":93,"column":3}},"15":{"start":{"line":73,"column":25},"end":{"line":73,"column":33}},"16":{"start":{"line":75,"column":2},"end":{"line":77,"column":3}},"17":{"start":{"line":76,"column":4},"end":{"line":76,"column":75}},"18":{"start":{"line":79,"column":2},"end":{"line":92,"column":3}},"19":{"start":{"line":80,"column":20},"end":{"line":80,"column":66}},"20":{"start":{"line":81,"column":4},"end":{"line":81,"column":34}},"21":{"start":{"line":83,"column":4},"end":{"line":84,"column":149}},"22":{"start":{"line":84,"column":6},"end":{"line":84,"column":149}},"23":{"start":{"line":85,"column":4},"end":{"line":86,"column":73}},"24":{"start":{"line":86,"column":6},"end":{"line":86,"column":73}},"25":{"start":{"line":87,"column":4},"end":{"line":88,"column":77}},"26":{"start":{"line":88,"column":6},"end":{"line":88,"column":77}},"27":{"start":{"line":89,"column":4},"end":{"line":90,"column":75}},"28":{"start":{"line":90,"column":6},"end":{"line":90,"column":75}},"29":{"start":{"line":91,"column":4},"end":{"line":91,"column":78}},"30":{"start":{"line":97,"column":0},"end":{"line":105,"column":3}},"31":{"start":{"line":98,"column":15},"end":{"line":98,"column":57}},"32":{"start":{"line":99,"column":2},"end":{"line":104,"column":3}},"33":{"start":{"line":100,"column":18},"end":{"line":100,"column":63}},"34":{"start":{"line":101,"column":4},"end":{"line":101,"column":32}},"35":{"start":{"line":103,"column":4},"end":{"line":103,"column":70}},"36":{"start":{"line":108,"column":0},"end":{"line":115,"column":3}},"37":{"start":{"line":109,"column":2},"end":{"line":114,"column":3}},"38":{"start":{"line":110,"column":21},"end":{"line":110,"column":61}},"39":{"start":{"line":111,"column":4},"end":{"line":111,"column":35}},"40":{"start":{"line":113,"column":4},"end":{"line":113,"column":64}},"41":{"start":{"line":118,"column":0},"end":{"line":140,"column":3}},"42":{"start":{"line":119,"column":2},"end":{"line":139,"column":3}},"43":{"start":{"line":120,"column":20},"end":{"line":120,"column":55}},"44":{"start":{"line":121,"column":4},"end":{"line":122,"column":69}},"45":{"start":{"line":122,"column":6},"end":{"line":122,"column":69}},"46":{"start":{"line":126,"column":19},"end":{"line":126,"column":45}},"47":{"start":{"line":127,"column":20},"end":{"line":127,"column":45}},"48":{"start":{"line":128,"column":22},"end":{"line":128,"column":79}},"49":{"start":{"line":129,"column":26},"end":{"line":132,"column":6}},"50":{"start":{"line":130,"column":18},"end":{"line":130,"column":57}},"51":{"start":{"line":131,"column":6},"end":{"line":131,"column":28}},"52":{"start":{"line":133,"column":4},"end":{"line":135,"column":5}},"53":{"start":{"line":134,"column":6},"end":{"line":134,"column":93}},"54":{"start":{"line":136,"column":4},"end":{"line":136,"column":34}},"55":{"start":{"line":138,"column":4},"end":{"line":138,"column":53}},"56":{"start":{"line":143,"column":0},"end":{"line":165,"column":3}},"57":{"start":{"line":148,"column":21},"end":{"line":148,"column":29}},"58":{"start":{"line":149,"column":2},"end":{"line":164,"column":3}},"59":{"start":{"line":150,"column":20},"end":{"line":154,"column":5}},"60":{"start":{"line":155,"column":4},"end":{"line":155,"column":34}},"61":{"start":{"line":157,"column":4},"end":{"line":158,"column":69}},"62":{"start":{"line":158,"column":6},"end":{"line":158,"column":69}},"63":{"start":{"line":159,"column":4},"end":{"line":162,"column":74}},"64":{"start":{"line":160,"column":6},"end":{"line":162,"column":74}},"65":{"start":{"line":163,"column":4},"end":{"line":163,"column":66}},"66":{"start":{"line":168,"column":0},"end":{"line":182,"column":2}},"67":{"start":{"line":173,"column":4},"end":{"line":180,"column":5}},"68":{"start":{"line":174,"column":22},"end":{"line":174,"column":98}},"69":{"start":{"line":175,"column":6},"end":{"line":175,"column":36}},"70":{"start":{"line":177,"column":6},"end":{"line":177,"column":110}},"71":{"start":{"line":177,"column":47},"end":{"line":177,"column":110}},"72":{"start":{"line":178,"column":6},"end":{"line":178,"column":130}},"73":{"start":{"line":178,"column":39},"end":{"line":178,"column":130}},"74":{"start":{"line":179,"column":6},"end":{"line":179,"column":71}},"75":{"start":{"line":185,"column":0},"end":{"line":194,"column":3}},"76":{"start":{"line":186,"column":2},"end":{"line":193,"column":3}},"77":{"start":{"line":187,"column":20},"end":{"line":187,"column":70}},"78":{"start":{"line":188,"column":4},"end":{"line":188,"column":34}},"79":{"start":{"line":190,"column":4},"end":{"line":190,"column":108}},"80":{"start":{"line":190,"column":45},"end":{"line":190,"column":108}},"81":{"start":{"line":191,"column":4},"end":{"line":191,"column":167}},"82":{"start":{"line":191,"column":48},"end":{"line":191,"column":167}},"83":{"start":{"line":192,"column":4},"end":{"line":192,"column":81}},"84":{"start":{"line":197,"column":0},"end":{"line":211,"column":2}},"85":{"start":{"line":202,"column":4},"end":{"line":209,"column":5}},"86":{"start":{"line":203,"column":22},"end":{"line":203,"column":90}},"87":{"start":{"line":204,"column":6},"end":{"line":204,"column":36}},"88":{"start":{"line":206,"column":6},"end":{"line":206,"column":110}},"89":{"start":{"line":206,"column":47},"end":{"line":206,"column":110}},"90":{"start":{"line":207,"column":6},"end":{"line":207,"column":127}},"91":{"start":{"line":207,"column":39},"end":{"line":207,"column":127}},"92":{"start":{"line":208,"column":6},"end":{"line":208,"column":71}},"93":{"start":{"line":214,"column":0},"end":{"line":227,"column":3}},"94":{"start":{"line":215,"column":2},"end":{"line":226,"column":3}},"95":{"start":{"line":216,"column":4},"end":{"line":216,"column":56}},"96":{"start":{"line":217,"column":4},"end":{"line":217,"column":60}},"97":{"start":{"line":219,"column":4},"end":{"line":220,"column":69}},"98":{"start":{"line":220,"column":6},"end":{"line":220,"column":69}},"99":{"start":{"line":221,"column":4},"end":{"line":224,"column":73}},"100":{"start":{"line":222,"column":6},"end":{"line":224,"column":73}},"101":{"start":{"line":225,"column":4},"end":{"line":225,"column":68}}},"fnMap":{"0":{"name":"(anonymous_0)","decl":{"start":{"line":36,"column":48},"end":{"line":36,"column":49}},"loc":{"start":{"line":36,"column":68},"end":{"line":69,"column":1}},"line":36},"1":{"name":"(anonymous_1)","decl":{"start":{"line":72,"column":50},"end":{"line":72,"column":51}},"loc":{"start":{"line":72,"column":70},"end":{"line":93,"column":1}},"line":72},"2":{"name":"(anonymous_2)","decl":{"start":{"line":97,"column":58},"end":{"line":97,"column":59}},"loc":{"start":{"line":97,"column":78},"end":{"line":105,"column":1}},"line":97},"3":{"name":"(anonymous_3)","decl":{"start":{"line":108,"column":18},"end":{"line":108,"column":19}},"loc":{"start":{"line":108,"column":38},"end":{"line":115,"column":1}},"line":108},"4":{"name":"(anonymous_4)","decl":{"start":{"line":118,"column":54},"end":{"line":118,"column":55}},"loc":{"start":{"line":118,"column":74},"end":{"line":140,"column":1}},"line":118},"5":{"name":"(anonymous_5)","decl":{"start":{"line":129,"column":60},"end":{"line":129,"column":61}},"loc":{"start":{"line":129,"column":67},"end":{"line":132,"column":5}},"line":129},"6":{"name":"(anonymous_6)","decl":{"start":{"line":147,"column":2},"end":{"line":147,"column":3}},"loc":{"start":{"line":147,"column":22},"end":{"line":165,"column":1}},"line":147},"7":{"name":"(anonymous_7)","decl":{"start":{"line":172,"column":2},"end":{"line":172,"column":3}},"loc":{"start":{"line":172,"column":22},"end":{"line":181,"column":3}},"line":172},"8":{"name":"(anonymous_8)","decl":{"start":{"line":185,"column":61},"end":{"line":185,"column":62}},"loc":{"start":{"line":185,"column":81},"end":{"line":194,"column":1}},"line":185},"9":{"name":"(anonymous_9)","decl":{"start":{"line":201,"column":2},"end":{"line":201,"column":3}},"loc":{"start":{"line":201,"column":22},"end":{"line":210,"column":3}},"line":201},"10":{"name":"(anonymous_10)","decl":{"start":{"line":214,"column":57},"end":{"line":214,"column":58}},"loc":{"start":{"line":214,"column":77},"end":{"line":227,"column":1}},"line":214}},"branchMap":{"0":{"loc":{"start":{"line":48,"column":2},"end":{"line":50,"column":3}},"type":"if","locations":[{"start":{"line":48,"column":2},"end":{"line":50,"column":3}},{"start":{},"end":{}}],"line":48},"1":{"loc":{"start":{"line":48,"column":6},"end":{"line":48,"column":41}},"type":"binary-expr","locations":[{"start":{"line":48,"column":6},"end":{"line":48,"column":19}},{"start":{"line":48,"column":23},"end":{"line":48,"column":41}}],"line":48},"2":{"loc":{"start":{"line":54,"column":10},"end":{"line":54,"column":40}},"type":"binary-expr","locations":[{"start":{"line":54,"column":10},"end":{"line":54,"column":21}},{"start":{"line":54,"column":25},"end":{"line":54,"column":40}}],"line":54},"3":{"loc":{"start":{"line":55,"column":10},"end":{"line":55,"column":40}},"type":"binary-expr","locations":[{"start":{"line":55,"column":10},"end":{"line":55,"column":21}},{"start":{"line":55,"column":25},"end":{"line":55,"column":40}}],"line":55},"4":{"loc":{"start":{"line":56,"column":10},"end":{"line":56,"column":48}},"type":"binary-expr","locations":[{"start":{"line":56,"column":10},"end":{"line":56,"column":25}},{"start":{"line":56,"column":29},"end":{"line":56,"column":48}}],"line":56},"5":{"loc":{"start":{"line":57,"column":10},"end":{"line":57,"column":48}},"type":"binary-expr","locations":[{"start":{"line":57,"column":10},"end":{"line":57,"column":25}},{"start":{"line":57,"column":29},"end":{"line":57,"column":48}}],"line":57},"6":{"loc":{"start":{"line":58,"column":10},"end":{"line":58,"column":54}},"type":"binary-expr","locations":[{"start":{"line":58,"column":10},"end":{"line":58,"column":28}},{"start":{"line":58,"column":32},"end":{"line":58,"column":54}}],"line":58},"7":{"loc":{"start":{"line":59,"column":10},"end":{"line":59,"column":40}},"type":"binary-expr","locations":[{"start":{"line":59,"column":10},"end":{"line":59,"column":21}},{"start":{"line":59,"column":25},"end":{"line":59,"column":40}}],"line":59},"8":{"loc":{"start":{"line":60,"column":10},"end":{"line":60,"column":34}},"type":"binary-expr","locations":[{"start":{"line":60,"column":10},"end":{"line":60,"column":18}},{"start":{"line":60,"column":22},"end":{"line":60,"column":34}}],"line":60},"9":{"loc":{"start":{"line":65,"column":4},"end":{"line":66,"column":147}},"type":"if","locations":[{"start":{"line":65,"column":4},"end":{"line":66,"column":147}},{"start":{},"end":{}}],"line":65},"10":{"loc":{"start":{"line":75,"column":2},"end":{"line":77,"column":3}},"type":"if","locations":[{"start":{"line":75,"column":2},"end":{"line":77,"column":3}},{"start":{},"end":{}}],"line":75},"11":{"loc":{"start":{"line":83,"column":4},"end":{"line":84,"column":149}},"type":"if","locations":[{"start":{"line":83,"column":4},"end":{"line":84,"column":149}},{"start":{},"end":{}}],"line":83},"12":{"loc":{"start":{"line":85,"column":4},"end":{"line":86,"column":73}},"type":"if","locations":[{"start":{"line":85,"column":4},"end":{"line":86,"column":73}},{"start":{},"end":{}}],"line":85},"13":{"loc":{"start":{"line":87,"column":4},"end":{"line":88,"column":77}},"type":"if","locations":[{"start":{"line":87,"column":4},"end":{"line":88,"column":77}},{"start":{},"end":{}}],"line":87},"14":{"loc":{"start":{"line":89,"column":4},"end":{"line":90,"column":75}},"type":"if","locations":[{"start":{"line":89,"column":4},"end":{"line":90,"column":75}},{"start":{},"end":{}}],"line":89},"15":{"loc":{"start":{"line":98,"column":15},"end":{"line":98,"column":57}},"type":"binary-expr","locations":[{"start":{"line":98,"column":15},"end":{"line":98,"column":29}},{"start":{"line":98,"column":33},"end":{"line":98,"column":57}}],"line":98},"16":{"loc":{"start":{"line":121,"column":4},"end":{"line":122,"column":69}},"type":"if","locations":[{"start":{"line":121,"column":4},"end":{"line":122,"column":69}},{"start":{},"end":{}}],"line":121},"17":{"loc":{"start":{"line":128,"column":23},"end":{"line":128,"column":66}},"type":"binary-expr","locations":[{"start":{"line":128,"column":23},"end":{"line":128,"column":45}},{"start":{"line":128,"column":49},"end":{"line":128,"column":66}}],"line":128},"18":{"loc":{"start":{"line":129,"column":27},"end":{"line":129,"column":53}},"type":"binary-expr","locations":[{"start":{"line":129,"column":27},"end":{"line":129,"column":47}},{"start":{"line":129,"column":51},"end":{"line":129,"column":53}}],"line":129},"19":{"loc":{"start":{"line":130,"column":19},"end":{"line":130,"column":44}},"type":"binary-expr","locations":[{"start":{"line":130,"column":19},"end":{"line":130,"column":32}},{"start":{"line":130,"column":36},"end":{"line":130,"column":44}}],"line":130},"20":{"loc":{"start":{"line":133,"column":4},"end":{"line":135,"column":5}},"type":"if","locations":[{"start":{"line":133,"column":4},"end":{"line":135,"column":5}},{"start":{},"end":{}}],"line":133},"21":{"loc":{"start":{"line":133,"column":8},"end":{"line":133,"column":58}},"type":"binary-expr","locations":[{"start":{"line":133,"column":8},"end":{"line":133,"column":16}},{"start":{"line":133,"column":20},"end":{"line":133,"column":40}},{"start":{"line":133,"column":44},"end":{"line":133,"column":58}}],"line":133},"22":{"loc":{"start":{"line":157,"column":4},"end":{"line":158,"column":69}},"type":"if","locations":[{"start":{"line":157,"column":4},"end":{"line":158,"column":69}},{"start":{},"end":{}}],"line":157},"23":{"loc":{"start":{"line":159,"column":4},"end":{"line":162,"column":74}},"type":"if","locations":[{"start":{"line":159,"column":4},"end":{"line":162,"column":74}},{"start":{},"end":{}}],"line":159},"24":{"loc":{"start":{"line":177,"column":6},"end":{"line":177,"column":110}},"type":"if","locations":[{"start":{"line":177,"column":6},"end":{"line":177,"column":110}},{"start":{},"end":{}}],"line":177},"25":{"loc":{"start":{"line":178,"column":6},"end":{"line":178,"column":130}},"type":"if","locations":[{"start":{"line":178,"column":6},"end":{"line":178,"column":130}},{"start":{},"end":{}}],"line":178},"26":{"loc":{"start":{"line":190,"column":4},"end":{"line":190,"column":108}},"type":"if","locations":[{"start":{"line":190,"column":4},"end":{"line":190,"column":108}},{"start":{},"end":{}}],"line":190},"27":{"loc":{"start":{"line":191,"column":4},"end":{"line":191,"column":167}},"type":"if","locations":[{"start":{"line":191,"column":4},"end":{"line":191,"column":167}},{"start":{},"end":{}}],"line":191},"28":{"loc":{"start":{"line":206,"column":6},"end":{"line":206,"column":110}},"type":"if","locations":[{"start":{"line":206,"column":6},"end":{"line":206,"column":110}},{"start":{},"end":{}}],"line":206},"29":{"loc":{"start":{"line":207,"column":6},"end":{"line":207,"column":127}},"type":"if","locations":[{"start":{"line":207,"column":6},"end":{"line":207,"column":127}},{"start":{},"end":{}}],"line":207},"30":{"loc":{"start":{"line":219,"column":4},"end":{"line":220,"column":69}},"type":"if","locations":[{"start":{"line":219,"column":4},"end":{"line":220,"column":69}},{"start":{},"end":{}}],"line":219},"31":{"loc":{"start":{"line":221,"column":4},"end":{"line":224,"column":73}},"type":"if","locations":[{"start":{"line":221,"column":4},"end":{"line":224,"column":73}},{"start":{},"end":{}}],"line":221}},"s":{"0":5,"1":5,"2":5,"3":5,"4":11,"5":11,"6":0,"7":11,"8":11,"9":11,"10":11,"11":0,"12":0,"13":0,"14":5,"15":4,"16":4,"17":0,"18":4,"19":4,"20":3,"21":1,"22":0,"23":1,"24":1,"25":0,"26":0,"27":0,"28":0,"29":0,"30":5,"31":1,"32":1,"33":1,"34":1,"35":0,"36":5,"37":2,"38":2,"39":2,"40":0,"41":5,"42":0,"43":0,"44":0,"45":0,"46":0,"47":0,"48":0,"49":0,"50":0,"51":0,"52":0,"53":0,"54":0,"55":0,"56":5,"57":2,"58":2,"59":2,"60":1,"61":1,"62":0,"63":1,"64":1,"65":0,"66":5,"67":0,"68":0,"69":0,"70":0,"71":0,"72":0,"73":0,"74":0,"75":5,"76":2,"77":2,"78":1,"79":1,"80":0,"81":1,"82":1,"83":0,"84":5,"85":0,"86":0,"87":0,"88":0,"89":0,"90":0,"91":0,"92":0,"93":5,"94":2,"95":2,"96":1,"97":1,"98":0,"99":1,"100":1,"101":0},"f":{"0":11,"1":4,"2":1,"3":2,"4":0,"5":0,"6":2,"7":0,"8":2,"9":0,"10":2},"b":{"0":[0,11],"1":[11,11],"2":[11,11],"3":[11,11],"4":[11,11],"5":[11,11],"6":[11,11],"7":[11,0],"8":[11,0],"9":[0,0],"10":[0,4],"11":[0,1],"12":[1,0],"13":[0,0],"14":[0,0],"15":[1,0],"16":[0,0],"17":[0,0],"18":[0,0],"19":[0,0],"20":[0,0],"21":[0,0,0],"22":[0,1],"23":[1,0],"24":[0,0],"25":[0,0],"26":[0,1],"27":[1,0],"28":[0,0],"29":[0,0],"30":[0,1],"31":[1,0]},"inputSourceMap":null,"_coverageSchema":"1a1c01bbd47fc00a2c39e90264f33305004495a9","hash":"277f5270bda066b5e577c991aaf8fd903ba40af2"}
,"C:\\TrentoSmartMountain_Giacomo\\Trento_Smart_Mountain\\backend\\src\\routes\\hikerRoutes.js": {"path":"C:\\TrentoSmartMountain_Giacomo\\Trento_Smart_Mountain\\backend\\src\\routes\\hikerRoutes.js","statementMap":{"0":{"start":{"line":5,"column":15},"end":{"line":5,"column":31}},"1":{"start":{"line":18,"column":0},"end":{"line":18,"column":30}},"2":{"start":{"line":19,"column":0},"end":{"line":19,"column":47}},"3":{"start":{"line":20,"column":0},"end":{"line":20,"column":46}}},"fnMap":{},"branchMap":{},"s":{"0":5,"1":5,"2":5,"3":5},"f":{},"b":{},"inputSourceMap":null,"_coverageSchema":"1a1c01bbd47fc00a2c39e90264f33305004495a9","hash":"ee096359e2215817389d083ffd13e28bd66f5f92"}
,"C:\\TrentoSmartMountain_Giacomo\\Trento_Smart_Mountain\\backend\\src\\routes\\refugeRoutes.js": {"path":"C:\\TrentoSmartMountain_Giacomo\\Trento_Smart_Mountain\\backend\\src\\routes\\refugeRoutes.js","statementMap":{"0":{"start":{"line":10,"column":15},"end":{"line":10,"column":31}},"1":{"start":{"line":23,"column":0},"end":{"line":23,"column":31}},"2":{"start":{"line":24,"column":0},"end":{"line":24,"column":29}},"3":{"start":{"line":25,"column":0},"end":{"line":25,"column":48}},"4":{"start":{"line":26,"column":0},"end":{"line":26,"column":47}}},"fnMap":{},"branchMap":{},"s":{"0":5,"1":5,"2":5,"3":5,"4":5},"f":{},"b":{},"inputSourceMap":null,"_coverageSchema":"1a1c01bbd47fc00a2c39e90264f33305004495a9","hash":"bc5366384222ee679be628e9c25c048dac624db8"}
,"C:\\TrentoSmartMountain_Giacomo\\Trento_Smart_Mountain\\backend\\src\\routes\\weatherRoutes.js": {"path":"C:\\TrentoSmartMountain_Giacomo\\Trento_Smart_Mountain\\backend\\src\\routes\\weatherRoutes.js","statementMap":{"0":{"start":{"line":23,"column":15},"end":{"line":23,"column":23}},"1":{"start":{"line":28,"column":21},"end":{"line":29,"column":49}},"2":{"start":{"line":28,"column":29},"end":{"line":29,"column":49}},"3":{"start":{"line":29,"column":2},"end":{"line":29,"column":49}},"4":{"start":{"line":32,"column":0},"end":{"line":32,"column":58}},"5":{"start":{"line":32,"column":34},"end":{"line":32,"column":56}},"6":{"start":{"line":39,"column":0},"end":{"line":59,"column":2}},"7":{"start":{"line":43,"column":31},"end":{"line":43,"column":40}},"8":{"start":{"line":45,"column":4},"end":{"line":49,"column":5}},"9":{"start":{"line":46,"column":6},"end":{"line":48,"column":9}},"10":{"start":{"line":52,"column":20},"end":{"line":55,"column":6}},"11":{"start":{"line":57,"column":4},"end":{"line":57,"column":49}},"12":{"start":{"line":67,"column":0},"end":{"line":90,"column":2}},"13":{"start":{"line":71,"column":51},"end":{"line":71,"column":60}},"14":{"start":{"line":73,"column":4},"end":{"line":75,"column":5}},"15":{"start":{"line":74,"column":6},"end":{"line":74,"column":84}},"16":{"start":{"line":78,"column":20},"end":{"line":86,"column":5}},"17":{"start":{"line":88,"column":4},"end":{"line":88,"column":49}},"18":{"start":{"line":101,"column":0},"end":{"line":135,"column":2}},"19":{"start":{"line":105,"column":27},"end":{"line":105,"column":37}},"20":{"start":{"line":106,"column":25},"end":{"line":106,"column":58}},"21":{"start":{"line":108,"column":19},"end":{"line":108,"column":74}},"22":{"start":{"line":110,"column":4},"end":{"line":133,"column":7}},"23":{"start":{"line":146,"column":0},"end":{"line":164,"column":2}},"24":{"start":{"line":151,"column":27},"end":{"line":151,"column":37}},"25":{"start":{"line":153,"column":20},"end":{"line":153,"column":61}},"26":{"start":{"line":155,"column":4},"end":{"line":162,"column":7}},"27":{"start":{"line":175,"column":0},"end":{"line":186,"column":2}},"28":{"start":{"line":180,"column":19},"end":{"line":180,"column":40}},"29":{"start":{"line":181,"column":4},"end":{"line":184,"column":7}},"30":{"start":{"line":190,"column":0},"end":{"line":195,"column":3}},"31":{"start":{"line":191,"column":2},"end":{"line":191,"column":76}},"32":{"start":{"line":193,"column":17},"end":{"line":193,"column":64}},"33":{"start":{"line":194,"column":2},"end":{"line":194,"column":50}}},"fnMap":{"0":{"name":"(anonymous_0)","decl":{"start":{"line":28,"column":21},"end":{"line":28,"column":22}},"loc":{"start":{"line":28,"column":29},"end":{"line":29,"column":49}},"line":28},"1":{"name":"(anonymous_1)","decl":{"start":{"line":28,"column":29},"end":{"line":28,"column":30}},"loc":{"start":{"line":29,"column":2},"end":{"line":29,"column":49}},"line":29},"2":{"name":"(anonymous_2)","decl":{"start":{"line":32,"column":20},"end":{"line":32,"column":21}},"loc":{"start":{"line":32,"column":34},"end":{"line":32,"column":56}},"line":32},"3":{"name":"(anonymous_3)","decl":{"start":{"line":42,"column":15},"end":{"line":42,"column":16}},"loc":{"start":{"line":42,"column":35},"end":{"line":58,"column":3}},"line":42},"4":{"name":"(anonymous_4)","decl":{"start":{"line":70,"column":15},"end":{"line":70,"column":16}},"loc":{"start":{"line":70,"column":35},"end":{"line":89,"column":3}},"line":70},"5":{"name":"(anonymous_5)","decl":{"start":{"line":104,"column":15},"end":{"line":104,"column":16}},"loc":{"start":{"line":104,"column":35},"end":{"line":134,"column":3}},"line":104},"6":{"name":"(anonymous_6)","decl":{"start":{"line":150,"column":15},"end":{"line":150,"column":16}},"loc":{"start":{"line":150,"column":35},"end":{"line":163,"column":3}},"line":150},"7":{"name":"(anonymous_7)","decl":{"start":{"line":179,"column":15},"end":{"line":179,"column":16}},"loc":{"start":{"line":179,"column":35},"end":{"line":185,"column":3}},"line":179},"8":{"name":"(anonymous_8)","decl":{"start":{"line":190,"column":11},"end":{"line":190,"column":12}},"loc":{"start":{"line":190,"column":37},"end":{"line":195,"column":1}},"line":190}},"branchMap":{"0":{"loc":{"start":{"line":45,"column":4},"end":{"line":49,"column":5}},"type":"if","locations":[{"start":{"line":45,"column":4},"end":{"line":49,"column":5}},{"start":{},"end":{}}],"line":45},"1":{"loc":{"start":{"line":45,"column":8},"end":{"line":45,"column":33}},"type":"binary-expr","locations":[{"start":{"line":45,"column":8},"end":{"line":45,"column":10}},{"start":{"line":45,"column":14},"end":{"line":45,"column":33}}],"line":45},"2":{"loc":{"start":{"line":54,"column":13},"end":{"line":54,"column":45}},"type":"cond-expr","locations":[{"start":{"line":54,"column":21},"end":{"line":54,"column":40}},{"start":{"line":54,"column":43},"end":{"line":54,"column":45}}],"line":54},"3":{"loc":{"start":{"line":73,"column":4},"end":{"line":75,"column":5}},"type":"if","locations":[{"start":{"line":73,"column":4},"end":{"line":75,"column":5}},{"start":{},"end":{}}],"line":73},"4":{"loc":{"start":{"line":73,"column":8},"end":{"line":73,"column":20}},"type":"binary-expr","locations":[{"start":{"line":73,"column":8},"end":{"line":73,"column":12}},{"start":{"line":73,"column":16},"end":{"line":73,"column":20}}],"line":73},"5":{"loc":{"start":{"line":82,"column":21},"end":{"line":82,"column":69}},"type":"cond-expr","locations":[{"start":{"line":82,"column":35},"end":{"line":82,"column":60}},{"start":{"line":82,"column":63},"end":{"line":82,"column":69}}],"line":82},"6":{"loc":{"start":{"line":84,"column":15},"end":{"line":84,"column":46}},"type":"cond-expr","locations":[{"start":{"line":84,"column":23},"end":{"line":84,"column":42}},{"start":{"line":84,"column":45},"end":{"line":84,"column":46}}],"line":84},"7":{"loc":{"start":{"line":119,"column":10},"end":{"line":124,"column":7}},"type":"binary-expr","locations":[{"start":{"line":119,"column":10},"end":{"line":119,"column":40}},{"start":{"line":119,"column":44},"end":{"line":124,"column":7}}],"line":119},"8":{"loc":{"start":{"line":159,"column":15},"end":{"line":159,"column":54}},"type":"binary-expr","locations":[{"start":{"line":159,"column":15},"end":{"line":159,"column":48}},{"start":{"line":159,"column":53},"end":{"line":159,"column":54}}],"line":159},"9":{"loc":{"start":{"line":160,"column":15},"end":{"line":160,"column":54}},"type":"binary-expr","locations":[{"start":{"line":160,"column":15},"end":{"line":160,"column":49}},{"start":{"line":160,"column":53},"end":{"line":160,"column":54}}],"line":160},"10":{"loc":{"start":{"line":193,"column":17},"end":{"line":193,"column":64}},"type":"cond-expr","locations":[{"start":{"line":193,"column":55},"end":{"line":193,"column":58}},{"start":{"line":193,"column":61},"end":{"line":193,"column":64}}],"line":193}},"s":{"0":5,"1":5,"2":25,"3":5,"4":5,"5":0,"6":5,"7":1,"8":1,"9":1,"10":0,"11":0,"12":5,"13":2,"14":2,"15":1,"16":1,"17":1,"18":5,"19":0,"20":0,"21":0,"22":0,"23":5,"24":1,"25":1,"26":1,"27":5,"28":1,"29":0,"30":5,"31":2,"32":2,"33":2},"f":{"0":25,"1":5,"2":0,"3":1,"4":2,"5":0,"6":1,"7":1,"8":2},"b":{"0":[1,0],"1":[1,1],"2":[0,0],"3":[1,1],"4":[2,1],"5":[0,1],"6":[0,1],"7":[0,0],"8":[0,0],"9":[0,0],"10":[0,2]},"inputSourceMap":null,"_coverageSchema":"1a1c01bbd47fc00a2c39e90264f33305004495a9","hash":"d5693cd68a06ef2a42b7ee340f3f224a6f44736e"}
,"C:\\TrentoSmartMountain_Giacomo\\Trento_Smart_Mountain\\backend\\src\\services\\activityService.js": {"path":"C:\\TrentoSmartMountain_Giacomo\\Trento_Smart_Mountain\\backend\\src\\services\\activityService.js","statementMap":{"0":{"start":{"line":6,"column":19},"end":{"line":16,"column":4}},"1":{"start":{"line":17,"column":2},"end":{"line":17,"column":24}},"2":{"start":{"line":18,"column":2},"end":{"line":18,"column":18}},"3":{"start":{"line":22,"column":2},"end":{"line":22,"column":68}},"4":{"start":{"line":26,"column":19},"end":{"line":26,"column":61}},"5":{"start":{"line":27,"column":2},"end":{"line":27,"column":55}},"6":{"start":{"line":27,"column":17},"end":{"line":27,"column":55}},"7":{"start":{"line":28,"column":2},"end":{"line":28,"column":85}},"8":{"start":{"line":28,"column":56},"end":{"line":28,"column":85}},"9":{"start":{"line":29,"column":2},"end":{"line":29,"column":18}},"10":{"start":{"line":33,"column":19},"end":{"line":33,"column":54}},"11":{"start":{"line":34,"column":2},"end":{"line":34,"column":55}},"12":{"start":{"line":34,"column":17},"end":{"line":34,"column":55}},"13":{"start":{"line":35,"column":2},"end":{"line":35,"column":85}},"14":{"start":{"line":35,"column":56},"end":{"line":35,"column":85}},"15":{"start":{"line":36,"column":2},"end":{"line":36,"column":29}},"16":{"start":{"line":42,"column":21},"end":{"line":42,"column":59}},"17":{"start":{"line":44,"column":20},"end":{"line":44,"column":59}},"18":{"start":{"line":45,"column":23},"end":{"line":45,"column":65}},"19":{"start":{"line":46,"column":25},"end":{"line":46,"column":98}},"20":{"start":{"line":46,"column":52},"end":{"line":46,"column":97}},"21":{"start":{"line":47,"column":23},"end":{"line":47,"column":63}},"22":{"start":{"line":47,"column":48},"end":{"line":47,"column":61}},"23":{"start":{"line":49,"column":18},"end":{"line":49,"column":50}},"24":{"start":{"line":50,"column":18},"end":{"line":50,"column":54}},"25":{"start":{"line":51,"column":20},"end":{"line":51,"column":48}},"26":{"start":{"line":52,"column":18},"end":{"line":52,"column":50}},"27":{"start":{"line":54,"column":2},"end":{"line":69,"column":5}},"28":{"start":{"line":55,"column":16},"end":{"line":55,"column":29}},"29":{"start":{"line":56,"column":4},"end":{"line":56,"column":21}},"30":{"start":{"line":56,"column":14},"end":{"line":56,"column":21}},"31":{"start":{"line":57,"column":14},"end":{"line":57,"column":27}},"32":{"start":{"line":58,"column":4},"end":{"line":58,"column":41}},"33":{"start":{"line":58,"column":34},"end":{"line":58,"column":41}},"34":{"start":{"line":59,"column":14},"end":{"line":59,"column":26}},"35":{"start":{"line":60,"column":4},"end":{"line":60,"column":22}},"36":{"start":{"line":61,"column":4},"end":{"line":61,"column":16}},"37":{"start":{"line":62,"column":19},"end":{"line":62,"column":64}},"38":{"start":{"line":63,"column":4},"end":{"line":63,"column":24}},"39":{"start":{"line":64,"column":4},"end":{"line":64,"column":52}},"40":{"start":{"line":65,"column":4},"end":{"line":65,"column":51}},"41":{"start":{"line":66,"column":18},"end":{"line":66,"column":53}},"42":{"start":{"line":67,"column":4},"end":{"line":67,"column":31}},"43":{"start":{"line":68,"column":4},"end":{"line":68,"column":22}},"44":{"start":{"line":71,"column":2},"end":{"line":81,"column":4}},"45":{"start":{"line":79,"column":6},"end":{"line":79,"column":67}}},"fnMap":{"0":{"name":"createActivity","decl":{"start":{"line":5,"column":22},"end":{"line":5,"column":36}},"loc":{"start":{"line":5,"column":54},"end":{"line":19,"column":1}},"line":5},"1":{"name":"getActivitiesByUser","decl":{"start":{"line":21,"column":22},"end":{"line":21,"column":41}},"loc":{"start":{"line":21,"column":50},"end":{"line":23,"column":1}},"line":21},"2":{"name":"getActivityById","decl":{"start":{"line":25,"column":22},"end":{"line":25,"column":37}},"loc":{"start":{"line":25,"column":58},"end":{"line":30,"column":1}},"line":25},"3":{"name":"deleteActivity","decl":{"start":{"line":32,"column":22},"end":{"line":32,"column":36}},"loc":{"start":{"line":32,"column":57},"end":{"line":37,"column":1}},"line":32},"4":{"name":"getCombinedActivityStats","decl":{"start":{"line":41,"column":22},"end":{"line":41,"column":46}},"loc":{"start":{"line":41,"column":79},"end":{"line":82,"column":1}},"line":41},"5":{"name":"(anonymous_5)","decl":{"start":{"line":46,"column":42},"end":{"line":46,"column":43}},"loc":{"start":{"line":46,"column":52},"end":{"line":46,"column":97}},"line":46},"6":{"name":"(anonymous_6)","decl":{"start":{"line":47,"column":40},"end":{"line":47,"column":41}},"loc":{"start":{"line":47,"column":48},"end":{"line":47,"column":61}},"line":47},"7":{"name":"(anonymous_7)","decl":{"start":{"line":54,"column":21},"end":{"line":54,"column":22}},"loc":{"start":{"line":54,"column":28},"end":{"line":69,"column":3}},"line":54},"8":{"name":"(anonymous_8)","decl":{"start":{"line":78,"column":43},"end":{"line":78,"column":44}},"loc":{"start":{"line":79,"column":6},"end":{"line":79,"column":67}},"line":79}},"branchMap":{"0":{"loc":{"start":{"line":9,"column":18},"end":{"line":9,"column":50}},"type":"binary-expr","locations":[{"start":{"line":9,"column":18},"end":{"line":9,"column":38}},{"start":{"line":9,"column":42},"end":{"line":9,"column":50}}],"line":9},"1":{"loc":{"start":{"line":27,"column":2},"end":{"line":27,"column":55}},"type":"if","locations":[{"start":{"line":27,"column":2},"end":{"line":27,"column":55}},{"start":{},"end":{}}],"line":27},"2":{"loc":{"start":{"line":28,"column":2},"end":{"line":28,"column":85}},"type":"if","locations":[{"start":{"line":28,"column":2},"end":{"line":28,"column":85}},{"start":{},"end":{}}],"line":28},"3":{"loc":{"start":{"line":34,"column":2},"end":{"line":34,"column":55}},"type":"if","locations":[{"start":{"line":34,"column":2},"end":{"line":34,"column":55}},{"start":{},"end":{}}],"line":34},"4":{"loc":{"start":{"line":35,"column":2},"end":{"line":35,"column":85}},"type":"if","locations":[{"start":{"line":35,"column":2},"end":{"line":35,"column":85}},{"start":{},"end":{}}],"line":35},"5":{"loc":{"start":{"line":46,"column":52},"end":{"line":46,"column":97}},"type":"binary-expr","locations":[{"start":{"line":46,"column":52},"end":{"line":46,"column":92}},{"start":{"line":46,"column":96},"end":{"line":46,"column":97}}],"line":46},"6":{"loc":{"start":{"line":47,"column":48},"end":{"line":47,"column":61}},"type":"cond-expr","locations":[{"start":{"line":47,"column":56},"end":{"line":47,"column":57}},{"start":{"line":47,"column":60},"end":{"line":47,"column":61}}],"line":47},"7":{"loc":{"start":{"line":56,"column":4},"end":{"line":56,"column":21}},"type":"if","locations":[{"start":{"line":56,"column":4},"end":{"line":56,"column":21}},{"start":{},"end":{}}],"line":56},"8":{"loc":{"start":{"line":58,"column":4},"end":{"line":58,"column":41}},"type":"if","locations":[{"start":{"line":58,"column":4},"end":{"line":58,"column":41}},{"start":{},"end":{}}],"line":58},"9":{"loc":{"start":{"line":62,"column":20},"end":{"line":62,"column":54}},"type":"binary-expr","locations":[{"start":{"line":62,"column":20},"end":{"line":62,"column":49}},{"start":{"line":62,"column":53},"end":{"line":62,"column":54}}],"line":62},"10":{"loc":{"start":{"line":64,"column":17},"end":{"line":64,"column":51}},"type":"binary-expr","locations":[{"start":{"line":64,"column":17},"end":{"line":64,"column":46}},{"start":{"line":64,"column":50},"end":{"line":64,"column":51}}],"line":64},"11":{"loc":{"start":{"line":65,"column":19},"end":{"line":65,"column":50}},"type":"binary-expr","locations":[{"start":{"line":65,"column":19},"end":{"line":65,"column":45}},{"start":{"line":65,"column":49},"end":{"line":65,"column":50}}],"line":65},"12":{"loc":{"start":{"line":66,"column":18},"end":{"line":66,"column":53}},"type":"binary-expr","locations":[{"start":{"line":66,"column":18},"end":{"line":66,"column":46}},{"start":{"line":66,"column":50},"end":{"line":66,"column":53}}],"line":66},"13":{"loc":{"start":{"line":79,"column":6},"end":{"line":79,"column":67}},"type":"cond-expr","locations":[{"start":{"line":79,"column":28},"end":{"line":79,"column":63}},{"start":{"line":79,"column":66},"end":{"line":79,"column":67}}],"line":79}},"s":{"0":8,"1":8,"2":8,"3":1,"4":3,"5":3,"6":1,"7":2,"8":1,"9":1,"10":2,"11":2,"12":0,"13":2,"14":1,"15":1,"16":1,"17":1,"18":1,"19":1,"20":12,"21":1,"22":12,"23":1,"24":1,"25":1,"26":1,"27":1,"28":0,"29":0,"30":0,"31":0,"32":0,"33":0,"34":0,"35":0,"36":0,"37":0,"38":0,"39":0,"40":0,"41":0,"42":0,"43":0,"44":1,"45":12},"f":{"0":8,"1":1,"2":3,"3":2,"4":1,"5":12,"6":12,"7":0,"8":12},"b":{"0":[8,0],"1":[1,2],"2":[1,1],"3":[0,2],"4":[1,1],"5":[12,12],"6":[0,12],"7":[0,0],"8":[0,0],"9":[0,0],"10":[0,0],"11":[0,0],"12":[0,0],"13":[0,12]},"inputSourceMap":null,"_coverageSchema":"1a1c01bbd47fc00a2c39e90264f33305004495a9","hash":"d777526855c1800374540ee38f31b355bcdd3f66"}
,"C:\\TrentoSmartMountain_Giacomo\\Trento_Smart_Mountain\\backend\\src\\services\\adminService.js": {"path":"C:\\TrentoSmartMountain_Giacomo\\Trento_Smart_Mountain\\backend\\src\\services\\adminService.js","statementMap":{"0":{"start":{"line":18,"column":27},"end":{"line":47,"column":1}},"1":{"start":{"line":23,"column":2},"end":{"line":46,"column":3}},"2":{"start":{"line":24,"column":42},"end":{"line":24,"column":50}},"3":{"start":{"line":25,"column":4},"end":{"line":29,"column":5}},"4":{"start":{"line":26,"column":6},"end":{"line":28,"column":9}},"5":{"start":{"line":30,"column":25},"end":{"line":30,"column":56}},"6":{"start":{"line":32,"column":18},"end":{"line":37,"column":6}},"7":{"start":{"line":38,"column":18},"end":{"line":38,"column":36}},"8":{"start":{"line":39,"column":54},"end":{"line":39,"column":70}},"9":{"start":{"line":40,"column":4},"end":{"line":40,"column":74}},"10":{"start":{"line":42,"column":4},"end":{"line":44,"column":5}},"11":{"start":{"line":43,"column":6},"end":{"line":43,"column":79}},"12":{"start":{"line":45,"column":4},"end":{"line":45,"column":53}},"13":{"start":{"line":52,"column":28},"end":{"line":63,"column":1}},"14":{"start":{"line":57,"column":2},"end":{"line":62,"column":3}},"15":{"start":{"line":58,"column":18},"end":{"line":58,"column":64}},"16":{"start":{"line":59,"column":4},"end":{"line":59,"column":32}},"17":{"start":{"line":61,"column":4},"end":{"line":61,"column":53}},"18":{"start":{"line":68,"column":30},"end":{"line":85,"column":1}},"19":{"start":{"line":73,"column":2},"end":{"line":84,"column":3}},"20":{"start":{"line":74,"column":17},"end":{"line":74,"column":80}},"21":{"start":{"line":75,"column":4},"end":{"line":77,"column":5}},"22":{"start":{"line":76,"column":6},"end":{"line":76,"column":70}},"23":{"start":{"line":78,"column":4},"end":{"line":78,"column":31}},"24":{"start":{"line":80,"column":4},"end":{"line":82,"column":5}},"25":{"start":{"line":81,"column":6},"end":{"line":81,"column":72}},"26":{"start":{"line":83,"column":4},"end":{"line":83,"column":53}},"27":{"start":{"line":90,"column":29},"end":{"line":130,"column":1}},"28":{"start":{"line":95,"column":2},"end":{"line":129,"column":3}},"29":{"start":{"line":96,"column":27},"end":{"line":106,"column":5}},"30":{"start":{"line":107,"column":20},"end":{"line":107,"column":22}},"31":{"start":{"line":108,"column":4},"end":{"line":110,"column":5}},"32":{"start":{"line":109,"column":6},"end":{"line":109,"column":68}},"33":{"start":{"line":109,"column":39},"end":{"line":109,"column":68}},"34":{"start":{"line":112,"column":20},"end":{"line":115,"column":35}},"35":{"start":{"line":117,"column":4},"end":{"line":119,"column":5}},"36":{"start":{"line":118,"column":6},"end":{"line":118,"column":70}},"37":{"start":{"line":120,"column":4},"end":{"line":120,"column":34}},"38":{"start":{"line":122,"column":4},"end":{"line":124,"column":5}},"39":{"start":{"line":123,"column":6},"end":{"line":123,"column":72}},"40":{"start":{"line":125,"column":4},"end":{"line":127,"column":5}},"41":{"start":{"line":126,"column":6},"end":{"line":126,"column":79}},"42":{"start":{"line":128,"column":4},"end":{"line":128,"column":53}},"43":{"start":{"line":135,"column":29},"end":{"line":152,"column":1}},"44":{"start":{"line":140,"column":2},"end":{"line":151,"column":3}},"45":{"start":{"line":141,"column":20},"end":{"line":141,"column":63}},"46":{"start":{"line":142,"column":4},"end":{"line":144,"column":5}},"47":{"start":{"line":143,"column":6},"end":{"line":143,"column":70}},"48":{"start":{"line":145,"column":4},"end":{"line":145,"column":72}},"49":{"start":{"line":147,"column":4},"end":{"line":149,"column":5}},"50":{"start":{"line":148,"column":6},"end":{"line":148,"column":72}},"51":{"start":{"line":150,"column":4},"end":{"line":150,"column":53}}},"fnMap":{"0":{"name":"(anonymous_0)","decl":{"start":{"line":18,"column":27},"end":{"line":18,"column":28}},"loc":{"start":{"line":18,"column":47},"end":{"line":47,"column":1}},"line":18},"1":{"name":"(anonymous_1)","decl":{"start":{"line":52,"column":28},"end":{"line":52,"column":29}},"loc":{"start":{"line":52,"column":48},"end":{"line":63,"column":1}},"line":52},"2":{"name":"(anonymous_2)","decl":{"start":{"line":68,"column":30},"end":{"line":68,"column":31}},"loc":{"start":{"line":68,"column":50},"end":{"line":85,"column":1}},"line":68},"3":{"name":"(anonymous_3)","decl":{"start":{"line":90,"column":29},"end":{"line":90,"column":30}},"loc":{"start":{"line":90,"column":49},"end":{"line":130,"column":1}},"line":90},"4":{"name":"(anonymous_4)","decl":{"start":{"line":135,"column":29},"end":{"line":135,"column":30}},"loc":{"start":{"line":135,"column":49},"end":{"line":152,"column":1}},"line":135}},"branchMap":{"0":{"loc":{"start":{"line":25,"column":4},"end":{"line":29,"column":5}},"type":"if","locations":[{"start":{"line":25,"column":4},"end":{"line":29,"column":5}},{"start":{},"end":{}}],"line":25},"1":{"loc":{"start":{"line":25,"column":8},"end":{"line":25,"column":40}},"type":"binary-expr","locations":[{"start":{"line":25,"column":8},"end":{"line":25,"column":17}},{"start":{"line":25,"column":21},"end":{"line":25,"column":27}},{"start":{"line":25,"column":31},"end":{"line":25,"column":40}}],"line":25},"2":{"loc":{"start":{"line":42,"column":4},"end":{"line":44,"column":5}},"type":"if","locations":[{"start":{"line":42,"column":4},"end":{"line":44,"column":5}},{"start":{},"end":{}}],"line":42},"3":{"loc":{"start":{"line":75,"column":4},"end":{"line":77,"column":5}},"type":"if","locations":[{"start":{"line":75,"column":4},"end":{"line":77,"column":5}},{"start":{},"end":{}}],"line":75},"4":{"loc":{"start":{"line":80,"column":4},"end":{"line":82,"column":5}},"type":"if","locations":[{"start":{"line":80,"column":4},"end":{"line":82,"column":5}},{"start":{},"end":{}}],"line":80},"5":{"loc":{"start":{"line":109,"column":6},"end":{"line":109,"column":68}},"type":"if","locations":[{"start":{"line":109,"column":6},"end":{"line":109,"column":68}},{"start":{},"end":{}}],"line":109},"6":{"loc":{"start":{"line":117,"column":4},"end":{"line":119,"column":5}},"type":"if","locations":[{"start":{"line":117,"column":4},"end":{"line":119,"column":5}},{"start":{},"end":{}}],"line":117},"7":{"loc":{"start":{"line":122,"column":4},"end":{"line":124,"column":5}},"type":"if","locations":[{"start":{"line":122,"column":4},"end":{"line":124,"column":5}},{"start":{},"end":{}}],"line":122},"8":{"loc":{"start":{"line":125,"column":4},"end":{"line":127,"column":5}},"type":"if","locations":[{"start":{"line":125,"column":4},"end":{"line":127,"column":5}},{"start":{},"end":{}}],"line":125},"9":{"loc":{"start":{"line":142,"column":4},"end":{"line":144,"column":5}},"type":"if","locations":[{"start":{"line":142,"column":4},"end":{"line":144,"column":5}},{"start":{},"end":{}}],"line":142},"10":{"loc":{"start":{"line":147,"column":4},"end":{"line":149,"column":5}},"type":"if","locations":[{"start":{"line":147,"column":4},"end":{"line":149,"column":5}},{"start":{},"end":{}}],"line":147}},"s":{"0":5,"1":0,"2":0,"3":0,"4":0,"5":0,"6":0,"7":0,"8":0,"9":0,"10":0,"11":0,"12":0,"13":5,"14":0,"15":0,"16":0,"17":0,"18":5,"19":0,"20":0,"21":0,"22":0,"23":0,"24":0,"25":0,"26":0,"27":5,"28":0,"29":0,"30":0,"31":0,"32":0,"33":0,"34":0,"35":0,"36":0,"37":0,"38":0,"39":0,"40":0,"41":0,"42":0,"43":5,"44":0,"45":0,"46":0,"47":0,"48":0,"49":0,"50":0,"51":0},"f":{"0":0,"1":0,"2":0,"3":0,"4":0},"b":{"0":[0,0],"1":[0,0,0],"2":[0,0],"3":[0,0],"4":[0,0],"5":[0,0],"6":[0,0],"7":[0,0],"8":[0,0],"9":[0,0],"10":[0,0]},"inputSourceMap":null,"_coverageSchema":"1a1c01bbd47fc00a2c39e90264f33305004495a9","hash":"73a4ac63691c580eba84e8e456155b7e346f78a7"}
,"C:\\TrentoSmartMountain_Giacomo\\Trento_Smart_Mountain\\backend\\src\\services\\authService.js": {"path":"C:\\TrentoSmartMountain_Giacomo\\Trento_Smart_Mountain\\backend\\src\\services\\authService.js","statementMap":{"0":{"start":{"line":7,"column":27},"end":{"line":27,"column":1}},"1":{"start":{"line":8,"column":2},"end":{"line":26,"column":3}},"2":{"start":{"line":9,"column":22},"end":{"line":9,"column":32}},"3":{"start":{"line":10,"column":17},"end":{"line":10,"column":65}},"4":{"start":{"line":11,"column":4},"end":{"line":13,"column":5}},"5":{"start":{"line":12,"column":6},"end":{"line":12,"column":79}},"6":{"start":{"line":14,"column":4},"end":{"line":14,"column":27}},"7":{"start":{"line":15,"column":4},"end":{"line":15,"column":39}},"8":{"start":{"line":16,"column":4},"end":{"line":16,"column":22}},"9":{"start":{"line":17,"column":21},"end":{"line":21,"column":5}},"10":{"start":{"line":22,"column":4},"end":{"line":22,"column":55}},"11":{"start":{"line":24,"column":4},"end":{"line":24,"column":58}},"12":{"start":{"line":25,"column":4},"end":{"line":25,"column":67}},"13":{"start":{"line":29,"column":25},"end":{"line":52,"column":1}},"14":{"start":{"line":30,"column":2},"end":{"line":51,"column":3}},"15":{"start":{"line":31,"column":32},"end":{"line":31,"column":40}},"16":{"start":{"line":32,"column":17},"end":{"line":32,"column":46}},"17":{"start":{"line":33,"column":4},"end":{"line":33,"column":83}},"18":{"start":{"line":33,"column":15},"end":{"line":33,"column":83}},"19":{"start":{"line":35,"column":28},"end":{"line":35,"column":77}},"20":{"start":{"line":36,"column":4},"end":{"line":36,"column":94}},"21":{"start":{"line":36,"column":26},"end":{"line":36,"column":94}},"22":{"start":{"line":38,"column":4},"end":{"line":42,"column":5}},"23":{"start":{"line":39,"column":6},"end":{"line":41,"column":9}},"24":{"start":{"line":43,"column":18},"end":{"line":47,"column":5}},"25":{"start":{"line":48,"column":4},"end":{"line":48,"column":36}},"26":{"start":{"line":50,"column":4},"end":{"line":50,"column":53}},"27":{"start":{"line":54,"column":30},"end":{"line":76,"column":1}},"28":{"start":{"line":55,"column":2},"end":{"line":75,"column":3}},"29":{"start":{"line":56,"column":22},"end":{"line":56,"column":30}},"30":{"start":{"line":57,"column":4},"end":{"line":57,"column":80}},"31":{"start":{"line":57,"column":16},"end":{"line":57,"column":80}},"32":{"start":{"line":59,"column":17},"end":{"line":59,"column":46}},"33":{"start":{"line":60,"column":4},"end":{"line":70,"column":5}},"34":{"start":{"line":61,"column":20},"end":{"line":61,"column":58}},"35":{"start":{"line":62,"column":6},"end":{"line":62,"column":38}},"36":{"start":{"line":63,"column":6},"end":{"line":63,"column":72}},"37":{"start":{"line":64,"column":6},"end":{"line":64,"column":24}},"38":{"start":{"line":65,"column":6},"end":{"line":69,"column":7}},"39":{"start":{"line":66,"column":8},"end":{"line":66,"column":51}},"40":{"start":{"line":68,"column":8},"end":{"line":68,"column":64}},"41":{"start":{"line":72,"column":4},"end":{"line":72,"column":102}},"42":{"start":{"line":74,"column":4},"end":{"line":74,"column":53}},"43":{"start":{"line":78,"column":36},"end":{"line":106,"column":1}},"44":{"start":{"line":79,"column":20},"end":{"line":79,"column":30}},"45":{"start":{"line":82,"column":2},"end":{"line":84,"column":3}},"46":{"start":{"line":83,"column":4},"end":{"line":83,"column":78}},"47":{"start":{"line":85,"column":2},"end":{"line":105,"column":23}},"48":{"start":{"line":108,"column":29},"end":{"line":146,"column":1}},"49":{"start":{"line":109,"column":17},"end":{"line":109,"column":43}},"50":{"start":{"line":110,"column":2},"end":{"line":145,"column":3}},"51":{"start":{"line":111,"column":22},"end":{"line":111,"column":32}},"52":{"start":{"line":112,"column":21},"end":{"line":112,"column":38}},"53":{"start":{"line":113,"column":28},"end":{"line":113,"column":52}},"54":{"start":{"line":115,"column":4},"end":{"line":117,"column":5}},"55":{"start":{"line":116,"column":6},"end":{"line":116,"column":93}},"56":{"start":{"line":118,"column":4},"end":{"line":121,"column":5}},"57":{"start":{"line":119,"column":6},"end":{"line":119,"column":94}},"58":{"start":{"line":119,"column":18},"end":{"line":119,"column":94}},"59":{"start":{"line":120,"column":6},"end":{"line":120,"column":104}},"60":{"start":{"line":123,"column":17},"end":{"line":126,"column":6}},"61":{"start":{"line":127,"column":4},"end":{"line":130,"column":5}},"62":{"start":{"line":128,"column":6},"end":{"line":128,"column":90}},"63":{"start":{"line":128,"column":18},"end":{"line":128,"column":90}},"64":{"start":{"line":129,"column":6},"end":{"line":129,"column":114}},"65":{"start":{"line":132,"column":4},"end":{"line":132,"column":56}},"66":{"start":{"line":133,"column":4},"
[...]
{"start":{"line":220,"column":2},"end":{"line":220,"column":52}},"78":{"start":{"line":221,"column":2},"end":{"line":221,"column":82}},"79":{"start":{"line":222,"column":2},"end":{"line":222,"column":52}},"80":{"start":{"line":230,"column":19},"end":{"line":230,"column":57}},"81":{"start":{"line":231,"column":2},"end":{"line":231,"column":29}},"82":{"start":{"line":231,"column":17},"end":{"line":231,"column":29}},"83":{"start":{"line":233,"column":2},"end":{"line":235,"column":3}},"84":{"start":{"line":234,"column":4},"end":{"line":234,"column":82}},"85":{"start":{"line":238,"column":23},"end":{"line":238,"column":61}},"86":{"start":{"line":241,"column":2},"end":{"line":241,"column":36}},"87":{"start":{"line":244,"column":24},"end":{"line":244,"column":45}},"88":{"start":{"line":246,"column":2},"end":{"line":246,"column":73}},"89":{"start":{"line":247,"column":2},"end":{"line":247,"column":23}},"90":{"start":{"line":257,"column":17},"end":{"line":257,"column":55}},"91":{"start":{"line":258,"column":2},"end":{"line":258,"column":29}},"92":{"start":{"line":258,"column":17},"end":{"line":258,"column":29}},"93":{"start":{"line":261,"column":2},"end":{"line":266,"column":3}},"94":{"start":{"line":262,"column":4},"end":{"line":262,"column":20}},"95":{"start":{"line":264,"column":4},"end":{"line":264,"column":69}},"96":{"start":{"line":265,"column":4},"end":{"line":265,"column":81}},"97":{"start":{"line":265,"column":15},"end":{"line":265,"column":81}},"98":{"start":{"line":268,"column":18},"end":{"line":268,"column":22}},"99":{"start":{"line":270,"column":2},"end":{"line":273,"column":3}},"100":{"start":{"line":271,"column":4},"end":{"line":271,"column":58}},"101":{"start":{"line":272,"column":4},"end":{"line":272,"column":22}},"102":{"start":{"line":275,"column":14},"end":{"line":275,"column":24}},"103":{"start":{"line":276,"column":25},"end":{"line":276,"column":96}},"104":{"start":{"line":276,"column":70},"end":{"line":276,"column":95}},"105":{"start":{"line":277,"column":25},"end":{"line":277,"column":96}},"106":{"start":{"line":277,"column":70},"end":{"line":277,"column":95}},"107":{"start":{"line":279,"column":2},"end":{"line":290,"column":4}}},"fnMap":{"0":{"name":"(anonymous_0)","decl":{"start":{"line":7,"column":21},"end":{"line":7,"column":22}},"loc":{"start":{"line":7,"column":29},"end":{"line":7,"column":63}},"line":7},"1":{"name":"resolveSlotDates","decl":{"start":{"line":31,"column":9},"end":{"line":31,"column":25}},"loc":{"start":{"line":31,"column":59},"end":{"line":36,"column":1}},"line":31},"2":{"name":"parseSlot","decl":{"start":{"line":38,"column":9},"end":{"line":38,"column":18}},"loc":{"start":{"line":38,"column":57},"end":{"line":59,"column":1}},"line":38},"3":{"name":"isCacheValid","decl":{"start":{"line":61,"column":9},"end":{"line":61,"column":21}},"loc":{"start":{"line":61,"column":33},"end":{"line":67,"column":1}},"line":61},"4":{"name":"fetchVenues","decl":{"start":{"line":71,"column":15},"end":{"line":71,"column":26}},"loc":{"start":{"line":71,"column":29},"end":{"line":90,"column":1}},"line":71},"5":{"name":"fetchForecastFromApi","decl":{"start":{"line":92,"column":15},"end":{"line":92,"column":35}},"loc":{"start":{"line":92,"column":48},"end":{"line":118,"column":1}},"line":92},"6":{"name":"(anonymous_6)","decl":{"start":{"line":102,"column":9},"end":{"line":102,"column":10}},"loc":{"start":{"line":102,"column":25},"end":{"line":102,"column":60}},"line":102},"7":{"name":"(anonymous_7)","decl":{"start":{"line":103,"column":12},"end":{"line":103,"column":13}},"loc":{"start":{"line":103,"column":17},"end":{"line":103,"column":37}},"line":103},"8":{"name":"(anonymous_8)","decl":{"start":{"line":104,"column":10},"end":{"line":104,"column":11}},"loc":{"start":{"line":104,"column":20},"end":{"line":104,"column":45}},"line":104},"9":{"name":"(anonymous_9)","decl":{"start":{"line":107,"column":9},"end":{"line":107,"column":10}},"loc":{"start":{"line":107,"column":25},"end":{"line":107,"column":61}},"line":107},"10":{"name":"(anonymous_10)","decl":{"start":{"line":108,"column":12},"end":{"line":108,"column":13}},"loc":{"start":{"line":108,"column":17},"end":{"line":108,"column":37}},"line":108},"11":{"name":"(anonymous_11)","decl":{"start":{"line":109,"column":10},"end":{"line":109,"column":11}},"loc":{"start":{"line":109,"column":20},"end":{"line":109,"column":45}},"line":109},"12":{"name":"findRemoteVenuesByName","decl":{"start":{"line":122,"column":22},"end":{"line":122,"column":44}},"loc":{"start":{"line":122,"column":52},"end":{"line":130,"column":1}},"line":122},"13":{"name":"(anonymous_13)","decl":{"start":{"line":125,"column":16},"end":{"line":125,"column":17}},"loc":{"start":{"line":125,"column":26},"end":{"line":125,"column":75}},"line":125},"14":{"name":"findRemoteVenueById","decl":{"start":{"line":132,"column":22},"end":{"line":132,"column":41}},"loc":{"start":{"line":132,"column":54},"end":{"line":139,"column":1}},"line":132},"15":{"name":"(anonymous_15)","decl":{"start":{"line":135,"column":15},"end":{"line":135,"column":16}},"loc":{"start":{"line":135,"column":20},"end":{"line":135,"column":39}},"line":135},"16":{"name":"(anonymous_16)","decl":{"start":{"line":136,"column":14},"end":{"line":136,"column":15}},"loc":{"start":{"line":136,"column":20},"end":{"line":136,"column":39}},"line":136},"17":{"name":"findLocalVenuesByName","decl":{"start":{"line":148,"column":22},"end":{"line":148,"column":43}},"loc":{"start":{"line":148,"column":78},"end":{"line":156,"column":1}},"line":148},"18":{"name":"findNearbyVenues","decl":{"start":{"line":160,"column":22},"end":{"line":160,"column":38}},"loc":{"start":{"line":160,"column":105},"end":{"line":174,"column":1}},"line":160},"19":{"name":"findLocalVenueById","decl":{"start":{"line":176,"column":22},"end":{"line":176,"column":40}},"loc":{"start":{"line":176,"column":53},"end":{"line":178,"column":1}},"line":176},"20":{"name":"seedLocations","decl":{"start":{"line":186,"column":22},"end":{"line":186,"column":35}},"loc":{"start":{"line":186,"column":38},"end":{"line":223,"column":1}},"line":186},"21":{"name":"(anonymous_21)","decl":{"start":{"line":189,"column":15},"end":{"line":189,"column":16}},"loc":{"start":{"line":189,"column":32},"end":{"line":208,"column":3}},"line":189},"22":{"name":"(anonymous_22)","decl":{"start":{"line":211,"column":17},"end":{"line":211,"column":18}},"loc":{"start":{"line":211,"column":22},"end":{"line":211,"column":37}},"line":211},"23":{"name":"(anonymous_23)","decl":{"start":{"line":212,"column":16},"end":{"line":212,"column":17}},"loc":{"start":{"line":212,"column":22},"end":{"line":212,"column":36}},"line":212},"24":{"name":"refreshLocationForecast","decl":{"start":{"line":229,"column":22},"end":{"line":229,"column":45}},"loc":{"start":{"line":229,"column":58},"end":{"line":248,"column":1}},"line":229},"25":{"name":"getLocationForecast","decl":{"start":{"line":256,"column":22},"end":{"line":256,"column":41}},"loc":{"start":{"line":256,"column":85},"end":{"line":291,"column":1}},"line":256},"26":{"name":"(anonymous_26)","decl":{"start":{"line":276,"column":65},"end":{"line":276,"column":66}},"loc":{"start":{"line":276,"column":70},"end":{"line":276,"column":95}},"line":276},"27":{"name":"(anonymous_27)","decl":{"start":{"line":277,"column":65},"end":{"line":277,"column":66}},"loc":{"start":{"line":277,"column":70},"end":{"line":277,"column":95}},"line":277}},"branchMap":{"0":{"loc":{"start":{"line":45,"column":22},"end":{"line":45,"column":51}},"type":"binary-expr","locations":[{"start":{"line":45,"column":22},"end":{"line":45,"column":37}},{"start":{"line":45,"column":47},"end":{"line":45,"column":51}}],"line":45},"1":{"loc":{"start":{"line":46,"column":22},"end":{"line":46,"column":53}},"type":"binary-expr","locations":[{"start":{"line":46,"column":22},"end":{"line":46,"column":45}},{"start":{"line":46,"column":49},"end":{"line":46,"column":53}}],"line":46},"2":{"loc":{"start":{"line":47,"column":22},"end":{"line":47,"column":53}},"type":"binary-expr","locations":[{"start":{"line":47,"column":22},"end":{"line":47,"column":45}},{"start":{"line":47,"column":49},"end":{"line":47,"column":53}}],"line":47},"3":{"loc":{"start":{"line":48,"column":22},"end":{"line":48,"column":51}},"type":"binary-expr","locations":[{"start":{"line":48,"column":22},"end":{"line":48,"column":35}},{"start":{"line":48,"column":47},"end":{"line":48,"column":51}}],"line":48},"4":{"loc":{"start":{"line":49,"column":22},"end":{"line":49,"column":51}},"type":"binary-expr","locations":[{"start":{"line":49,"column":22},"end":{"line":49,"column":42}},{"start":{"line":49,"column":47},"end":{"line":49,"column":51}}],"line":49},"5":{"loc":{"start":{"line":50,"column":22},"end":{"line":50,"column":51}},"type":"binary-expr","locations":[{"start":{"line":50,"column":22},"end":{"line":50,"column":36}},{"start":{"line":50,"column":47},"end":{"line":50,"column":51}}],"line":50},"6":{"loc":{"start":{"line":51,"column":22},"end":{"line":51,"column":51}},"type":"binary-expr","locations":[{"start":{"line":51,"column":22},"end":{"line":51,"column":36}},{"start":{"line":51,"column":47},"end":{"line":51,"column":51}}],"line":51},"7":{"loc":{"start":{"line":52,"column":22},"end":{"line":52,"column":51}},"type":"binary-expr","locations":[{"start":{"line":52,"column":22},"end":{"line":52,"column":36}},{"start":{"line":52,"column":47},"end":{"line":52,"column":51}}],"line":52},"8":{"loc":{"start":{"line":53,"column":22},"end":{"line":53,"column":51}},"type":"binary-expr","locations":[{"start":{"line":53,"column":22},"end":{"line":53,"column":35}},{"start":{"line":53,"column":47},"end":{"line":53,"column":51}}],"line":53},"9":{"loc":{"start":{"line":54,"column":22},"end":{"line":54,"column":51}},"type":"binary-expr","locations":[{"start":{"line":54,"column":22},"end":{"line":54,"column":40}},{"start":{"line":54,"column":47},"end":{"line":54,"column":51}}],"line":54},"10":{"loc":{"start":{"line":55,"column":22},"end":{"line":55,"column":51}},"type":"binary-expr","locations":[{"start":{"line":55,"column":22},"end":{"line":55,"column":40}},{"start":{"line":55,"column":47},"end":{"line":55,"column":51}}],"line":55},"11":{"loc":{"start":{"line":56,"column":22},"end":{"line":56,"column":51}},"type":"binary-expr","locations":[{"start":{"line":56,"column":22},"end":{"line":56,"column":39}},{"start":{"line":56,"column":47},"end":{"line":56,"column":51}}],"line":56},"12":{"loc":{"start":{"line":57,"column":22},"end":{"line":57,"column":51}},"type":"binary-expr","locations":[{"start":{"line":57,"column":22},"end":{"line":57,"column":43}},{"start":{"line":57,"column":47},"end":{"line":57,"column":51}}],"line":57},"13":{"loc":{"start":{"line":62,"column":2},"end":{"line":62,"column":42}},"type":"if","locations":[{"start":{"line":62,"column":2},"end":{"line":62,"column":42}},{"start":{},"end":{}}],"line":62},"14":{"loc":{"start":{"line":64,"column":2},"end":{"line":64,"column":41}},"type":"if","locations":[{"start":{"line":64,"column":2},"end":{"line":64,"column":41}},{"start":{},"end":{}}],"line":64},"15":{"loc":{"start":{"line":65,"column":2},"end":{"line":65,"column":82}},"type":"if","locations":[{"start":{"line":65,"column":2},"end":{"line":65,"column":82}},{"start":{},"end":{}}],"line":65},"16":{"loc":{"start":{"line":65,"column":6},"end":{"line":65,"column":67}},"type":"binary-expr","locations":[{"start":{"line":65,"column":6},"end":{"line":65,"column":23}},{"start":{"line":65,"column":27},"end":{"line":65,"column":67}}],"line":65},"17":{"loc":{"start":{"line":72,"column":2},"end":{"line":74,"column":3}},"type":"if","locations":[{"start":{"line":72,"column":2},"end":{"line":74,"column":3}},{"start":{},"end":{}}],"line":72},"18":{"loc":{"start":{"line":72,"column":6},"end":{"line":72,"column":83}},"type":"binary-expr","locations":[{"start":{"line":72,"column":6},"end":{"line":72,"column":18}},{"start":{"line":72,"column":22},"end":{"line":72,"column":36}},{"start":{"line":72,"column":40},"end":{"line":72,"column":83}}],"line":72},"19":{"loc":{"start":{"line":81,"column":2},"end":{"line":81,"column":116}},"type":"if","locations":[{"start":{"line":81,"column":2},"end":{"line":81,"column":116}},{"start":{},"end":{}}],"line":81},"20":{"loc":{"start":{"line":82,"column":2},"end":{"line":82,"column":114}},"type":"if","locations":[{"start":{"line":82,"column":2},"end":{"line":82,"column":114}},{"start":{},"end":{}}],"line":82},"21":{"loc":{"start":{"line":94,"column":2},"end":{"line":94,"column":123}},"type":"if","locations":[{"start":{"line":94,"column":2},"end":{"line":94,"column":123}},{"start":{},"end":{}}],"line":94},"22":{"loc":{"start":{"line":101,"column":33},"end":{"line":101,"column":51}},"type":"binary-expr","locations":[{"start":{"line":101,"column":33},"end":{"line":101,"column":44}},{"start":{"line":101,"column":49},"end":{"line":101,"column":51}}],"line":101},"23":{"loc":{"start":{"line":106,"column":34},"end":{"line":106,"column":52}},"type":"binary-expr","locations":[{"start":{"line":106,"column":34},"end":{"line":106,"column":46}},{"start":{"line":106,"column":50},"end":{"line":106,"column":52}}],"line":106},"24":{"loc":{"start":{"line":114,"column":15},"end":{"line":114,"column":50}},"type":"cond-expr","locations":[{"start":{"line":114,"column":34},"end":{"line":114,"column":41}},{"start":{"line":114,"column":44},"end":{"line":114,"column":50}}],"line":114},"25":{"loc":{"start":{"line":125,"column":33},"end":{"line":125,"column":48}},"type":"binary-expr","locations":[{"start":{"line":125,"column":33},"end":{"line":125,"column":42}},{"start":{"line":125,"column":46},"end":{"line":125,"column":48}}],"line":125},"26":{"loc":{"start":{"line":135,"column":4},"end":{"line":137,"column":8}},"type":"binary-expr","locations":[{"start":{"line":135,"column":4},"end":{"line":135,"column":40}},{"start":{"line":136,"column":4},"end":{"line":136,"column":40}},{"start":{"line":137,"column":4},"end":{"line":137,"column":8}}],"line":135},"27":{"loc":{"start":{"line":148,"column":51},"end":{"line":148,"column":76}},"type":"default-arg","locations":[{"start":{"line":148,"column":74},"end":{"line":148,"column":76}}],"line":148},"28":{"loc":{"start":{"line":148,"column":59},"end":{"line":148,"column":69}},"type":"default-arg","locations":[{"start":{"line":148,"column":67},"end":{"line":148,"column":69}}],"line":148},"29":{"loc":{"start":{"line":150,"column":2},"end":{"line":150,"column":31}},"type":"if","locations":[{"start":{"line":150,"column":2},"end":{"line":150,"column":31}},{"start":{},"end":{}}],"line":150},"30":{"loc":{"start":{"line":160,"column":49},"end":{"line":160,"column":103}},"type":"default-arg","locations":[{"start":{"line":160,"column":101},"end":{"line":160,"column":103}}],"line":160},"31":{"loc":{"start":{"line":160,"column":51},"end":{"line":160,"column":71}},"type":"default-arg","locations":[{"start":{"line":160,"column":65},"end":{"line":160,"column":71}}],"line":160},"32":{"loc":{"start":{"line":160,"column":73},"end":{"line":160,"column":84}},"type":"default-arg","locations":[{"start":{"line":160,"column":80},"end":{"line":160,"column":84}}],"line":160},"33":{"loc":{"start":{"line":160,"column":86},"end":{"line":160,"column":96}},"type":"default-arg","locations":[{"start":{"line":160,"column":94},"end":{"line":160,"column":96}}],"line":160},"34":{"loc":{"start":{"line":168,"column":8},"end":{"line":168,"column":28}},"type":"cond-expr","locations":[{"start":{"line":168,"column":15},"end":{"line":168,"column":23}},{"start":{"line":168,"column":26},"end":{"line":168,"column":28}}],"line":168},"35":{"loc":{"start":{"line":197,"column":21},"end":{"line":197,"column":43}},"type":"binary-expr","locations":[{"start":{"line":197,"column":21},"end":{"line":197,"column":35}},{"start":{"line":197,"column":39},"end":{"line":197,"column":43}}],"line":197},"36":{"loc":{"start":{"line":215,"column":2},"end":{"line":218,"column":3}},"type":"if","locations":[{"start":{"line":215,"column":2},"end":{"line":218,"column":3}},{"start":{},"end":{}}],"line":215},"37":{"loc":{"start":{"line":231,"column":2},"end":{"line":231,"column":29}},"type":"if","locations":[{"start":{"line":231,"column":2},"end":{"line":231,"column":29}},{"start":{},"end":{}}],"line":231},"38":{"loc":{"start":{"line":233,"column":2},"end":{"line":235,"column":3}},"type":"if","locations":[{"start":{"line":233,"column":2},"end":{"line":235,"column":3}},{"start":{},"end":{}}],"line":233},"39":{"loc":{"start":{"line":256,"column":54},"end":{"line":256,"column":83}},"type":"default-arg","locations":[{"start":{"line":256,"column":81},"end":{"line":256,"column":83}}],"line":256},"40":{"loc":{"start":{"line":256,"column":56},"end":{"line":256,"column":76}},"type":"default-arg","locations":[{"start":{"line":256,"column":71},"end":{"line":256,"column":76}}],"line":256},"41":{"loc":{"start":{"line":258,"column":2},"end":{"line":258,"column":29}},"type":"if","locations":[{"start":{"line":258,"column":2},"end":{"line":258,"column":29}},{"start":{},"end":{}}],"line":258},"42":{"loc":{"start":{"line":261,"column":2},"end":{"line":266,"column":3}},"type":"if","locations":[{"start":{"line":261,"column":2},"end":{"line":266,"column":3}},{"start":{"line":263,"column":9},"end":{"line":266,"column":3}}],"line":261},"43":{"loc":{"start":{"line":265,"column":4},"end":{"line":265,"column":81}},"type":"if","locations":[{"start":{"line":265,"column":4},"end":{"line":265,"column":81}},{"start":{},"end":{}}],"line":265},"44":{"loc":{"start":{"line":270,"column":2},"end":{"line":273,"column":3}},"type":"if","locations":[{"start":{"line":270,"column":2},"end":{"line":273,"column":3}},{"start":{},"end":{}}],"line":270},"45":{"loc":{"start":{"line":270,"column":6},"end":{"line":270,"column":51}},"type":"binary-expr","locations":[{"start":{"line":270,"column":6},"end":{"line":270,"column":18}},{"start":{"line":270,"column":22},"end":{"line":270,"column":51}}],"line":270},"46":{"loc":{"start":{"line":276,"column":26},"end":{"line":276,"column":56}},"type":"binary-expr","locations":[{"start":{"line":276,"column":26},"end":{"line":276,"column":49}},{"start":{"line":276,"column":54},"end":{"line":276,"column":56}}],"line":276},"47":{"loc":{"start":{"line":277,"column":26},"end":{"line":277,"column":56}},"type":"binary-expr","locations":[{"start":{"line":277,"column":26},"end":{"line":277,"column":50}},{"start":{"line":277,"column":54},"end":{"line":277,"column":56}}],"line":277}},"s":{"0":5,"1":5,"2":5,"3":5,"4":0,"5":5,"6":5,"7":5,"8":5,"9":5,"10":0,"11":0,"12":0,"13":0,"14":0,"15":0,"16":0,"17":0,"18":0,"19":0,"20":0,"21":0,"22":0,"23":0,"24":1,"25":0,"26":1,"27":0,"28":0,"29":0,"30":0,"31":0,"32":0,"33":0,"34":0,"35":0,"36":0,"37":0,"38":0,"39":0,"40":0,"41":0,"42":0,"43":0,"44":0,"45":0,"46":0,"47":0,"48":0,"49":0,"50":0,"51":0,"52":0,"53":0,"54":0,"55":0,"56":0,"57":0,"58":0,"59":0,"60":0,"61":0,"62":0,"63":0,"64":0,"65":1,"66":1,"67":0,"68":1,"69":0,"70":0,"71":0,"72":0,"73":0,"74":0,"75":0,"76":0,"77":0,"78":0,"79":0,"80":1,"81":1,"82":1,"83":0,"84":0,"85":0,"86":0,"87":0,"88":0,"89":0,"90":0,"91":0,"92":0,"93":0,"94":0,"95":0,"96":0,"97":0,"98":0,"99":0,"100":0,"101":0,"102":0,"103":0,"104":0,"105":0,"106":0,"107":0},"f":{"0":0,"1":0,"2":0,"3":0,"4":1,"5":0,"6":0,"7":0,"8":0,"9":0,"10":0,"11":0,"12":0,"13":0,"14":0,"15":0,"16":0,"17":0,"18":1,"19":0,"20":1,"21":0,"22":0,"23":0,"24":1,"25":0,"26":0,"27":0},"b":{"0":[0,0],"1":[0,0],"2":[0,0],"3":[0,0],"4":[0,0],"5":[0,0],"6":[0,0],"7":[0,0],"8":[0,0],"9":[0,0],"10":[0,0],"11":[0,0],"12":[0,0],"13":[0,0],"14":[0,0],"15":[0,0],"16":[0,0],"17":[0,1],"18":[1,0,0],"19":[0,0],"20":[0,0],"21":[0,0],"22":[0,0],"23":[0,0],"24":[0,0],"25":[0,0],"26":[0,0,0],"27":[0],"28":[0],"29":[0,0],"30":[0],"31":[0],"32":[1],"33":[0],"34":[0,1],"35":[0,0],"36":[0,0],"37":[1,0],"38":[0,0],"39":[0],"40":[0],"41":[0,0],"42":[0,0],"43":[0,0],"44":[0,0],"45":[0,0],"46":[0,0],"47":[0,0]},"inputSourceMap":null,"_coverageSchema":"1a1c01bbd47fc00a2c39e90264f33305004495a9","hash":"04e4cf83ef7be1b4421fb2c8d14a7fee2b076aeb"}
}
