TN:
SF:backend\src\app.js
FN:30,(anonymous_0)
FN:61,(anonymous_1)
FN:80,(anonymous_2)
FNF:3
FNH:1
FNDA:25,(anonymous_0)
FNDA:0,(anonymous_1)
FNDA:0,(anonymous_2)
DA:22,3
DA:26,3
DA:30,3
DA:31,25
DA:32,0
DA:33,0
DA:34,0
DA:36,25
DA:39,3
DA:40,3
DA:41,3
DA:44,3
DA:47,3
DA:48,3
DA:49,3
DA:50,3
DA:51,3
DA:52,3
DA:61,3
DA:62,0
DA:63,0
DA:64,0
DA:65,0
DA:66,0
DA:68,0
DA:69,0
DA:71,0
DA:73,0
DA:74,0
DA:76,0
DA:80,3
DA:81,0
DA:82,0
DA:83,0
DA:84,0
DA:86,0
DA:87,0
DA:89,0
DA:93,3
DA:94,3
LF:40
LH:19
BRDA:31,0,0,0
BRDA:31,0,1,25
BRDA:65,1,0,0
BRDA:65,1,1,0
BRDA:68,2,0,0
BRDA:68,2,1,0
BRDA:83,3,0,0
BRDA:83,3,1,0
BRDA:86,4,0,0
BRDA:86,4,1,0
BRF:10
BRH:1
end_of_record
TN:
SF:backend\src\middleware\authMiddleware.js
FN:3,(anonymous_0)
FNF:1
FNH:1
FNDA:14,(anonymous_0)
DA:3,3
DA:4,14
DA:6,14
DA:7,3
DA:10,11
DA:11,11
DA:12,8
DA:13,8
DA:15,3
LF:9
LH:9
BRDA:6,0,0,3
BRDA:6,0,1,11
BRF:2
BRH:2
end_of_record
TN:
SF:backend\src\middleware\authorizationMiddleware.js
FN:1,(anonymous_0)
FN:1,(anonymous_1)
FNF:2
FNH:1
FNDA:9,(anonymous_0)
FNDA:0,(anonymous_1)
DA:1,9
DA:2,0
DA:3,0
DA:5,0
LF:4
LH:1
BRDA:2,0,0,0
BRDA:2,0,1,0
BRDA:2,1,0,0
BRDA:2,1,1,0
BRF:4
BRH:0
end_of_record
TN:
SF:backend\src\middleware\errorMiddleware.js
FN:2,(anonymous_0)
FN:16,(anonymous_1)
FNF:2
FNH:0
FNDA:0,(anonymous_0)
FNDA:0,(anonymous_1)
DA:2,3
DA:4,0
DA:6,0
DA:8,0
DA:16,3
DA:17,0
LF:6
LH:2
BRDA:6,0,0,0
BRDA:6,0,1,0
BRDA:12,1,0,0
BRDA:12,1,1,0
BRF:4
BRH:0
end_of_record
TN:
SF:backend\src\models\admin.js
FNF:0
FNH:0
DA:13,3
DA:17,3
LF:2
LH:2
BRF:0
BRH:0
end_of_record
TN:
SF:backend\src\models\hikeSession.js
FNF:0
FNH:0
DA:2,3
DA:4,3
DA:91,3
DA:93,3
LF:4
LH:4
BRF:0
BRH:0
end_of_record
TN:
SF:backend\src\models\hiker.js
FNF:0
FNH:0
DA:13,3
DA:18,3
LF:2
LH:2
BRF:0
BRH:0
end_of_record
TN:
SF:backend\src\models\location.js
FNF:0
FNH:0
DA:4,3
DA:28,3
DA:57,3
DA:58,3
LF:4
LH:4
BRF:0
BRH:0
end_of_record
TN:
SF:backend\src\models\refuge.js
FNF:0
FNH:0
DA:14,3
DA:26,3
LF:2
LH:2
BRF:0
BRH:0
end_of_record
TN:
SF:backend\src\models\user.js
FNF:0
FNH:0
DA:2,3
DA:21,3
DA:57,3
DA:63,3
LF:4
LH:4
BRF:0
BRH:0
end_of_record
TN:
SF:backend\src\routes\adminRoutes.js
FNF:0
FNH:0
DA:12,3
DA:26,3
DA:27,3
DA:29,3
DA:30,3
DA:31,3
DA:32,3
DA:33,3
LF:8
LH:8
BRF:0
BRH:0
end_of_record
TN:
SF:backend\src\routes\authRoutes.js
FNF:0
FNH:0
DA:12,3
DA:31,3
DA:32,3
DA:33,3
DA:34,3
DA:35,3
DA:38,3
DA:39,3
LF:8
LH:8
BRF:0
BRH:0
end_of_record
TN:
SF:backend\src\routes\hikeSessionRoutes.js
FN:23,(anonymous_0)
FN:59,(anonymous_1)
FN:84,(anonymous_2)
FN:95,(anonymous_3)
FN:105,(anonymous_4)
FN:117,(anonymous_5)
FN:146,(anonymous_6)
FN:158,(anonymous_7)
FN:170,(anonymous_8)
FNF:9
FNH:0
FNDA:0,(anonymous_0)
FNDA:0,(anonymous_1)
FNDA:0,(anonymous_2)
FNDA:0,(anonymous_3)
FNDA:0,(anonymous_4)
FNDA:0,(anonymous_5)
FNDA:0,(anonymous_6)
FNDA:0,(anonymous_7)
FNDA:0,(anonymous_8)
DA:17,3
DA:20,3
DA:23,3
DA:33,0
DA:35,0
DA:36,0
DA:39,0
DA:40,0
DA:49,0
DA:50,0
DA:52,0
DA:53,0
DA:54,0
DA:59,3
DA:60,0
DA:62,0
DA:63,0
DA:66,0
DA:67,0
DA:68,0
DA:70,0
DA:71,0
DA:72,0
DA:73,0
DA:74,0
DA:75,0
DA:76,0
DA:77,0
DA:78,0
DA:84,3
DA:85,0
DA:86,0
DA:87,0
DA:88,0
DA:90,0
DA:95,3
DA:96,0
DA:97,0
DA:98,0
DA:100,0
DA:105,3
DA:106,0
DA:107,0
DA:108,0
DA:109,0
DA:110,0
DA:112,0
DA:117,3
DA:118,0
DA:119,0
DA:121,0
DA:122,0
DA:127,0
DA:128,0
DA:133,0
DA:135,0
DA:136,0
DA:137,0
DA:138,0
DA:141,0
DA:146,3
DA:147,0
DA:148,0
DA:149,0
DA:151,0
DA:152,0
DA:153,0
DA:158,3
DA:159,0
DA:160,0
DA:161,0
DA:163,0
DA:164,0
DA:165,0
DA:170,3
DA:171,0
DA:172,0
DA:173,0
DA:175,0
DA:176,0
DA:177,0
DA:178,0
DA:181,0
LF:83
LH:11
BRDA:35,0,0,0
BRDA:35,0,1,0
BRDA:35,1,0,0
BRDA:35,1,1,0
BRDA:41,2,0,0
BRDA:41,2,1,0
BRDA:42,3,0,0
BRDA:42,3,1,0
BRDA:43,4,0,0
BRDA:43,4,1,0
BRDA:44,5,0,0
BRDA:44,5,1,0
BRDA:45,6,0,0
BRDA:45,6,1,0
BRDA:46,7,0,0
BRDA:46,7,1,0
BRDA:47,8,0,0
BRDA:47,8,1,0
BRDA:52,9,0,0
BRDA:52,9,1,0
BRDA:62,10,0,0
BRDA:62,10,1,0
BRDA:70,11,0,0
BRDA:70,11,1,0
BRDA:72,12,0,0
BRDA:72,12,1,0
BRDA:74,13,0,0
BRDA:74,13,1,0
BRDA:76,14,0,0
BRDA:76,14,1,0
BRDA:85,15,0,0
BRDA:85,15,1,0
BRDA:108,16,0,0
BRDA:108,16,1,0
BRDA:121,17,0,0
BRDA:121,17,1,0
BRDA:135,18,0,0
BRDA:135,18,1,0
BRDA:137,19,0,0
BRDA:137,19,1,0
BRDA:151,20,0,0
BRDA:151,20,1,0
BRDA:152,21,0,0
BRDA:152,21,1,0
BRDA:163,22,0,0
BRDA:163,22,1,0
BRDA:164,23,0,0
BRDA:164,23,1,0
BRDA:175,24,0,0
BRDA:175,24,1,0
BRDA:177,25,0,0
BRDA:177,25,1,0
BRF:52
BRH:0
end_of_record
TN:
SF:backend\src\routes\hikerRoutes.js
FNF:0
FNH:0
DA:5,3
DA:18,3
DA:19,3
DA:20,3
LF:4
LH:4
BRF:0
BRH:0
end_of_record
TN:
SF:backend\src\routes\refugeRoutes.js
FNF:0
FNH:0
DA:10,3
DA:23,3
DA:24,3
DA:25,3
DA:26,3
LF:5
LH:5
BRF:0
BRH:0
end_of_record
TN:
SF:backend\src\routes\weatherRoutes.js
FN:29,(anonymous_0)
FN:29,(anonymous_1)
FN:41,(anonymous_2)
FN:68,(anonymous_3)
FN:101,(anonymous_4)
FN:145,(anonymous_5)
FN:172,(anonymous_6)
FN:183,(anonymous_7)
FNF:8
FNH:1
FNDA:15,(anonymous_0)
FNDA:0,(anonymous_1)
FNDA:0,(anonymous_2)
FNDA:0,(anonymous_3)
FNDA:0,(anonymous_4)
FNDA:0,(anonymous_5)
FNDA:0,(anonymous_6)
FNDA:0,(anonymous_7)
DA:24,3
DA:29,15
DA:30,0
DA:39,3
DA:42,0
DA:44,0
DA:45,0
DA:51,0
DA:56,0
DA:66,3
DA:69,0
DA:71,0
DA:72,0
DA:76,0
DA:86,0
DA:99,3
DA:102,0
DA:103,0
DA:105,0
DA:107,0
DA:141,3
DA:146,0
DA:148,0
DA:150,0
DA:168,3
DA:173,0
DA:174,0
DA:183,3
DA:184,0
DA:186,0
DA:187,0
LF:31
LH:8
BRDA:44,0,0,0
BRDA:44,0,1,0
BRDA:44,1,0,0
BRDA:44,1,1,0
BRDA:53,2,0,0
BRDA:53,2,1,0
BRDA:71,3,0,0
BRDA:71,3,1,0
BRDA:71,4,0,0
BRDA:71,4,1,0
BRDA:80,5,0,0
BRDA:80,5,1,0
BRDA:82,6,0,0
BRDA:82,6,1,0
BRDA:116,7,0,0
BRDA:116,7,1,0
BRDA:154,8,0,0
BRDA:154,8,1,0
BRDA:155,9,0,0
BRDA:155,9,1,0
BRDA:186,10,0,0
BRDA:186,10,1,0
BRF:22
BRH:0
end_of_record
TN:
SF:backend\src\services\adminService.js
FN:18,(anonymous_0)
FN:52,(anonymous_1)
FN:68,(anonymous_2)
FN:90,(anonymous_3)
FN:135,(anonymous_4)
FNF:5
FNH:0
FNDA:0,(anonymous_0)
FNDA:0,(anonymous_1)
FNDA:0,(anonymous_2)
FNDA:0,(anonymous_3)
FNDA:0,(anonymous_4)
DA:18,3
DA:23,0
DA:24,0
DA:25,0
DA:26,0
DA:30,0
DA:32,0
DA:38,0
DA:39,0
DA:40,0
DA:42,0
DA:43,0
DA:45,0
DA:52,3
DA:57,0
DA:58,0
DA:59,0
DA:61,0
DA:68,3
DA:73,0
DA:74,0
DA:75,0
DA:76,0
DA:78,0
DA:80,0
DA:81,0
DA:83,0
DA:90,3
DA:95,0
DA:96,0
DA:107,0
DA:108,0
DA:109,0
DA:112,0
DA:117,0
DA:118,0
DA:120,0
DA:122,0
DA:123,0
DA:125,0
DA:126,0
DA:128,0
DA:135,3
DA:140,0
DA:141,0
DA:142,0
DA:143,0
DA:145,0
DA:147,0
DA:148,0
DA:150,0
LF:51
LH:5
BRDA:25,0,0,0
BRDA:25,0,1,0
BRDA:25,1,0,0
BRDA:25,1,1,0
BRDA:25,1,2,0
BRDA:42,2,0,0
BRDA:42,2,1,0
BRDA:75,3,0,0
BRDA:75,3,1,0
BRDA:80,4,0,0
BRDA:80,4,1,0
BRDA:109,5,0,0
BRDA:109,5,1,0
BRDA:117,6,0,0
BRDA:117,6,1,0
BRDA:122,7,0,0
BRDA:122,7,1,0
BRDA:125,8,0,0
BRDA:125,8,1,0
BRDA:142,9,0,0
BRDA:142,9,1,0
BRDA:147,10,0,0
BRDA:147,10,1,0
BRF:23
BRH:0
end_of_record
TN:
SF:backend\src\services\authService.js
FN:7,(anonymous_0)
FN:29,(anonymous_1)
FN:54,(anonymous_2)
FN:78,(anonymous_3)
FN:103,(anonymous_4)
FNF:5
FNH:1
FNDA:0,(anonymous_0)
FNDA:6,(anonymous_1)
FNDA:0,(anonymous_2)
FNDA:0,(anonymous_3)
FNDA:0,(anonymous_4)
DA:7,3
DA:8,0
DA:9,0
DA:10,0
DA:11,0
DA:12,0
DA:14,0
DA:15,0
DA:16,0
DA:17,0
DA:22,0
DA:24,0
DA:25,0
DA:29,3
DA:30,6
DA:31,6
DA:32,6
DA:33,6
DA:35,3
DA:36,3
DA:38,2
DA:39,1
DA:43,1
DA:48,1
DA:50,0
DA:54,3
DA:55,0
DA:56,0
DA:57,0
DA:59,0
DA:60,0
DA:61,0
DA:62,0
DA:63,0
DA:64,0
DA:65,0
DA:66,0
DA:68,0
DA:72,0
DA:74,0
DA:78,3
DA:79,0
DA:80,0
DA:103,3
DA:104,0
DA:105,0
DA:106,0
DA:107,0
DA:108,0
DA:110,0
DA:111,0
DA:113,0
DA:114,0
DA:115,0
DA:118,0
DA:122,0
DA:123,0
DA:124,0
DA:127,0
DA:128,0
DA:129,0
DA:130,0
DA:132,0
DA:133,0
DA:138,0
DA:139,0
LF:66
LH:15
BRDA:11,0,0,0
BRDA:11,0,1,0
BRDA:20,1,0,0
BRDA:20,1,1,0
BRDA:33,2,0,3
BRDA:33,2,1,3
BRDA:36,3,0,1
BRDA:36,3,1,2
BRDA:38,4,0,1
BRDA:38,4,1,1
BRDA:46,5,0,1
BRDA:46,5,1,1
BRDA:57,6,0,0
BRDA:57,6,1,0
BRDA:60,7,0,0
BRDA:60,7,1,0
BRDA:110,8,0,0
BRDA:110,8,1,0
BRDA:110,9,0,0
BRDA:110,9,1,0
BRDA:113,10,0,0
BRDA:113,10,1,0
BRDA:113,11,0,0
BRDA:113,11,1,0
BRDA:114,12,0,0
BRDA:114,12,1,0
BRDA:122,13,0,0
BRDA:122,13,1,0
BRDA:123,14,0,0
BRDA:123,14,1,0
BRDA:132,15,0,0
BRDA:132,15,1,0
BRDA:138,16,0,0
BRDA:138,16,1,0
BRF:34
BRH:8
end_of_record
TN:
SF:backend\src\services\emailService.js
FN:36,extractEmail
FN:47,htmlToPlainText
FN:62,sendEmail
FN:128,(anonymous_3)
FN:194,(anonymous_4)
FNF:5
FNH:3
FNDA:1,extractEmail
FNDA:0,htmlToPlainText
FNDA:1,sendEmail
FNDA:1,(anonymous_3)
FNDA:0,(anonymous_4)
DA:23,3
DA:37,1
DA:38,0
DA:39,0
DA:48,0
DA:63,1
DA:64,1
DA:65,1
DA:68,1
DA:69,1
DA:71,0
DA:72,0
DA:76,0
DA:77,0
DA:79,0
DA:81,0
DA:99,0
DA:100,0
DA:110,0
DA:111,0
DA:114,0
DA:115,0
DA:116,0
DA:117,0
DA:120,0
DA:121,0
DA:128,3
DA:129,1
DA:131,1
DA:194,3
DA:195,0
DA:197,0
LF:32
LH:11
BRDA:23,0,0,3
BRDA:23,0,1,3
BRDA:37,1,0,1
BRDA:37,1,1,0
BRDA:39,2,0,0
BRDA:39,2,1,0
BRDA:68,3,0,1
BRDA:68,3,1,0
BRDA:71,4,0,0
BRDA:71,4,1,0
BRDA:76,5,0,0
BRDA:76,5,1,0
BRDA:114,6,0,0
BRDA:114,6,1,0
BRF:14
BRH:4
end_of_record
TN:
SF:backend\src\services\hikeSessionService.js
FN:6,generateInviteCode
FN:14,checkUserAlreadyInActiveSession
FN:26,createSession
FN:63,joinSession
FN:79,(anonymous_4)
FN:120,getActivityStats
FN:136,(anonymous_6)
FN:159,(anonymous_7)
FN:166,getSessionById
FN:177,getSessionsByUser
FN:187,leaveSession
FN:192,(anonymous_11)
FN:201,updateSessionDetails
FN:225,updateSessionStatus
FN:247,deleteSession
FNF:15
FNH:0
FNDA:0,generateInviteCode
FNDA:0,checkUserAlreadyInActiveSession
FNDA:0,createSession
FNDA:0,joinSession
FNDA:0,(anonymous_4)
FNDA:0,getActivityStats
FNDA:0,(anonymous_6)
FNDA:0,(anonymous_7)
FNDA:0,getSessionById
FNDA:0,getSessionsByUser
FNDA:0,leaveSession
FNDA:0,(anonymous_11)
FNDA:0,updateSessionDetails
FNDA:0,updateSessionStatus
FNDA:0,deleteSession
DA:7,0
DA:15,0
DA:20,0
DA:21,0
DA:27,0
DA:29,0
DA:31,0
DA:32,0
DA:33,0
DA:34,0
DA:37,0
DA:46,0
DA:49,0
DA:59,0
DA:68,0
DA:69,0
DA:70,0
DA:71,0
DA:74,0
DA:75,0
DA:78,0
DA:79,0
DA:81,0
DA:82,0
DA:85,0
DA:86,0
DA:88,0
DA:100,0
DA:121,0
DA:126,0
DA:127,0
DA:128,0
DA:129,0
DA:131,0
DA:132,0
DA:133,0
DA:134,0
DA:136,0
DA:137,0
DA:138,0
DA:139,0
DA:140,0
DA:141,0
DA:142,0
DA:143,0
DA:144,0
DA:145,0
DA:146,0
DA:147,0
DA:148,0
DA:149,0
DA:152,0
DA:160,0
DA:171,0
DA:178,0
DA:188,0
DA:189,0
DA:190,0
DA:191,0
DA:192,0
DA:194,0
DA:197,0
DA:202,0
DA:203,0
DA:204,0
DA:206,0
DA:207,0
DA:208,0
DA:209,0
DA:210,0
DA:211,0
DA:212,0
DA:214,0
DA:218,0
DA:230,0
DA:232,0
DA:234,0
DA:235,0
DA:238,0
DA:239,0
DA:240,0
DA:242,0
DA:243,0
DA:252,0
DA:254,0
DA:255,0
DA:256,0
DA:259,0
LF:88
LH:0
BRDA:20,0,0,0
BRDA:20,0,1,0
BRDA:26,1,0,0
BRDA:34,2,0,0
BRDA:34,2,1,0
BRDA:70,3,0,0
BRDA:70,3,1,0
BRDA:74,4,0,0
BRDA:74,4,1,0
BRDA:81,5,0,0
BRDA:81,5,1,0
BRDA:137,6,0,0
BRDA:137,6,1,0
BRDA:138,7,0,0
BRDA:138,7,1,0
BRDA:140,8,0,0
BRDA:140,8,1,0
BRDA:144,9,0,0
BRDA:144,9,1,0
BRDA:145,10,0,0
BRDA:145,10,1,0
BRDA:146,11,0,0
BRDA:146,11,1,0
BRDA:147,12,0,0
BRDA:147,12,1,0
BRDA:160,13,0,0
BRDA:160,13,1,0
BRDA:189,14,0,0
BRDA:189,14,1,0
BRDA:190,15,0,0
BRDA:190,15,1,0
BRDA:203,16,0,0
BRDA:203,16,1,0
BRDA:204,17,0,0
BRDA:204,17,1,0
BRDA:206,18,0,0
BRDA:206,18,1,0
BRDA:207,19,0,0
BRDA:207,19,1,0
BRDA:208,20,0,0
BRDA:208,20,1,0
BRDA:209,21,0,0
BRDA:209,21,1,0
BRDA:210,22,0,0
BRDA:210,22,1,0
BRDA:211,23,0,0
BRDA:211,23,1,0
BRDA:212,24,0,0
BRDA:212,24,1,0
BRDA:232,25,0,0
BRDA:232,25,1,0
BRDA:234,26,0,0
BRDA:234,26,1,0
BRDA:239,27,0,0
BRDA:239,27,1,0
BRDA:240,28,0,0
BRDA:240,28,1,0
BRDA:254,29,0,0
BRDA:254,29,1,0
BRDA:255,30,0,0
BRDA:255,30,1,0
BRF:61
BRH:0
end_of_record
TN:
SF:backend\src\services\hikerService.js
FN:18,(anonymous_0)
FN:51,(anonymous_1)
FN:75,(anonymous_2)
FN:97,(anonymous_3)
FNF:4
FNH:4
FNDA:5,(anonymous_0)
FNDA:1,(anonymous_1)
FNDA:6,(anonymous_2)
FNDA:2,(anonymous_3)
DA:18,3
DA:23,5
DA:24,5
DA:26,5
DA:27,1
DA:31,4
DA:32,1
DA:37,3
DA:38,3
DA:40,3
DA:48,3
DA:51,1
DA:52,1
DA:56,1
DA:58,1
DA:63,2
DA:64,2
DA:68,0
DA:75,3
DA:80,6
DA:81,6
DA:82,5
DA:83,1
DA:85,4
DA:87,1
DA:88,1
DA:90,0
DA:97,3
DA:102,2
DA:104,2
DA:105,2
DA:106,2
DA:107,4
DA:110,2
DA:115,2
DA:116,0
DA:118,2
DA:120,0
DA:121,0
DA:123,0
DA:124,0
DA:126,0
LF:42
LH:34
BRDA:26,0,0,1
BRDA:26,0,1,4
BRDA:26,1,0,5
BRDA:26,1,1,5
BRDA:26,1,2,4
BRDA:31,2,0,1
BRDA:31,2,1,3
BRDA:63,3,0,2
BRDA:63,3,1,0
BRDA:82,4,0,1
BRDA:82,4,1,4
BRDA:87,5,0,1
BRDA:87,5,1,0
BRDA:107,6,0,1
BRDA:107,6,1,3
BRDA:115,7,0,0
BRDA:115,7,1,2
BRDA:120,8,0,0
BRDA:120,8,1,0
BRDA:123,9,0,0
BRDA:123,9,1,0
BRF:21
BRH:14
end_of_record
TN:
SF:backend\src\services\refugeService.js
FN:17,(anonymous_0)
FN:68,(anonymous_1)
FN:92,(anonymous_2)
FN:114,(anonymous_3)
FN:132,(anonymous_4)
FNF:5
FNH:0
FNDA:0,(anonymous_0)
FNDA:0,(anonymous_1)
FNDA:0,(anonymous_2)
FNDA:0,(anonymous_3)
FNDA:0,(anonymous_4)
DA:17,3
DA:22,0
DA:32,0
DA:34,0
DA:35,0
DA:39,0
DA:40,0
DA:44,0
DA:45,0
DA:50,0
DA:51,0
DA:53,0
DA:66,0
DA:68,0
DA:69,0
DA:73,0
DA:75,0
DA:80,0
DA:81,0
DA:85,0
DA:92,3
DA:97,0
DA:98,0
DA:99,0
DA:100,0
DA:102,0
DA:104,0
DA:105,0
DA:107,0
DA:114,3
DA:119,0
DA:120,0
DA:123,0
DA:125,0
DA:132,3
DA:137,0
DA:138,0
DA:147,0
DA:148,0
DA:149,0
DA:152,0
DA:157,0
DA:158,0
DA:160,0
DA:162,0
DA:163,0
DA:165,0
DA:166,0
DA:168,0
LF:49
LH:4
BRDA:34,0,0,0
BRDA:34,0,1,0
BRDA:34,1,0,0
BRDA:34,1,1,0
BRDA:34,1,2,0
BRDA:39,2,0,0
BRDA:39,2,1,0
BRDA:44,3,0,0
BRDA:44,3,1,0
BRDA:80,4,0,0
BRDA:80,4,1,0
BRDA:99,5,0,0
BRDA:99,5,1,0
BRDA:104,6,0,0
BRDA:104,6,1,0
BRDA:149,7,0,0
BRDA:149,7,1,0
BRDA:157,8,0,0
BRDA:157,8,1,0
BRDA:162,9,0,0
BRDA:162,9,1,0
BRDA:165,10,0,0
BRDA:165,10,1,0
BRF:23
BRH:0
end_of_record
TN:
SF:backend\src\services\weatherService.js
FN:7,(anonymous_0)
FN:31,resolveSlotDates
FN:38,parseSlot
FN:61,isCacheValid
FN:71,fetchVenues
FN:92,fetchForecastFromApi
FN:102,(anonymous_6)
FN:103,(anonymous_7)
FN:104,(anonymous_8)
FN:107,(anonymous_9)
FN:108,(anonymous_10)
FN:109,(anonymous_11)
FN:122,findRemoteVenuesByName
FN:125,(anonymous_13)
FN:132,findRemoteVenueById
FN:135,(anonymous_15)
FN:136,(anonymous_16)
FN:148,findLocalVenuesByName
FN:160,findNearbyVenues
FN:176,findLocalVenueById
FN:186,seedLocations
FN:189,(anonymous_21)
FN:211,(anonymous_22)
FN:212,(anonymous_23)
FN:229,refreshLocationForecast
FN:256,getLocationForecast
FN:276,(anonymous_26)
FN:277,(anonymous_27)
FNF:28
FNH:0
FNDA:0,(anonymous_0)
FNDA:0,resolveSlotDates
FNDA:0,parseSlot
FNDA:0,isCacheValid
FNDA:0,fetchVenues
FNDA:0,fetchForecastFromApi
FNDA:0,(anonymous_6)
FNDA:0,(anonymous_7)
FNDA:0,(anonymous_8)
FNDA:0,(anonymous_9)
FNDA:0,(anonymous_10)
FNDA:0,(anonymous_11)
FNDA:0,findRemoteVenuesByName
FNDA:0,(anonymous_13)
FNDA:0,findRemoteVenueById
FNDA:0,(anonymous_15)
FNDA:0,(anonymous_16)
FNDA:0,findLocalVenuesByName
FNDA:0,findNearbyVenues
FNDA:0,findLocalVenueById
FNDA:0,seedLocations
FNDA:0,(anonymous_21)
FNDA:0,(anonymous_22)
FNDA:0,(anonymous_23)
FNDA:0,refreshLocationForecast
FNDA:0,getLocationForecast
FNDA:0,(anonymous_26)
FNDA:0,(anonymous_27)
DA:4,3
DA:5,3
DA:6,3
DA:7,3
DA:9,3
DA:10,3
DA:16,3
DA:17,3
DA:18,3
DA:32,0
DA:33,0
DA:34,0
DA:35,0
DA:39,0
DA:40,0
DA:62,0
DA:63,0
DA:64,0
DA:65,0
DA:66,0
DA:72,0
DA:73,0
DA:76,0
DA:81,0
DA:82,0
DA:84,0
DA:85,0
DA:87,0
DA:88,0
DA:89,0
DA:93,0
DA:94,0
DA:96,0
DA:97,0
DA:98,0
DA:99,0
DA:101,0
DA:102,0
DA:103,0
DA:104,0
DA:106,0
DA:107,0
DA:108,0
DA:109,0
DA:111,0
DA:123,0
DA:124,0
DA:125,0
DA:126,0
DA:133,0
DA:134,0
DA:135,0
DA:136,0
DA:149,0
DA:150,0
DA:152,0
DA:161,0
DA:170,0
DA:177,0
DA:187,0
DA:189,0
DA:210,0
DA:211,0
DA:212,0
DA:215,0
DA:216,0
DA:217,0
DA:220,0
DA:221,0
DA:222,0
DA:230,0
DA:231,0
DA:233,0
DA:234,0
DA:238,0
DA:241,0
DA:244,0
DA:246,0
DA:247,0
DA:257,0
DA:258,0
DA:261,0
DA:262,0
DA:264,0
DA:265,0
DA:268,0
DA:270,0
DA:271,0
DA:272,0
DA:275,0
DA:276,0
DA:277,0
DA:279,0
LF:93
LH:9
BRDA:45,0,0,0
BRDA:45,0,1,0
BRDA:46,1,0,0
BRDA:46,1,1,0
BRDA:47,2,0,0
BRDA:47,2,1,0
BRDA:48,3,0,0
BRDA:48,3,1,0
BRDA:49,4,0,0
BRDA:49,4,1,0
BRDA:50,5,0,0
BRDA:50,5,1,0
BRDA:51,6,0,0
BRDA:51,6,1,0
BRDA:52,7,0,0
BRDA:52,7,1,0
BRDA:53,8,0,0
BRDA:53,8,1,0
BRDA:54,9,0,0
BRDA:54,9,1,0
BRDA:55,10,0,0
BRDA:55,10,1,0
BRDA:56,11,0,0
BRDA:56,11,1,0
BRDA:57,12,0,0
BRDA:57,12,1,0
BRDA:62,13,0,0
BRDA:62,13,1,0
BRDA:64,14,0,0
BRDA:64,14,1,0
BRDA:65,15,0,0
BRDA:65,15,1,0
BRDA:65,16,0,0
BRDA:65,16,1,0
BRDA:72,17,0,0
BRDA:72,17,1,0
BRDA:72,18,0,0
BRDA:72,18,1,0
BRDA:72,18,2,0
BRDA:81,19,0,0
BRDA:81,19,1,0
BRDA:82,20,0,0
BRDA:82,20,1,0
BRDA:94,21,0,0
BRDA:94,21,1,0
BRDA:101,22,0,0
BRDA:101,22,1,0
BRDA:106,23,0,0
BRDA:106,23,1,0
BRDA:114,24,0,0
BRDA:114,24,1,0
BRDA:125,25,0,0
BRDA:125,25,1,0
BRDA:135,26,0,0
BRDA:135,26,1,0
BRDA:135,26,2,0
BRDA:148,27,0,0
BRDA:148,28,0,0
BRDA:150,29,0,0
BRDA:150,29,1,0
BRDA:160,30,0,0
BRDA:160,31,0,0
BRDA:160,32,0,0
BRDA:160,33,0,0
BRDA:168,34,0,0
BRDA:168,34,1,0
BRDA:197,35,0,0
BRDA:197,35,1,0
BRDA:215,36,0,0
BRDA:215,36,1,0
BRDA:231,37,0,0
BRDA:231,37,1,0
BRDA:233,38,0,0
BRDA:233,38,1,0
BRDA:256,39,0,0
BRDA:256,40,0,0
BRDA:258,41,0,0
BRDA:258,41,1,0
BRDA:261,42,0,0
BRDA:261,42,1,0
BRDA:265,43,0,0
BRDA:265,43,1,0
BRDA:270,44,0,0
BRDA:270,44,1,0
BRDA:270,45,0,0
BRDA:270,45,1,0
BRDA:276,46,0,0
BRDA:276,46,1,0
BRDA:277,47,0,0
BRDA:277,47,1,0
BRF:90
BRH:0
end_of_record
