TN:
SF:backend\src\app.js
FN:49,(anonymous_0)
FN:91,(anonymous_1)
FN:110,(anonymous_2)
FNF:3
FNH:1
FNDA:80,(anonymous_0)
FNDA:0,(anonymous_1)
FNDA:0,(anonymous_2)
DA:30,5
DA:34,5
DA:39,5
DA:44,5
DA:45,5
DA:49,5
DA:50,80
DA:51,0
DA:52,0
DA:53,0
DA:55,80
DA:59,5
DA:60,5
DA:63,5
DA:64,5
DA:67,5
DA:70,5
DA:73,5
DA:76,5
DA:77,5
DA:78,5
DA:79,5
DA:80,5
DA:81,5
DA:82,5
DA:91,5
DA:92,0
DA:93,0
DA:94,0
DA:95,0
DA:96,0
DA:98,0
DA:99,0
DA:101,0
DA:103,0
DA:104,0
DA:106,0
DA:110,5
DA:111,0
DA:112,0
DA:113,0
DA:114,0
DA:116,0
DA:117,0
DA:119,0
DA:123,5
DA:124,5
LF:47
LH:26
BRDA:50,0,0,0
BRDA:50,0,1,80
BRDA:95,1,0,0
BRDA:95,1,1,0
BRDA:98,2,0,0
BRDA:98,2,1,0
BRDA:113,3,0,0
BRDA:113,3,1,0
BRDA:116,4,0,0
BRDA:116,4,1,0
BRF:10
BRH:1
end_of_record
TN:
SF:backend\src\middleware\authMiddleware.js
FN:3,(anonymous_0)
FNF:1
FNH:1
FNDA:69,(anonymous_0)
DA:3,5
DA:4,69
DA:6,69
DA:7,10
DA:10,59
DA:11,59
DA:12,56
DA:13,56
DA:15,3
LF:9
LH:9
BRDA:6,0,0,10
BRDA:6,0,1,59
BRF:2
BRH:2
end_of_record
TN:
SF:backend\src\middleware\authorizationMiddleware.js
FN:1,(anonymous_0)
FN:1,(anonymous_1)
FNF:2
FNH:2
FNDA:15,(anonymous_0)
FNDA:4,(anonymous_1)
DA:1,15
DA:2,4
DA:3,2
DA:5,2
LF:4
LH:4
BRDA:2,0,0,2
BRDA:2,0,1,2
BRDA:2,1,0,4
BRDA:2,1,1,4
BRF:4
BRH:4
end_of_record
TN:
SF:backend\src\middleware\errorMiddleware.js
FN:2,(anonymous_0)
FN:23,(anonymous_1)
FNF:2
FNH:0
FNDA:0,(anonymous_0)
FNDA:0,(anonymous_1)
DA:2,5
DA:4,0
DA:6,0
DA:7,0
DA:12,0
DA:14,0
DA:18,0
DA:20,0
DA:23,5
DA:24,0
LF:10
LH:2
BRDA:6,0,0,0
BRDA:6,0,1,0
BRDA:12,1,0,0
BRDA:12,1,1,0
BRDA:16,2,0,0
BRDA:16,2,1,0
BRDA:18,3,0,0
BRDA:18,3,1,0
BRF:8
BRH:0
end_of_record
TN:
SF:backend\src\middleware\rateLimitMiddleware.js
FN:5,rateLimitHandler
FN:15,userOrIpKey
FN:77,(anonymous_2)
FNF:3
FNH:2
FNDA:0,rateLimitHandler
FNDA:99,userOrIpKey
FNDA:80,(anonymous_2)
DA:6,0
DA:7,0
DA:16,99
DA:17,57
DA:22,5
DA:32,5
DA:42,5
DA:51,5
DA:60,5
DA:70,5
DA:77,80
LF:11
LH:9
BRDA:16,0,0,42
BRDA:16,0,1,57
BRDA:77,1,0,80
BRDA:77,1,1,57
BRDA:77,1,2,57
BRF:5
BRH:5
end_of_record
TN:
SF:backend\src\middleware\securityMiddleware.js
FN:28,(anonymous_0)
FN:41,(anonymous_1)
FN:45,(anonymous_2)
FNF:3
FNH:2
FNDA:0,(anonymous_0)
FNDA:5,(anonymous_1)
FNDA:80,(anonymous_2)
DA:9,5
DA:27,5
DA:29,0
DA:35,5
DA:39,5
DA:41,5
DA:44,5
DA:46,80
DA:47,0
DA:48,0
DA:49,0
DA:60,5
LF:12
LH:8
BRDA:20,0,0,0
BRDA:20,0,1,5
BRDA:39,1,0,5
BRDA:39,1,1,5
BRDA:46,2,0,80
BRDA:46,2,1,0
BRDA:47,3,0,0
BRDA:47,3,1,0
BRDA:48,4,0,0
BRDA:48,4,1,0
BRF:10
BRH:4
end_of_record
TN:
SF:backend\src\middleware\validationMiddleware.js
FN:8,validate
FN:9,(anonymous_1)
FN:18,(anonymous_2)
FN:62,(anonymous_3)
FN:140,(anonymous_4)
FNF:5
FNH:4
FNDA:100,validate
FNDA:53,(anonymous_1)
FNDA:13,(anonymous_2)
FNDA:0,(anonymous_3)
FNDA:20,(anonymous_4)
DA:9,100
DA:10,53
DA:15,53
DA:16,10
DA:18,13
DA:21,43
DA:22,43
DA:28,5
DA:29,5
DA:30,5
DA:31,5
DA:33,5
DA:38,5
DA:44,5
DA:55,5
DA:59,5
DA:63,0
DA:64,0
DA:66,0
DA:71,5
DA:73,5
DA:78,5
DA:87,5
DA:104,5
DA:116,5
DA:120,5
DA:126,5
DA:138,5
DA:140,20
DA:143,5
DA:149,5
DA:161,5
DA:165,5
LF:33
LH:30
BRDA:8,0,0,55
BRDA:15,1,0,10
BRDA:15,1,1,43
BRDA:63,2,0,0
BRDA:63,2,1,0
BRDA:63,3,0,0
BRDA:63,3,1,0
BRF:7
BRH:3
end_of_record
TN:
SF:backend\src\models\activity.js
FNF:0
FNH:0
DA:6,5
DA:8,5
DA:52,5
DA:53,5
DA:55,5
LF:5
LH:5
BRF:0
BRH:0
end_of_record
TN:
SF:backend\src\models\admin.js
FNF:0
FNH:0
DA:13,5
DA:17,5
LF:2
LH:2
BRF:0
BRH:0
end_of_record
TN:
SF:backend\src\models\hikeSession.js
FNF:0
FNH:0
DA:2,5
DA:4,5
DA:103,5
DA:105,5
LF:4
LH:4
BRF:0
BRH:0
end_of_record
TN:
SF:backend\src\models\hiker.js
FNF:0
FNH:0
DA:13,5
DA:18,5
LF:2
LH:2
BRF:0
BRH:0
end_of_record
TN:
SF:backend\src\models\location.js
FNF:0
FNH:0
DA:4,5
DA:28,5
DA:57,5
DA:58,5
LF:4
LH:4
BRF:0
BRH:0
end_of_record
TN:
SF:backend\src\models\refuge.js
FNF:0
FNH:0
DA:14,5
DA:26,5
LF:2
LH:2
BRF:0
BRH:0
end_of_record
TN:
SF:backend\src\models\user.js
FNF:0
FNH:0
DA:2,5
DA:21,5
DA:61,5
DA:67,5
LF:4
LH:4
BRF:0
BRH:0
end_of_record
TN:
SF:backend\src\routes\activityRoutes.js
FN:30,(anonymous_0)
FN:40,(anonymous_1)
FN:50,(anonymous_2)
FN:62,(anonymous_3)
FNF:4
FNH:4
FNDA:8,(anonymous_0)
FNDA:1,(anonymous_1)
FNDA:3,(anonymous_2)
FNDA:2,(anonymous_3)
DA:24,5
DA:26,5
DA:27,5
DA:30,5
DA:31,8
DA:32,8
DA:33,8
DA:35,0
DA:40,5
DA:41,1
DA:42,1
DA:43,1
DA:45,0
DA:50,5
DA:51,3
DA:52,3
DA:53,1
DA:55,2
DA:56,1
DA:57,0
DA:62,5
DA:63,2
DA:64,2
DA:65,1
DA:67,1
DA:68,1
DA:69,0
LF:27
LH:23
BRDA:55,0,0,1
BRDA:55,0,1,1
BRDA:56,1,0,1
BRDA:56,1,1,0
BRDA:67,2,0,0
BRDA:67,2,1,1
BRDA:68,3,0,1
BRDA:68,3,1,0
BRF:8
BRH:5
end_of_record
TN:
SF:backend\src\routes\adminRoutes.js
FNF:0
FNH:0
DA:12,5
DA:26,5
DA:27,5
DA:29,5
DA:30,5
DA:31,5
DA:32,5
DA:33,5
LF:8
LH:8
BRF:0
BRH:0
end_of_record
TN:
SF:backend\src\routes\authRoutes.js
FNF:0
FNH:0
DA:25,5
DA:44,5
DA:45,5
DA:46,5
DA:47,5
DA:50,5
DA:53,5
DA:54,5
LF:8
LH:8
BRF:0
BRH:0
end_of_record
TN:
SF:backend\src\routes\hikeSessionRoutes.js
FN:36,(anonymous_0)
FN:72,(anonymous_1)
FN:97,(anonymous_2)
FN:108,(anonymous_3)
FN:118,(anonymous_4)
FN:129,(anonymous_5)
FN:147,(anonymous_6)
FN:172,(anonymous_7)
FN:185,(anonymous_8)
FN:201,(anonymous_9)
FN:214,(anonymous_10)
FNF:11
FNH:7
FNDA:11,(anonymous_0)
FNDA:4,(anonymous_1)
FNDA:1,(anonymous_2)
FNDA:2,(anonymous_3)
FNDA:0,(anonymous_4)
FNDA:0,(anonymous_5)
FNDA:2,(anonymous_6)
FNDA:0,(anonymous_7)
FNDA:2,(anonymous_8)
FNDA:0,(anonymous_9)
FNDA:2,(anonymous_10)
DA:29,5
DA:32,5
DA:33,5
DA:36,5
DA:46,11
DA:48,11
DA:49,0
DA:52,11
DA:53,11
DA:62,11
DA:63,11
DA:65,0
DA:66,0
DA:67,0
DA:72,5
DA:73,4
DA:75,4
DA:76,0
DA:79,4
DA:80,4
DA:81,3
DA:83,1
DA:84,0
DA:85,1
DA:86,1
DA:87,0
DA:88,0
DA:89,0
DA:90,0
DA:91,0
DA:97,5
DA:98,1
DA:99,1
DA:100,1
DA:101,1
DA:103,0
DA:108,5
DA:109,2
DA:110,2
DA:111,2
DA:113,0
DA:118,5
DA:119,0
DA:120,0
DA:121,0
DA:122,0
DA:126,0
DA:127,0
DA:128,0
DA:129,0
DA:130,0
DA:131,0
DA:133,0
DA:134,0
DA:136,0
DA:138,0
DA:143,5
DA:148,2
DA:149,2
DA:150,2
DA:155,1
DA:157,1
DA:158,0
DA:159,1
DA:160,1
DA:163,0
DA:168,5
DA:173,0
DA:174,0
DA:175,0
DA:177,0
DA:178,0
DA:179,0
DA:185,5
DA:186,2
DA:187,2
DA:188,1
DA:190,1
DA:191,1
DA:192,0
DA:197,5
DA:202,0
DA:203,0
DA:204,0
DA:206,0
DA:207,0
DA:208,0
DA:214,5
DA:215,2
DA:216,2
DA:217,1
DA:219,1
DA:220,0
DA:221,1
DA:222,1
DA:225,0
LF:96
LH:52
BRDA:48,0,0,0
BRDA:48,0,1,11
BRDA:48,1,0,11
BRDA:48,1,1,11
BRDA:54,2,0,11
BRDA:54,2,1,11
BRDA:55,3,0,11
BRDA:55,3,1,11
BRDA:56,4,0,11
BRDA:56,4,1,11
BRDA:57,5,0,11
BRDA:57,5,1,11
BRDA:58,6,0,11
BRDA:58,6,1,11
BRDA:59,7,0,11
BRDA:59,7,1,0
BRDA:60,8,0,11
BRDA:60,8,1,0
BRDA:65,9,0,0
BRDA:65,9,1,0
BRDA:75,10,0,0
BRDA:75,10,1,4
BRDA:83,11,0,0
BRDA:83,11,1,1
BRDA:85,12,0,1
BRDA:85,12,1,0
BRDA:87,13,0,0
BRDA:87,13,1,0
BRDA:89,14,0,0
BRDA:89,14,1,0
BRDA:98,15,0,1
BRDA:98,15,1,0
BRDA:121,16,0,0
BRDA:121,16,1,0
BRDA:128,17,0,0
BRDA:128,17,1,0
BRDA:129,18,0,0
BRDA:129,18,1,0
BRDA:130,19,0,0
BRDA:130,19,1,0
BRDA:133,20,0,0
BRDA:133,20,1,0
BRDA:133,21,0,0
BRDA:133,21,1,0
BRDA:133,21,2,0
BRDA:157,22,0,0
BRDA:157,22,1,1
BRDA:159,23,0,1
BRDA:159,23,1,0
BRDA:177,24,0,0
BRDA:177,24,1,0
BRDA:178,25,0,0
BRDA:178,25,1,0
BRDA:190,26,0,0
BRDA:190,26,1,1
BRDA:191,27,0,1
BRDA:191,27,1,0
BRDA:206,28,0,0
BRDA:206,28,1,0
BRDA:207,29,0,0
BRDA:207,29,1,0
BRDA:219,30,0,0
BRDA:219,30,1,1
BRDA:221,31,0,1
BRDA:221,31,1,0
BRF:65
BRH:25
end_of_record
TN:
SF:backend\src\routes\hikerRoutes.js
FNF:0
FNH:0
DA:5,5
DA:18,5
DA:19,5
DA:20,5
LF:4
LH:4
BRF:0
BRH:0
end_of_record
TN:
SF:backend\src\routes\refugeRoutes.js
FNF:0
FNH:0
DA:10,5
DA:23,5
DA:24,5
DA:25,5
DA:26,5
LF:5
LH:5
BRF:0
BRH:0
end_of_record
TN:
SF:backend\src\routes\weatherRoutes.js
FN:28,(anonymous_0)
FN:28,(anonymous_1)
FN:32,(anonymous_2)
FN:42,(anonymous_3)
FN:70,(anonymous_4)
FN:104,(anonymous_5)
FN:150,(anonymous_6)
FN:179,(anonymous_7)
FN:190,(anonymous_8)
FNF:9
FNH:7
FNDA:25,(anonymous_0)
FNDA:5,(anonymous_1)
FNDA:0,(anonymous_2)
FNDA:1,(anonymous_3)
FNDA:2,(anonymous_4)
FNDA:0,(anonymous_5)
FNDA:1,(anonymous_6)
FNDA:1,(anonymous_7)
FNDA:2,(anonymous_8)
DA:23,5
DA:28,25
DA:29,5
DA:32,5
DA:39,5
DA:43,1
DA:45,1
DA:46,1
DA:52,0
DA:57,0
DA:67,5
DA:71,2
DA:73,2
DA:74,1
DA:78,1
DA:88,1
DA:101,5
DA:105,0
DA:106,0
DA:108,0
DA:110,0
DA:146,5
DA:151,1
DA:153,1
DA:155,1
DA:175,5
DA:180,1
DA:181,0
DA:190,5
DA:191,2
DA:193,2
DA:194,2
LF:32
LH:25
BRDA:45,0,0,1
BRDA:45,0,1,0
BRDA:45,1,0,1
BRDA:45,1,1,1
BRDA:54,2,0,0
BRDA:54,2,1,0
BRDA:73,3,0,1
BRDA:73,3,1,1
BRDA:73,4,0,2
BRDA:73,4,1,1
BRDA:82,5,0,0
BRDA:82,5,1,1
BRDA:84,6,0,0
BRDA:84,6,1,1
BRDA:119,7,0,0
BRDA:119,7,1,0
BRDA:159,8,0,0
BRDA:159,8,1,0
BRDA:160,9,0,0
BRDA:160,9,1,0
BRDA:193,10,0,0
BRDA:193,10,1,2
BRF:22
BRH:10
end_of_record
TN:
SF:backend\src\services\activityService.js
FN:5,createActivity
FN:21,getActivitiesByUser
FN:25,getActivityById
FN:32,deleteActivity
FN:41,getCombinedActivityStats
FN:46,(anonymous_5)
FN:47,(anonymous_6)
FN:54,(anonymous_7)
FN:78,(anonymous_8)
FNF:9
FNH:8
FNDA:8,createActivity
FNDA:1,getActivitiesByUser
FNDA:3,getActivityById
FNDA:2,deleteActivity
FNDA:1,getCombinedActivityStats
FNDA:12,(anonymous_5)
FNDA:12,(anonymous_6)
FNDA:0,(anonymous_7)
FNDA:12,(anonymous_8)
DA:6,8
DA:17,8
DA:18,8
DA:22,1
DA:26,3
DA:27,3
DA:28,2
DA:29,1
DA:33,2
DA:34,2
DA:35,2
DA:36,1
DA:42,1
DA:44,1
DA:45,1
DA:46,12
DA:47,12
DA:49,1
DA:50,1
DA:51,1
DA:52,1
DA:54,1
DA:55,0
DA:56,0
DA:57,0
DA:58,0
DA:59,0
DA:60,0
DA:61,0
DA:62,0
DA:63,0
DA:64,0
DA:65,0
DA:66,0
DA:67,0
DA:68,0
DA:71,1
DA:79,12
LF:38
LH:24
BRDA:9,0,0,8
BRDA:9,0,1,0
BRDA:27,1,0,1
BRDA:27,1,1,2
BRDA:28,2,0,1
BRDA:28,2,1,1
BRDA:34,3,0,0
BRDA:34,3,1,2
BRDA:35,4,0,1
BRDA:35,4,1,1
BRDA:46,5,0,12
BRDA:46,5,1,12
BRDA:47,6,0,0
BRDA:47,6,1,12
BRDA:56,7,0,0
BRDA:56,7,1,0
BRDA:58,8,0,0
BRDA:58,8,1,0
BRDA:62,9,0,0
BRDA:62,9,1,0
BRDA:64,10,0,0
BRDA:64,10,1,0
BRDA:65,11,0,0
BRDA:65,11,1,0
BRDA:66,12,0,0
BRDA:66,12,1,0
BRDA:79,13,0,0
BRDA:79,13,1,12
BRF:28
BRH:12
end_of_record
TN:
SF:backend\src\services\adminService.js
FN:18,(anonymous_0)
FN:52,(anonymous_1)
FN:68,(anonymous_2)
FN:90,(anonymous_3)
FN:135,(anonymous_4)
FNF:5
FNH:0
FNDA:0,(anonymous_0)
FNDA:0,(anonymous_1)
FNDA:0,(anonymous_2)
FNDA:0,(anonymous_3)
FNDA:0,(anonymous_4)
DA:18,5
DA:23,0
DA:24,0
DA:25,0
DA:26,0
DA:30,0
DA:32,0
DA:38,0
DA:39,0
DA:40,0
DA:42,0
DA:43,0
DA:45,0
DA:52,5
DA:57,0
DA:58,0
DA:59,0
DA:61,0
DA:68,5
DA:73,0
DA:74,0
DA:75,0
DA:76,0
DA:78,0
DA:80,0
DA:81,0
DA:83,0
DA:90,5
DA:95,0
DA:96,0
DA:107,0
DA:108,0
DA:109,0
DA:112,0
DA:117,0
DA:118,0
DA:120,0
DA:122,0
DA:123,0
DA:125,0
DA:126,0
DA:128,0
DA:135,5
DA:140,0
DA:141,0
DA:142,0
DA:143,0
DA:145,0
DA:147,0
DA:148,0
DA:150,0
LF:51
LH:5
BRDA:25,0,0,0
BRDA:25,0,1,0
BRDA:25,1,0,0
BRDA:25,1,1,0
BRDA:25,1,2,0
BRDA:42,2,0,0
BRDA:42,2,1,0
BRDA:75,3,0,0
BRDA:75,3,1,0
BRDA:80,4,0,0
BRDA:80,4,1,0
BRDA:109,5,0,0
BRDA:109,5,1,0
BRDA:117,6,0,0
BRDA:117,6,1,0
BRDA:122,7,0,0
BRDA:122,7,1,0
BRDA:125,8,0,0
BRDA:125,8,1,0
BRDA:142,9,0,0
BRDA:142,9,1,0
BRDA:147,10,0,0
BRDA:147,10,1,0
BRF:23
BRH:0
end_of_record
TN:
SF:backend\src\services\authService.js
FN:7,(anonymous_0)
FN:29,(anonymous_1)
FN:54,(anonymous_2)
FN:78,(anonymous_3)
FN:108,(anonymous_4)
FNF:5
FNH:1
FNDA:0,(anonymous_0)
FNDA:4,(anonymous_1)
FNDA:0,(anonymous_2)
FNDA:0,(anonymous_3)
FNDA:0,(anonymous_4)
DA:7,5
DA:8,0
DA:9,0
DA:10,0
DA:11,0
DA:12,0
DA:14,0
DA:15,0
DA:16,0
DA:17,0
DA:22,0
DA:24,0
DA:25,0
DA:29,5
DA:30,4
DA:31,4
DA:32,4
DA:33,4
DA:35,3
DA:36,3
DA:38,2
DA:39,1
DA:43,1
DA:48,1
DA:50,0
DA:54,5
DA:55,0
DA:56,0
DA:57,0
DA:59,0
DA:60,0
DA:61,0
DA:62,0
DA:63,0
DA:64,0
DA:65,0
DA:66,0
DA:68,0
DA:72,0
DA:74,0
DA:78,5
DA:79,0
DA:82,0
DA:83,0
DA:85,0
DA:108,5
DA:109,0
DA:110,0
DA:111,0
DA:112,0
DA:113,0
DA:115,0
DA:116,0
DA:118,0
DA:119,0
DA:120,0
DA:123,0
DA:127,0
DA:128,0
DA:129,0
DA:132,0
DA:133,0
DA:134,0
DA:135,0
DA:137,0
DA:138,0
DA:143,0
DA:144,0
LF:68
LH:15
BRDA:11,0,0,0
BRDA:11,0,1,0
BRDA:20,1,0,0
BRDA:20,1,1,0
BRDA:33,2,0,1
BRDA:33,2,1,3
BRDA:36,3,0,1
BRDA:36,3,1,2
BRDA:38,4,0,1
BRDA:38,4,1,1
BRDA:46,5,0,1
BRDA:46,5,1,1
BRDA:57,6,0,0
BRDA:57,6,1,0
BRDA:60,7,0,0
BRDA:60,7,1,0
BRDA:82,8,0,0
BRDA:82,8,1,0
BRDA:82,9,0,0
BRDA:82,9,1,0
BRDA:115,10,0,0
BRDA:115,10,1,0
BRDA:115,11,0,0
BRDA:115,11,1,0
BRDA:118,12,0,0
BRDA:118,12,1,0
BRDA:118,13,0,0
BRDA:118,13,1,0
BRDA:119,14,0,0
BRDA:119,14,1,0
BRDA:127,15,0,0
BRDA:127,15,1,0
BRDA:128,16,0,0
BRDA:128,16,1,0
BRDA:137,17,0,0
BRDA:137,17,1,0
BRDA:143,18,0,0
BRDA:143,18,1,0
BRF:38
BRH:8
end_of_record
TN:
SF:backend\src\services\emailService.js
FN:36,extractEmail
FN:47,htmlToPlainText
FN:62,sendEmail
FN:128,(anonymous_3)
FN:194,(anonymous_4)
FNF:5
FNH:0
FNDA:0,extractEmail
FNDA:0,htmlToPlainText
FNDA:0,sendEmail
FNDA:0,(anonymous_3)
FNDA:0,(anonymous_4)
DA:23,5
DA:37,0
DA:38,0
DA:39,0
DA:48,0
DA:63,0
DA:64,0
DA:65,0
DA:68,0
DA:69,0
DA:71,0
DA:72,0
DA:76,0
DA:77,0
DA:79,0
DA:81,0
DA:99,0
DA:100,0
DA:110,0
DA:111,0
DA:114,0
DA:115,0
DA:116,0
DA:117,0
DA:120,0
DA:121,0
DA:128,5
DA:129,0
DA:131,0
DA:194,5
DA:195,0
DA:197,0
LF:32
LH:3
BRDA:23,0,0,5
BRDA:23,0,1,5
BRDA:37,1,0,0
BRDA:37,1,1,0
BRDA:39,2,0,0
BRDA:39,2,1,0
BRDA:68,3,0,0
BRDA:68,3,1,0
BRDA:71,4,0,0
BRDA:71,4,1,0
BRDA:76,5,0,0
BRDA:76,5,1,0
BRDA:114,6,0,0
BRDA:114,6,1,0
BRF:14
BRH:2
end_of_record
TN:
SF:backend\src\services\hikeSessionService.js
FN:7,generateInviteCode
FN:15,checkUserAlreadyInActiveSession
FN:27,createSession
FN:64,joinSession
FN:80,(anonymous_4)
FN:121,getActivityStats
FN:137,(anonymous_6)
FN:167,(anonymous_7)
FN:178,getSessionById
FN:189,getSessionsByUser
FN:199,leaveSession
FN:204,(anonymous_11)
FN:213,updateSessionDetails
FN:246,completeSession
FN:252,(anonymous_14)
FN:276,updateSessionStatus
FN:298,deleteSession
FNF:17
FNH:12
FNDA:11,generateInviteCode
FNDA:15,checkUserAlreadyInActiveSession
FNDA:11,createSession
FNDA:4,joinSession
FNDA:3,(anonymous_4)
FNDA:1,getActivityStats
FNDA:0,(anonymous_6)
FNDA:12,(anonymous_7)
FNDA:0,getSessionById
FNDA:2,getSessionsByUser
FNDA:2,leaveSession
FNDA:2,(anonymous_11)
FNDA:0,updateSessionDetails
FNDA:0,completeSession
FNDA:0,(anonymous_14)
FNDA:2,updateSessionStatus
FNDA:2,deleteSession
DA:8,11
DA:16,15
DA:21,15
DA:22,0
DA:28,11
DA:30,11
DA:32,11
DA:33,11
DA:34,11
DA:35,11
DA:38,11
DA:47,11
DA:50,11
DA:60,11
DA:69,4
DA:70,4
DA:71,4
DA:72,1
DA:75,3
DA:76,0
DA:79,3
DA:80,3
DA:82,3
DA:83,0
DA:86,3
DA:87,3
DA:89,3
DA:101,3
DA:122,1
DA:127,1
DA:128,1
DA:129,1
DA:130,1
DA:132,1
DA:133,1
DA:134,1
DA:135,1
DA:137,1
DA:138,0
DA:139,0
DA:140,0
DA:141,0
DA:142,0
DA:143,0
DA:144,0
DA:147,0
DA:150,0
DA:151,0
DA:152,0
DA:153,0
DA:154,0
DA:155,0
DA:156,0
DA:157,0
DA:160,1
DA:168,12
DA:174,1
DA:183,0
DA:190,2
DA:200,2
DA:201,2
DA:202,2
DA:203,1
DA:204,2
DA:206,1
DA:209,1
DA:214,0
DA:215,0
DA:216,0
DA:218,0
DA:219,0
DA:220,0
DA:221,0
DA:222,0
DA:223,0
DA:224,0
DA:226,0
DA:230,0
DA:247,0
DA:248,0
DA:250,0
DA:251,0
DA:252,0
DA:254,0
DA:256,0
DA:257,0
DA:259,0
DA:260,0
DA:271,0
DA:272,0
DA:281,2
DA:283,2
DA:285,2
DA:286,1
DA:289,1
DA:290,1
DA:291,1
DA:293,1
DA:294,1
DA:303,2
DA:305,2
DA:306,2
DA:307,1
DA:310,1
LF:104
LH:60
BRDA:21,0,0,0
BRDA:21,0,1,15
BRDA:27,1,0,0
BRDA:35,2,0,11
BRDA:35,2,1,0
BRDA:71,3,0,1
BRDA:71,3,1,3
BRDA:75,4,0,0
BRDA:75,4,1,3
BRDA:82,5,0,0
BRDA:82,5,1,3
BRDA:138,6,0,0
BRDA:138,6,1,0
BRDA:139,7,0,0
BRDA:139,7,1,0
BRDA:141,8,0,0
BRDA:141,8,1,0
BRDA:147,9,0,0
BRDA:147,9,1,0
BRDA:149,10,0,0
BRDA:149,10,1,0
BRDA:150,11,0,0
BRDA:150,11,1,0
BRDA:150,11,2,0
BRDA:151,12,0,0
BRDA:151,12,1,0
BRDA:151,12,2,0
BRDA:155,13,0,0
BRDA:155,13,1,0
BRDA:168,14,0,0
BRDA:168,14,1,12
BRDA:201,15,0,0
BRDA:201,15,1,2
BRDA:202,16,0,1
BRDA:202,16,1,1
BRDA:215,17,0,0
BRDA:215,17,1,0
BRDA:216,18,0,0
BRDA:216,18,1,0
BRDA:218,19,0,0
BRDA:218,19,1,0
BRDA:219,20,0,0
BRDA:219,20,1,0
BRDA:220,21,0,0
BRDA:220,21,1,0
BRDA:221,22,0,0
BRDA:221,22,1,0
BRDA:222,23,0,0
BRDA:222,23,1,0
BRDA:223,24,0,0
BRDA:223,24,1,0
BRDA:224,25,0,0
BRDA:224,25,1,0
BRDA:246,26,0,0
BRDA:248,27,0,0
BRDA:248,27,1,0
BRDA:254,28,0,0
BRDA:254,28,1,0
BRDA:254,29,0,0
BRDA:254,29,1,0
BRDA:259,30,0,0
BRDA:259,30,1,0
BRDA:259,31,0,0
BRDA:259,31,1,0
BRDA:283,32,0,0
BRDA:283,32,1,2
BRDA:285,33,0,1
BRDA:285,33,1,1
BRDA:290,34,0,1
BRDA:290,34,1,0
BRDA:291,35,0,0
BRDA:291,35,1,1
BRDA:305,36,0,0
BRDA:305,36,1,2
BRDA:306,37,0,1
BRDA:306,37,1,1
BRF:76
BRH:18
end_of_record
TN:
SF:backend\src\services\hikerService.js
FN:18,(anonymous_0)
FN:51,(anonymous_1)
FN:75,(anonymous_2)
FN:97,(anonymous_3)
FNF:4
FNH:3
FNDA:1,(anonymous_0)
FNDA:0,(anonymous_1)
FNDA:5,(anonymous_2)
FNDA:2,(anonymous_3)
DA:18,5
DA:23,1
DA:24,1
DA:26,1
DA:27,0
DA:31,1
DA:32,0
DA:37,1
DA:38,1
DA:40,1
DA:48,1
DA:51,0
DA:52,0
DA:56,0
DA:58,0
DA:63,1
DA:64,1
DA:68,0
DA:75,5
DA:80,5
DA:81,5
DA:82,4
DA:83,1
DA:85,3
DA:87,1
DA:88,1
DA:90,0
DA:97,5
DA:102,2
DA:104,2
DA:105,2
DA:106,2
DA:107,0
DA:111,2
DA:112,2
DA:113,2
DA:114,4
DA:117,2
DA:122,2
DA:123,0
DA:125,2
DA:127,0
DA:128,0
DA:130,0
DA:131,0
DA:133,0
LF:46
LH:31
BRDA:26,0,0,0
BRDA:26,0,1,1
BRDA:26,1,0,1
BRDA:26,1,1,1
BRDA:26,1,2,1
BRDA:31,2,0,0
BRDA:31,2,1,1
BRDA:63,3,0,1
BRDA:63,3,1,0
BRDA:82,4,0,1
BRDA:82,4,1,3
BRDA:87,5,0,1
BRDA:87,5,1,0
BRDA:106,6,0,0
BRDA:106,6,1,2
BRDA:106,7,0,2
BRDA:106,7,1,0
BRDA:114,8,0,1
BRDA:114,8,1,3
BRDA:122,9,0,0
BRDA:122,9,1,2
BRDA:127,10,0,0
BRDA:127,10,1,0
BRDA:130,11,0,0
BRDA:130,11,1,0
BRF:25
BRH:14
end_of_record
TN:
SF:backend\src\services\refugeService.js
FN:17,(anonymous_0)
FN:68,(anonymous_1)
FN:92,(anonymous_2)
FN:114,(anonymous_3)
FN:132,(anonymous_4)
FNF:5
FNH:0
FNDA:0,(anonymous_0)
FNDA:0,(anonymous_1)
FNDA:0,(anonymous_2)
FNDA:0,(anonymous_3)
FNDA:0,(anonymous_4)
DA:17,5
DA:22,0
DA:32,0
DA:34,0
DA:35,0
DA:39,0
DA:40,0
DA:44,0
DA:45,0
DA:50,0
DA:51,0
DA:53,0
DA:66,0
DA:68,0
DA:69,0
DA:73,0
DA:75,0
DA:80,0
DA:81,0
DA:85,0
DA:92,5
DA:97,0
DA:98,0
DA:99,0
DA:100,0
DA:102,0
DA:104,0
DA:105,0
DA:107,0
DA:114,5
DA:119,0
DA:120,0
DA:123,0
DA:125,0
DA:132,5
DA:137,0
DA:139,0
DA:140,0
DA:141,0
DA:142,0
DA:145,0
DA:154,0
DA:155,0
DA:156,0
DA:159,0
DA:164,0
DA:165,0
DA:167,0
DA:169,0
DA:170,0
DA:172,0
DA:173,0
DA:175,0
LF:53
LH:4
BRDA:34,0,0,0
BRDA:34,0,1,0
BRDA:34,1,0,0
BRDA:34,1,1,0
BRDA:34,1,2,0
BRDA:39,2,0,0
BRDA:39,2,1,0
BRDA:44,3,0,0
BRDA:44,3,1,0
BRDA:80,4,0,0
BRDA:80,4,1,0
BRDA:99,5,0,0
BRDA:99,5,1,0
BRDA:104,6,0,0
BRDA:104,6,1,0
BRDA:141,7,0,0
BRDA:141,7,1,0
BRDA:141,8,0,0
BRDA:141,8,1,0
BRDA:156,9,0,0
BRDA:156,9,1,0
BRDA:164,10,0,0
BRDA:164,10,1,0
BRDA:169,11,0,0
BRDA:169,11,1,0
BRDA:172,12,0,0
BRDA:172,12,1,0
BRF:27
BRH:0
end_of_record
TN:
SF:backend\src\services\weatherService.js
FN:7,(anonymous_0)
FN:31,resolveSlotDates
FN:38,parseSlot
FN:61,isCacheValid
FN:71,fetchVenues
FN:92,fetchForecastFromApi
FN:102,(anonymous_6)
FN:103,(anonymous_7)
FN:104,(anonymous_8)
FN:107,(anonymous_9)
FN:108,(anonymous_10)
FN:109,(anonymous_11)
FN:122,findRemoteVenuesByName
FN:125,(anonymous_13)
FN:132,findRemoteVenueById
FN:135,(anonymous_15)
FN:136,(anonymous_16)
FN:148,findLocalVenuesByName
FN:160,findNearbyVenues
FN:176,findLocalVenueById
FN:186,seedLocations
FN:189,(anonymous_21)
FN:211,(anonymous_22)
FN:212,(anonymous_23)
FN:229,refreshLocationForecast
FN:256,getLocationForecast
FN:276,(anonymous_26)
FN:277,(anonymous_27)
FNF:28
FNH:4
FNDA:0,(anonymous_0)
FNDA:0,resolveSlotDates
FNDA:0,parseSlot
FNDA:0,isCacheValid
FNDA:1,fetchVenues
FNDA:0,fetchForecastFromApi
FNDA:0,(anonymous_6)
FNDA:0,(anonymous_7)
FNDA:0,(anonymous_8)
FNDA:0,(anonymous_9)
FNDA:0,(anonymous_10)
FNDA:0,(anonymous_11)
FNDA:0,findRemoteVenuesByName
FNDA:0,(anonymous_13)
FNDA:0,findRemoteVenueById
FNDA:0,(anonymous_15)
FNDA:0,(anonymous_16)
FNDA:0,findLocalVenuesByName
FNDA:1,findNearbyVenues
FNDA:0,findLocalVenueById
FNDA:1,seedLocations
FNDA:0,(anonymous_21)
FNDA:0,(anonymous_22)
FNDA:0,(anonymous_23)
FNDA:1,refreshLocationForecast
FNDA:0,getLocationForecast
FNDA:0,(anonymous_26)
FNDA:0,(anonymous_27)
DA:4,5
DA:5,5
DA:6,5
DA:7,5
DA:9,5
DA:10,5
DA:16,5
DA:17,5
DA:18,5
DA:32,0
DA:33,0
DA:34,0
DA:35,0
DA:39,0
DA:40,0
DA:62,0
DA:63,0
DA:64,0
DA:65,0
DA:66,0
DA:72,1
DA:73,0
DA:76,1
DA:81,0
DA:82,0
DA:84,0
DA:85,0
DA:87,0
DA:88,0
DA:89,0
DA:93,0
DA:94,0
DA:96,0
DA:97,0
DA:98,0
DA:99,0
DA:101,0
DA:102,0
DA:103,0
DA:104,0
DA:106,0
DA:107,0
DA:108,0
DA:109,0
DA:111,0
DA:123,0
DA:124,0
DA:125,0
DA:126,0
DA:133,0
DA:134,0
DA:135,0
DA:136,0
DA:149,0
DA:150,0
DA:152,0
DA:161,1
DA:170,1
DA:177,0
DA:187,1
DA:189,0
DA:210,0
DA:211,0
DA:212,0
DA:215,0
DA:216,0
DA:217,0
DA:220,0
DA:221,0
DA:222,0
DA:230,1
DA:231,1
DA:233,0
DA:234,0
DA:238,0
DA:241,0
DA:244,0
DA:246,0
DA:247,0
DA:257,0
DA:258,0
DA:261,0
DA:262,0
DA:264,0
DA:265,0
DA:268,0
DA:270,0
DA:271,0
DA:272,0
DA:275,0
DA:276,0
DA:277,0
DA:279,0
LF:93
LH:16
BRDA:45,0,0,0
BRDA:45,0,1,0
BRDA:46,1,0,0
BRDA:46,1,1,0
BRDA:47,2,0,0
BRDA:47,2,1,0
BRDA:48,3,0,0
BRDA:48,3,1,0
BRDA:49,4,0,0
BRDA:49,4,1,0
BRDA:50,5,0,0
BRDA:50,5,1,0
BRDA:51,6,0,0
BRDA:51,6,1,0
BRDA:52,7,0,0
BRDA:52,7,1,0
BRDA:53,8,0,0
BRDA:53,8,1,0
BRDA:54,9,0,0
BRDA:54,9,1,0
BRDA:55,10,0,0
BRDA:55,10,1,0
BRDA:56,11,0,0
BRDA:56,11,1,0
BRDA:57,12,0,0
BRDA:57,12,1,0
BRDA:62,13,0,0
BRDA:62,13,1,0
BRDA:64,14,0,0
BRDA:64,14,1,0
BRDA:65,15,0,0
BRDA:65,15,1,0
BRDA:65,16,0,0
BRDA:65,16,1,0
BRDA:72,17,0,0
BRDA:72,17,1,1
BRDA:72,18,0,1
BRDA:72,18,1,0
BRDA:72,18,2,0
BRDA:81,19,0,0
BRDA:81,19,1,0
BRDA:82,20,0,0
BRDA:82,20,1,0
BRDA:94,21,0,0
BRDA:94,21,1,0
BRDA:101,22,0,0
BRDA:101,22,1,0
BRDA:106,23,0,0
BRDA:106,23,1,0
BRDA:114,24,0,0
BRDA:114,24,1,0
BRDA:125,25,0,0
BRDA:125,25,1,0
BRDA:135,26,0,0
BRDA:135,26,1,0
BRDA:135,26,2,0
BRDA:148,27,0,0
BRDA:148,28,0,0
BRDA:150,29,0,0
BRDA:150,29,1,0
BRDA:160,30,0,0
BRDA:160,31,0,0
BRDA:160,32,0,1
BRDA:160,33,0,0
BRDA:168,34,0,0
BRDA:168,34,1,1
BRDA:197,35,0,0
BRDA:197,35,1,0
BRDA:215,36,0,0
BRDA:215,36,1,0
BRDA:231,37,0,1
BRDA:231,37,1,0
BRDA:233,38,0,0
BRDA:233,38,1,0
BRDA:256,39,0,0
BRDA:256,40,0,0
BRDA:258,41,0,0
BRDA:258,41,1,0
BRDA:261,42,0,0
BRDA:261,42,1,0
BRDA:265,43,0,0
BRDA:265,43,1,0
BRDA:270,44,0,0
BRDA:270,44,1,0
BRDA:270,45,0,0
BRDA:270,45,1,0
BRDA:276,46,0,0
BRDA:276,46,1,0
BRDA:277,47,0,0
BRDA:277,47,1,0
BRF:90
BRH:5
end_of_record
